<?xml version="1.0" encoding="utf-8"?>
<CoverageSession xmlns:xsd="http://www.w3.org/2001/XMLSchema" xmlns:xsi="http://www.w3.org/2001/XMLSchema-instance" Version="4.6.0.0">
  <Summary numSequencePoints="125" visitedSequencePoints="125" numBranchPoints="36" visitedBranchPoints="36" sequenceCoverage="100" branchCoverage="100" maxCyclomaticComplexity="5" minCyclomaticComplexity="1" maxCrapScore="5" minCrapScore="1" visitedClasses="10" numClasses="10" visitedMethods="26" numMethods="26" />
  <Modules>
    <Module hash="21-C2-AA-6E-5D-F4-86-D2-4F-24-03-B7-0A-99-E6-B8-13-8E-AC-75">
      <Summary numSequencePoints="49" visitedSequencePoints="49" numBranchPoints="19" visitedBranchPoints="19" sequenceCoverage="100" branchCoverage="100" maxCyclomaticComplexity="5" minCyclomaticComplexity="0" maxCrapScore="5" minCrapScore="0" visitedClasses="3" numClasses="3" visitedMethods="9" numMethods="9" />
      <ModulePath>C:\Users\ndduser\Desktop\Skywalkers\SkyWalkers\ws-banco-tabajara\BancoTabajara\BancoTabajara.Applications.Tests\bin\Debug\BancoTabajara.Domain.dll</ModulePath>
      <ModuleTime>2018-07-25T17:25:11.4295937Z</ModuleTime>
      <ModuleName>BancoTabajara.Domain</ModuleName>
      <Files>
        <File uid="1" fullPath="C:\Users\ndduser\Desktop\Skywalkers\SkyWalkers\ws-banco-tabajara\BancoTabajara\BancoTabajara.Domain\Features\Movimentacoes\Movimentacao.cs" />
        <File uid="2" fullPath="C:\Users\ndduser\Desktop\Skywalkers\SkyWalkers\ws-banco-tabajara\BancoTabajara\BancoTabajara.Domain\Features\Contas\Conta.cs" />
        <File uid="4" fullPath="C:\Users\ndduser\Desktop\Skywalkers\SkyWalkers\ws-banco-tabajara\BancoTabajara\BancoTabajara.Domain\Features\Clientes\Cliente.cs" />
      </Files>
      <Classes>
        <Class>
          <Summary numSequencePoints="5" visitedSequencePoints="5" numBranchPoints="1" visitedBranchPoints="1" sequenceCoverage="100" branchCoverage="100" maxCyclomaticComplexity="1" minCyclomaticComplexity="1" maxCrapScore="2" minCrapScore="1" visitedClasses="1" numClasses="1" visitedMethods="1" numMethods="1" />
          <FullName>BancoTabajara.Domain.Features.Movimentacoes.Movimentacao</FullName>
          <Methods>
            <Method skippedDueTo="AutoImplementedProperty" visited="false" cyclomaticComplexity="1" nPathComplexity="0" sequenceCoverage="0" branchCoverage="0" crapScore="0" isConstructor="false" isStatic="false" isGetter="true" isSetter="false">
              <MetadataToken>100663297</MetadataToken>
              <Name>System.DateTime BancoTabajara.Domain.Features.Movimentacoes.Movimentacao::get_Data()</Name>
              <FileRef uid="1" />
              <SequencePoints />
              <BranchPoints />
            </Method>
            <Method skippedDueTo="AutoImplementedProperty" visited="false" cyclomaticComplexity="1" nPathComplexity="0" sequenceCoverage="0" branchCoverage="0" crapScore="0" isConstructor="false" isStatic="false" isGetter="false" isSetter="true">
              <MetadataToken>100663298</MetadataToken>
              <Name>System.Void BancoTabajara.Domain.Features.Movimentacoes.Movimentacao::set_Data(System.DateTime)</Name>
              <FileRef uid="1" />
              <SequencePoints />
              <BranchPoints />
            </Method>
            <Method skippedDueTo="AutoImplementedProperty" visited="false" cyclomaticComplexity="1" nPathComplexity="0" sequenceCoverage="0" branchCoverage="0" crapScore="0" isConstructor="false" isStatic="false" isGetter="true" isSetter="false">
              <MetadataToken>100663299</MetadataToken>
              <Name>System.Double BancoTabajara.Domain.Features.Movimentacoes.Movimentacao::get_Valor()</Name>
              <FileRef uid="1" />
              <SequencePoints />
              <BranchPoints />
            </Method>
            <Method skippedDueTo="AutoImplementedProperty" visited="false" cyclomaticComplexity="1" nPathComplexity="0" sequenceCoverage="0" branchCoverage="0" crapScore="0" isConstructor="false" isStatic="false" isGetter="false" isSetter="true">
              <MetadataToken>100663300</MetadataToken>
              <Name>System.Void BancoTabajara.Domain.Features.Movimentacoes.Movimentacao::set_Valor(System.Double)</Name>
              <FileRef uid="1" />
              <SequencePoints />
              <BranchPoints />
            </Method>
            <Method skippedDueTo="AutoImplementedProperty" visited="false" cyclomaticComplexity="1" nPathComplexity="0" sequenceCoverage="0" branchCoverage="0" crapScore="0" isConstructor="false" isStatic="false" isGetter="true" isSetter="false">
              <MetadataToken>100663301</MetadataToken>
              <Name>BancoTabajara.Domain.Features.Movimentacoes.TipoOperacaoEnum BancoTabajara.Domain.Features.Movimentacoes.Movimentacao::get_TipoOperacao()</Name>
              <FileRef uid="1" />
              <SequencePoints />
              <BranchPoints />
            </Method>
            <Method skippedDueTo="AutoImplementedProperty" visited="false" cyclomaticComplexity="1" nPathComplexity="0" sequenceCoverage="0" branchCoverage="0" crapScore="0" isConstructor="false" isStatic="false" isGetter="false" isSetter="true">
              <MetadataToken>100663302</MetadataToken>
              <Name>System.Void BancoTabajara.Domain.Features.Movimentacoes.Movimentacao::set_TipoOperacao(BancoTabajara.Domain.Features.Movimentacoes.TipoOperacaoEnum)</Name>
              <FileRef uid="1" />
              <SequencePoints />
              <BranchPoints />
            </Method>
            <Method skippedDueTo="AutoImplementedProperty" visited="false" cyclomaticComplexity="1" nPathComplexity="0" sequenceCoverage="0" branchCoverage="0" crapScore="0" isConstructor="false" isStatic="false" isGetter="true" isSetter="false">
              <MetadataToken>100663303</MetadataToken>
              <Name>BancoTabajara.Domain.Features.Contas.Conta BancoTabajara.Domain.Features.Movimentacoes.Movimentacao::get_Conta()</Name>
              <FileRef uid="1" />
              <SequencePoints />
              <BranchPoints />
            </Method>
            <Method skippedDueTo="AutoImplementedProperty" visited="false" cyclomaticComplexity="1" nPathComplexity="0" sequenceCoverage="0" branchCoverage="0" crapScore="0" isConstructor="false" isStatic="false" isGetter="false" isSetter="true">
              <MetadataToken>100663304</MetadataToken>
              <Name>System.Void BancoTabajara.Domain.Features.Movimentacoes.Movimentacao::set_Conta(BancoTabajara.Domain.Features.Contas.Conta)</Name>
              <FileRef uid="1" />
              <SequencePoints />
              <BranchPoints />
            </Method>
            <Method visited="true" cyclomaticComplexity="1" nPathComplexity="0" sequenceCoverage="100" branchCoverage="100" crapScore="1" isConstructor="false" isStatic="false" isGetter="false" isSetter="false">
              <Summary numSequencePoints="5" visitedSequencePoints="5" numBranchPoints="1" visitedBranchPoints="1" sequenceCoverage="100" branchCoverage="100" maxCyclomaticComplexity="1" minCyclomaticComplexity="1" maxCrapScore="1" minCrapScore="1" visitedClasses="0" numClasses="0" visitedMethods="1" numMethods="1" />
              <MetadataToken>100663305</MetadataToken>
              <Name>System.Void BancoTabajara.Domain.Features.Movimentacoes.Movimentacao::ObterMovimentacao(BancoTabajara.Domain.Features.Movimentacoes.TipoOperacaoEnum,System.Double)</Name>
              <FileRef uid="1" />
              <SequencePoints>
                <SequencePoint vc="4" uspid="1" ordinal="0" offset="0" sl="19" sc="9" el="19" ec="10" bec="0" bev="0" fileid="1" />
                <SequencePoint vc="4" uspid="2" ordinal="1" offset="1" sl="20" sc="13" el="20" ec="41" bec="0" bev="0" fileid="1" />
                <SequencePoint vc="4" uspid="3" ordinal="2" offset="9" sl="21" sc="13" el="21" ec="27" bec="0" bev="0" fileid="1" />
                <SequencePoint vc="4" uspid="4" ordinal="3" offset="17" sl="22" sc="13" el="22" ec="33" bec="0" bev="0" fileid="1" />
                <SequencePoint vc="4" uspid="5" ordinal="4" offset="29" sl="23" sc="9" el="23" ec="10" bec="0" bev="0" fileid="1" />
              </SequencePoints>
              <BranchPoints />
              <MethodPoint xsi:type="SequencePoint" vc="4" uspid="1" ordinal="0" offset="0" sl="19" sc="9" el="19" ec="10" bec="0" bev="0" fileid="1" />
            </Method>
            <Method visited="false" cyclomaticComplexity="1" nPathComplexity="0" sequenceCoverage="0" branchCoverage="0" crapScore="2" isConstructor="true" isStatic="false" isGetter="false" isSetter="false">
              <Summary numSequencePoints="0" visitedSequencePoints="0" numBranchPoints="0" visitedBranchPoints="0" sequenceCoverage="0" branchCoverage="0" maxCyclomaticComplexity="1" minCyclomaticComplexity="1" maxCrapScore="2" minCrapScore="2" visitedClasses="0" numClasses="0" visitedMethods="0" numMethods="0" />
              <MetadataToken>100663306</MetadataToken>
              <Name>System.Void BancoTabajara.Domain.Features.Movimentacoes.Movimentacao::.ctor()</Name>
              <SequencePoints />
              <BranchPoints />
              <MethodPoint vc="0" uspid="6" ordinal="0" offset="0" />
            </Method>
          </Methods>
        </Class>
        <Class>
          <Summary numSequencePoints="34" visitedSequencePoints="34" numBranchPoints="9" visitedBranchPoints="9" sequenceCoverage="100" branchCoverage="100" maxCyclomaticComplexity="2" minCyclomaticComplexity="1" maxCrapScore="2" minCrapScore="1" visitedClasses="1" numClasses="1" visitedMethods="7" numMethods="7" />
          <FullName>BancoTabajara.Domain.Features.Contas.Conta</FullName>
          <Methods>
            <Method skippedDueTo="AutoImplementedProperty" visited="false" cyclomaticComplexity="1" nPathComplexity="0" sequenceCoverage="0" branchCoverage="0" crapScore="0" isConstructor="false" isStatic="false" isGetter="true" isSetter="false">
              <MetadataToken>100663307</MetadataToken>
              <Name>BancoTabajara.Domain.Features.Clientes.Cliente BancoTabajara.Domain.Features.Contas.Conta::get_Cliente()</Name>
              <FileRef uid="2" />
              <SequencePoints />
              <BranchPoints />
            </Method>
            <Method skippedDueTo="AutoImplementedProperty" visited="false" cyclomaticComplexity="1" nPathComplexity="0" sequenceCoverage="0" branchCoverage="0" crapScore="0" isConstructor="false" isStatic="false" isGetter="false" isSetter="true">
              <MetadataToken>100663308</MetadataToken>
              <Name>System.Void BancoTabajara.Domain.Features.Contas.Conta::set_Cliente(BancoTabajara.Domain.Features.Clientes.Cliente)</Name>
              <FileRef uid="2" />
              <SequencePoints />
              <BranchPoints />
            </Method>
            <Method skippedDueTo="AutoImplementedProperty" visited="false" cyclomaticComplexity="1" nPathComplexity="0" sequenceCoverage="0" branchCoverage="0" crapScore="0" isConstructor="false" isStatic="false" isGetter="true" isSetter="false">
              <MetadataToken>100663309</MetadataToken>
              <Name>System.Int32 BancoTabajara.Domain.Features.Contas.Conta::get_NumeroConta()</Name>
              <FileRef uid="2" />
              <SequencePoints />
              <BranchPoints />
            </Method>
            <Method skippedDueTo="AutoImplementedProperty" visited="false" cyclomaticComplexity="1" nPathComplexity="0" sequenceCoverage="0" branchCoverage="0" crapScore="0" isConstructor="false" isStatic="false" isGetter="false" isSetter="true">
              <MetadataToken>100663310</MetadataToken>
              <Name>System.Void BancoTabajara.Domain.Features.Contas.Conta::set_NumeroConta(System.Int32)</Name>
              <FileRef uid="2" />
              <SequencePoints />
              <BranchPoints />
            </Method>
            <Method skippedDueTo="AutoImplementedProperty" visited="false" cyclomaticComplexity="1" nPathComplexity="0" sequenceCoverage="0" branchCoverage="0" crapScore="0" isConstructor="false" isStatic="false" isGetter="true" isSetter="false">
              <MetadataToken>100663311</MetadataToken>
              <Name>System.Double BancoTabajara.Domain.Features.Contas.Conta::get_Saldo()</Name>
              <FileRef uid="2" />
              <SequencePoints />
              <BranchPoints />
            </Method>
            <Method skippedDueTo="AutoImplementedProperty" visited="false" cyclomaticComplexity="1" nPathComplexity="0" sequenceCoverage="0" branchCoverage="0" crapScore="0" isConstructor="false" isStatic="false" isGetter="false" isSetter="true">
              <MetadataToken>100663312</MetadataToken>
              <Name>System.Void BancoTabajara.Domain.Features.Contas.Conta::set_Saldo(System.Double)</Name>
              <FileRef uid="2" />
              <SequencePoints />
              <BranchPoints />
            </Method>
            <Method skippedDueTo="AutoImplementedProperty" visited="false" cyclomaticComplexity="1" nPathComplexity="0" sequenceCoverage="0" branchCoverage="0" crapScore="0" isConstructor="false" isStatic="false" isGetter="true" isSetter="false">
              <MetadataToken>100663313</MetadataToken>
              <Name>System.Boolean BancoTabajara.Domain.Features.Contas.Conta::get_Ativada()</Name>
              <FileRef uid="2" />
              <SequencePoints />
              <BranchPoints />
            </Method>
            <Method skippedDueTo="AutoImplementedProperty" visited="false" cyclomaticComplexity="1" nPathComplexity="0" sequenceCoverage="0" branchCoverage="0" crapScore="0" isConstructor="false" isStatic="false" isGetter="false" isSetter="true">
              <MetadataToken>100663314</MetadataToken>
              <Name>System.Void BancoTabajara.Domain.Features.Contas.Conta::set_Ativada(System.Boolean)</Name>
              <FileRef uid="2" />
              <SequencePoints />
              <BranchPoints />
            </Method>
            <Method skippedDueTo="AutoImplementedProperty" visited="false" cyclomaticComplexity="1" nPathComplexity="0" sequenceCoverage="0" branchCoverage="0" crapScore="0" isConstructor="false" isStatic="false" isGetter="true" isSetter="false">
              <MetadataToken>100663315</MetadataToken>
              <Name>System.Double BancoTabajara.Domain.Features.Contas.Conta::get_Limite()</Name>
              <FileRef uid="2" />
              <SequencePoints />
              <BranchPoints />
            </Method>
            <Method skippedDueTo="AutoImplementedProperty" visited="false" cyclomaticComplexity="1" nPathComplexity="0" sequenceCoverage="0" branchCoverage="0" crapScore="0" isConstructor="false" isStatic="false" isGetter="false" isSetter="true">
              <MetadataToken>100663316</MetadataToken>
              <Name>System.Void BancoTabajara.Domain.Features.Contas.Conta::set_Limite(System.Double)</Name>
              <FileRef uid="2" />
              <SequencePoints />
              <BranchPoints />
            </Method>
            <Method visited="true" cyclomaticComplexity="1" nPathComplexity="0" sequenceCoverage="100" branchCoverage="100" crapScore="1" isConstructor="false" isStatic="false" isGetter="true" isSetter="false">
              <Summary numSequencePoints="3" visitedSequencePoints="3" numBranchPoints="1" visitedBranchPoints="1" sequenceCoverage="100" branchCoverage="100" maxCyclomaticComplexity="1" minCyclomaticComplexity="1" maxCrapScore="1" minCrapScore="1" visitedClasses="0" numClasses="0" visitedMethods="1" numMethods="1" />
              <MetadataToken>100663317</MetadataToken>
              <Name>System.Double BancoTabajara.Domain.Features.Contas.Conta::get_SaldoTotal()</Name>
              <FileRef uid="2" />
              <SequencePoints>
                <SequencePoint vc="1" uspid="7" ordinal="0" offset="0" sl="20" sc="40" el="20" ec="41" bec="0" bev="0" fileid="2" />
                <SequencePoint vc="1" uspid="8" ordinal="1" offset="1" sl="20" sc="42" el="20" ec="65" bec="0" bev="0" fileid="2" />
                <SequencePoint vc="1" uspid="9" ordinal="2" offset="10" sl="20" sc="66" el="20" ec="67" bec="0" bev="0" fileid="2" />
              </SequencePoints>
              <BranchPoints />
              <MethodPoint xsi:type="SequencePoint" vc="1" uspid="7" ordinal="0" offset="0" sl="20" sc="40" el="20" ec="41" bec="0" bev="0" fileid="2" />
            </Method>
            <Method skippedDueTo="AutoImplementedProperty" visited="false" cyclomaticComplexity="1" nPathComplexity="0" sequenceCoverage="0" branchCoverage="0" crapScore="0" isConstructor="false" isStatic="false" isGetter="true" isSetter="false">
              <MetadataToken>100663318</MetadataToken>
              <Name>System.Collections.Generic.ICollection`1&lt;BancoTabajara.Domain.Features.Movimentacoes.Movimentacao&gt; BancoTabajara.Domain.Features.Contas.Conta::get_Movimentacoes()</Name>
              <FileRef uid="2" />
              <SequencePoints />
              <BranchPoints />
            </Method>
            <Method skippedDueTo="AutoImplementedProperty" visited="false" cyclomaticComplexity="1" nPathComplexity="0" sequenceCoverage="0" branchCoverage="0" crapScore="0" isConstructor="false" isStatic="false" isGetter="false" isSetter="true">
              <MetadataToken>100663319</MetadataToken>
              <Name>System.Void BancoTabajara.Domain.Features.Contas.Conta::set_Movimentacoes(System.Collections.Generic.ICollection`1&lt;BancoTabajara.Domain.Features.Movimentacoes.Movimentacao&gt;)</Name>
              <FileRef uid="2" />
              <SequencePoints />
              <BranchPoints />
            </Method>
            <Method visited="true" cyclomaticComplexity="1" nPathComplexity="0" sequenceCoverage="100" branchCoverage="100" crapScore="1" isConstructor="true" isStatic="false" isGetter="false" isSetter="false">
              <Summary numSequencePoints="4" visitedSequencePoints="4" numBranchPoints="1" visitedBranchPoints="1" sequenceCoverage="100" branchCoverage="100" maxCyclomaticComplexity="1" minCyclomaticComplexity="1" maxCrapScore="1" minCrapScore="1" visitedClasses="0" numClasses="0" visitedMethods="1" numMethods="1" />
              <MetadataToken>100663320</MetadataToken>
              <Name>System.Void BancoTabajara.Domain.Features.Contas.Conta::.ctor()</Name>
              <FileRef uid="2" />
              <SequencePoints>
                <SequencePoint vc="29" uspid="10" ordinal="0" offset="0" sl="23" sc="9" el="23" ec="23" bec="0" bev="0" fileid="2" />
                <SequencePoint vc="29" uspid="11" ordinal="1" offset="7" sl="24" sc="9" el="24" ec="10" bec="0" bev="0" fileid="2" />
                <SequencePoint vc="29" uspid="12" ordinal="2" offset="8" sl="25" sc="13" el="25" ec="60" bec="0" bev="0" fileid="2" />
                <SequencePoint vc="29" uspid="13" ordinal="3" offset="20" sl="26" sc="9" el="26" ec="10" bec="0" bev="0" fileid="2" />
              </SequencePoints>
              <BranchPoints />
              <MethodPoint xsi:type="SequencePoint" vc="29" uspid="10" ordinal="0" offset="0" sl="23" sc="9" el="23" ec="23" bec="0" bev="0" fileid="2" />
            </Method>
            <Method visited="true" cyclomaticComplexity="1" nPathComplexity="0" sequenceCoverage="100" branchCoverage="100" crapScore="1" isConstructor="false" isStatic="false" isGetter="false" isSetter="false">
              <Summary numSequencePoints="3" visitedSequencePoints="3" numBranchPoints="1" visitedBranchPoints="1" sequenceCoverage="100" branchCoverage="100" maxCyclomaticComplexity="1" minCyclomaticComplexity="1" maxCrapScore="1" minCrapScore="1" visitedClasses="0" numClasses="0" visitedMethods="1" numMethods="1" />
              <MetadataToken>100663321</MetadataToken>
              <Name>System.Double BancoTabajara.Domain.Features.Contas.Conta::CalcularSaldo()</Name>
              <FileRef uid="2" />
              <SequencePoints>
                <SequencePoint vc="1" uspid="14" ordinal="0" offset="0" sl="29" sc="9" el="29" ec="10" bec="0" bev="0" fileid="2" />
                <SequencePoint vc="1" uspid="15" ordinal="1" offset="1" sl="30" sc="13" el="30" ec="35" bec="0" bev="0" fileid="2" />
                <SequencePoint vc="1" uspid="16" ordinal="2" offset="17" sl="31" sc="9" el="31" ec="10" bec="0" bev="0" fileid="2" />
              </SequencePoints>
              <BranchPoints />
              <MethodPoint xsi:type="SequencePoint" vc="1" uspid="14" ordinal="0" offset="0" sl="29" sc="9" el="29" ec="10" bec="0" bev="0" fileid="2" />
            </Method>
            <Method visited="true" cyclomaticComplexity="1" nPathComplexity="0" sequenceCoverage="100" branchCoverage="100" crapScore="1" isConstructor="false" isStatic="false" isGetter="false" isSetter="false">
              <Summary numSequencePoints="3" visitedSequencePoints="3" numBranchPoints="1" visitedBranchPoints="1" sequenceCoverage="100" branchCoverage="100" maxCyclomaticComplexity="1" minCyclomaticComplexity="1" maxCrapScore="1" minCrapScore="1" visitedClasses="0" numClasses="0" visitedMethods="1" numMethods="1" />
              <MetadataToken>100663322</MetadataToken>
              <Name>System.Void BancoTabajara.Domain.Features.Contas.Conta::AlterarEstado()</Name>
              <FileRef uid="2" />
              <SequencePoints>
                <SequencePoint vc="2" uspid="17" ordinal="0" offset="0" sl="34" sc="9" el="34" ec="10" bec="0" bev="0" fileid="2" />
                <SequencePoint vc="2" uspid="18" ordinal="1" offset="1" sl="35" sc="13" el="35" ec="32" bec="0" bev="0" fileid="2" />
                <SequencePoint vc="2" uspid="19" ordinal="2" offset="17" sl="36" sc="9" el="36" ec="10" bec="0" bev="0" fileid="2" />
              </SequencePoints>
              <BranchPoints />
              <MethodPoint xsi:type="SequencePoint" vc="2" uspid="17" ordinal="0" offset="0" sl="34" sc="9" el="34" ec="10" bec="0" bev="0" fileid="2" />
            </Method>
            <Method visited="true" cyclomaticComplexity="1" nPathComplexity="0" sequenceCoverage="100" branchCoverage="100" crapScore="1" isConstructor="false" isStatic="false" isGetter="false" isSetter="false">
              <Summary numSequencePoints="6" visitedSequencePoints="6" numBranchPoints="1" visitedBranchPoints="1" sequenceCoverage="100" branchCoverage="100" maxCyclomaticComplexity="1" minCyclomaticComplexity="1" maxCrapScore="1" minCrapScore="1" visitedClasses="0" numClasses="0" visitedMethods="1" numMethods="1" />
              <MetadataToken>100663323</MetadataToken>
              <Name>System.Void BancoTabajara.Domain.Features.Contas.Conta::RealizarDeposito(System.Double)</Name>
              <FileRef uid="2" />
              <SequencePoints>
                <SequencePoint vc="2" uspid="20" ordinal="0" offset="0" sl="39" sc="9" el="39" ec="10" bec="0" bev="0" fileid="2" />
                <SequencePoint vc="2" uspid="21" ordinal="1" offset="1" sl="40" sc="13" el="40" ec="60" bec="0" bev="0" fileid="2" />
                <SequencePoint vc="2" uspid="22" ordinal="2" offset="7" sl="41" sc="13" el="41" ec="28" bec="0" bev="0" fileid="2" />
                <SequencePoint vc="2" uspid="23" ordinal="3" offset="22" sl="42" sc="13" el="42" ec="77" bec="0" bev="0" fileid="2" />
                <SequencePoint vc="2" uspid="24" ordinal="4" offset="31" sl="43" sc="13" el="43" ec="45" bec="0" bev="0" fileid="2" />
                <SequencePoint vc="2" uspid="25" ordinal="5" offset="44" sl="44" sc="9" el="44" ec="10" bec="0" bev="0" fileid="2" />
              </SequencePoints>
              <BranchPoints />
              <MethodPoint xsi:type="SequencePoint" vc="2" uspid="20" ordinal="0" offset="0" sl="39" sc="9" el="39" ec="10" bec="0" bev="0" fileid="2" />
            </Method>
            <Method visited="true" cyclomaticComplexity="2" nPathComplexity="2" sequenceCoverage="100" branchCoverage="100" crapScore="2" isConstructor="false" isStatic="false" isGetter="false" isSetter="false">
              <Summary numSequencePoints="11" visitedSequencePoints="11" numBranchPoints="3" visitedBranchPoints="3" sequenceCoverage="100" branchCoverage="100" maxCyclomaticComplexity="2" minCyclomaticComplexity="2" maxCrapScore="2" minCrapScore="2" visitedClasses="0" numClasses="0" visitedMethods="1" numMethods="1" />
              <MetadataToken>100663324</MetadataToken>
              <Name>System.Void BancoTabajara.Domain.Features.Contas.Conta::RealizarSaque(System.Double)</Name>
              <FileRef uid="2" />
              <SequencePoints>
                <SequencePoint vc="4" uspid="26" ordinal="0" offset="0" sl="47" sc="9" el="47" ec="10" bec="0" bev="0" fileid="2" />
                <SequencePoint vc="4" uspid="27" ordinal="1" offset="1" sl="48" sc="13" el="48" ec="60" bec="0" bev="0" fileid="2" />
                <SequencePoint vc="4" uspid="28" ordinal="2" offset="7" sl="49" sc="13" el="49" ec="33" bec="2" bev="2" fileid="2" />
                <SequencePoint vc="2" uspid="29" ordinal="3" offset="23" sl="50" sc="13" el="50" ec="14" bec="0" bev="0" fileid="2" />
                <SequencePoint vc="2" uspid="30" ordinal="4" offset="24" sl="51" sc="17" el="51" ec="32" bec="0" bev="0" fileid="2" />
                <SequencePoint vc="2" uspid="31" ordinal="5" offset="39" sl="52" sc="17" el="52" ec="80" bec="0" bev="0" fileid="2" />
                <SequencePoint vc="2" uspid="32" ordinal="6" offset="48" sl="53" sc="17" el="53" ec="49" bec="0" bev="0" fileid="2" />
                <SequencePoint vc="2" uspid="33" ordinal="7" offset="61" sl="54" sc="13" el="54" ec="14" bec="0" bev="0" fileid="2" />
                <SequencePoint vc="2" uspid="34" ordinal="8" offset="64" sl="56" sc="13" el="56" ec="14" bec="0" bev="0" fileid="2" />
                <SequencePoint vc="2" uspid="35" ordinal="9" offset="65" sl="57" sc="17" el="57" ec="61" bec="0" bev="0" fileid="2" />
                <SequencePoint vc="2" uspid="36" ordinal="10" offset="71" sl="59" sc="9" el="59" ec="10" bec="0" bev="0" fileid="2" />
              </SequencePoints>
              <BranchPoints>
                <BranchPoint vc="2" uspid="37" ordinal="0" offset="21" sl="49" path="0" offsetend="23" fileid="2" />
                <BranchPoint vc="2" uspid="38" ordinal="1" offset="21" sl="49" path="1" offsetend="64" fileid="2" />
              </BranchPoints>
              <MethodPoint xsi:type="SequencePoint" vc="4" uspid="26" ordinal="0" offset="0" sl="47" sc="9" el="47" ec="10" bec="0" bev="0" fileid="2" />
            </Method>
            <Method visited="true" cyclomaticComplexity="1" nPathComplexity="0" sequenceCoverage="100" branchCoverage="100" crapScore="1" isConstructor="false" isStatic="false" isGetter="false" isSetter="false">
              <Summary numSequencePoints="4" visitedSequencePoints="4" numBranchPoints="1" visitedBranchPoints="1" sequenceCoverage="100" branchCoverage="100" maxCyclomaticComplexity="1" minCyclomaticComplexity="1" maxCrapScore="1" minCrapScore="1" visitedClasses="0" numClasses="0" visitedMethods="1" numMethods="1" />
              <MetadataToken>100663325</MetadataToken>
              <Name>System.Void BancoTabajara.Domain.Features.Contas.Conta::RealizarTransferencia(System.Double,BancoTabajara.Domain.Features.Contas.Conta)</Name>
              <FileRef uid="2" />
              <SequencePoints>
                <SequencePoint vc="2" uspid="39" ordinal="0" offset="0" sl="62" sc="9" el="62" ec="10" bec="0" bev="0" fileid="2" />
                <SequencePoint vc="2" uspid="40" ordinal="1" offset="1" sl="63" sc="13" el="63" ec="34" bec="0" bev="0" fileid="2" />
                <SequencePoint vc="1" uspid="41" ordinal="2" offset="9" sl="64" sc="13" el="64" ec="45" bec="0" bev="0" fileid="2" />
                <SequencePoint vc="1" uspid="42" ordinal="3" offset="17" sl="65" sc="9" el="65" ec="10" bec="0" bev="0" fileid="2" />
              </SequencePoints>
              <BranchPoints />
              <MethodPoint xsi:type="SequencePoint" vc="2" uspid="39" ordinal="0" offset="0" sl="62" sc="9" el="62" ec="10" bec="0" bev="0" fileid="2" />
            </Method>
          </Methods>
        </Class>
        <Class>
          <Summary numSequencePoints="10" visitedSequencePoints="10" numBranchPoints="9" visitedBranchPoints="9" sequenceCoverage="100" branchCoverage="100" maxCyclomaticComplexity="5" minCyclomaticComplexity="1" maxCrapScore="5" minCrapScore="2" visitedClasses="1" numClasses="1" visitedMethods="1" numMethods="1" />
          <FullName>BancoTabajara.Domain.Features.Clientes.Cliente</FullName>
          <Methods>
            <Method skippedDueTo="AutoImplementedProperty" visited="false" cyclomaticComplexity="1" nPathComplexity="0" sequenceCoverage="0" branchCoverage="0" crapScore="0" isConstructor="false" isStatic="false" isGetter="true" isSetter="false">
              <MetadataToken>100663332</MetadataToken>
              <Name>System.String BancoTabajara.Domain.Features.Clientes.Cliente::get_Nome()</Name>
              <FileRef uid="4" />
              <SequencePoints />
              <BranchPoints />
            </Method>
            <Method skippedDueTo="AutoImplementedProperty" visited="false" cyclomaticComplexity="1" nPathComplexity="0" sequenceCoverage="0" branchCoverage="0" crapScore="0" isConstructor="false" isStatic="false" isGetter="false" isSetter="true">
              <MetadataToken>100663333</MetadataToken>
              <Name>System.Void BancoTabajara.Domain.Features.Clientes.Cliente::set_Nome(System.String)</Name>
              <FileRef uid="4" />
              <SequencePoints />
              <BranchPoints />
            </Method>
            <Method skippedDueTo="AutoImplementedProperty" visited="false" cyclomaticComplexity="1" nPathComplexity="0" sequenceCoverage="0" branchCoverage="0" crapScore="0" isConstructor="false" isStatic="false" isGetter="true" isSetter="false">
              <MetadataToken>100663334</MetadataToken>
              <Name>System.String BancoTabajara.Domain.Features.Clientes.Cliente::get_CPF()</Name>
              <FileRef uid="4" />
              <SequencePoints />
              <BranchPoints />
            </Method>
            <Method skippedDueTo="AutoImplementedProperty" visited="false" cyclomaticComplexity="1" nPathComplexity="0" sequenceCoverage="0" branchCoverage="0" crapScore="0" isConstructor="false" isStatic="false" isGetter="false" isSetter="true">
              <MetadataToken>100663335</MetadataToken>
              <Name>System.Void BancoTabajara.Domain.Features.Clientes.Cliente::set_CPF(System.String)</Name>
              <FileRef uid="4" />
              <SequencePoints />
              <BranchPoints />
            </Method>
            <Method skippedDueTo="AutoImplementedProperty" visited="false" cyclomaticComplexity="1" nPathComplexity="0" sequenceCoverage="0" branchCoverage="0" crapScore="0" isConstructor="false" isStatic="false" isGetter="true" isSetter="false">
              <MetadataToken>100663336</MetadataToken>
              <Name>System.String BancoTabajara.Domain.Features.Clientes.Cliente::get_RG()</Name>
              <FileRef uid="4" />
              <SequencePoints />
              <BranchPoints />
            </Method>
            <Method skippedDueTo="AutoImplementedProperty" visited="false" cyclomaticComplexity="1" nPathComplexity="0" sequenceCoverage="0" branchCoverage="0" crapScore="0" isConstructor="false" isStatic="false" isGetter="false" isSetter="true">
              <MetadataToken>100663337</MetadataToken>
              <Name>System.Void BancoTabajara.Domain.Features.Clientes.Cliente::set_RG(System.String)</Name>
              <FileRef uid="4" />
              <SequencePoints />
              <BranchPoints />
            </Method>
            <Method skippedDueTo="AutoImplementedProperty" visited="false" cyclomaticComplexity="1" nPathComplexity="0" sequenceCoverage="0" branchCoverage="0" crapScore="0" isConstructor="false" isStatic="false" isGetter="true" isSetter="false">
              <MetadataToken>100663338</MetadataToken>
              <Name>System.DateTime BancoTabajara.Domain.Features.Clientes.Cliente::get_DataNascimento()</Name>
              <FileRef uid="4" />
              <SequencePoints />
              <BranchPoints />
            </Method>
            <Method skippedDueTo="AutoImplementedProperty" visited="false" cyclomaticComplexity="1" nPathComplexity="0" sequenceCoverage="0" branchCoverage="0" crapScore="0" isConstructor="false" isStatic="false" isGetter="false" isSetter="true">
              <MetadataToken>100663339</MetadataToken>
              <Name>System.Void BancoTabajara.Domain.Features.Clientes.Cliente::set_DataNascimento(System.DateTime)</Name>
              <FileRef uid="4" />
              <SequencePoints />
              <BranchPoints />
            </Method>
            <Method visited="true" cyclomaticComplexity="5" nPathComplexity="16" sequenceCoverage="100" branchCoverage="100" crapScore="5" isConstructor="false" isStatic="false" isGetter="false" isSetter="false">
              <Summary numSequencePoints="10" visitedSequencePoints="10" numBranchPoints="9" visitedBranchPoints="9" sequenceCoverage="100" branchCoverage="100" maxCyclomaticComplexity="5" minCyclomaticComplexity="5" maxCrapScore="5" minCrapScore="5" visitedClasses="0" numClasses="0" visitedMethods="1" numMethods="1" />
              <MetadataToken>100663340</MetadataToken>
              <Name>System.Void BancoTabajara.Domain.Features.Clientes.Cliente::Validar()</Name>
              <FileRef uid="4" />
              <SequencePoints>
                <SequencePoint vc="5" uspid="43" ordinal="0" offset="0" sl="18" sc="9" el="18" ec="10" bec="0" bev="0" fileid="4" />
                <SequencePoint vc="5" uspid="44" ordinal="1" offset="1" sl="19" sc="13" el="19" ec="44" bec="2" bev="2" fileid="4" />
                <SequencePoint vc="1" uspid="45" ordinal="2" offset="16" sl="20" sc="17" el="20" ec="55" bec="0" bev="0" fileid="4" />
                <SequencePoint vc="4" uspid="46" ordinal="3" offset="22" sl="21" sc="13" el="21" ec="43" bec="2" bev="2" fileid="4" />
                <SequencePoint vc="1" uspid="47" ordinal="4" offset="37" sl="22" sc="17" el="22" ec="57" bec="0" bev="0" fileid="4" />
                <SequencePoint vc="3" uspid="48" ordinal="5" offset="43" sl="23" sc="13" el="23" ec="42" bec="2" bev="2" fileid="4" />
                <SequencePoint vc="1" uspid="49" ordinal="6" offset="58" sl="24" sc="17" el="24" ec="56" bec="0" bev="0" fileid="4" />
                <SequencePoint vc="2" uspid="50" ordinal="7" offset="64" sl="25" sc="13" el="25" ec="48" bec="2" bev="2" fileid="4" />
                <SequencePoint vc="1" uspid="51" ordinal="8" offset="84" sl="26" sc="17" el="26" ec="68" bec="0" bev="0" fileid="4" />
                <SequencePoint vc="1" uspid="52" ordinal="9" offset="90" sl="27" sc="9" el="27" ec="10" bec="0" bev="0" fileid="4" />
              </SequencePoints>
              <BranchPoints>
                <BranchPoint vc="1" uspid="53" ordinal="0" offset="14" sl="19" path="0" offsetend="16" fileid="4" />
                <BranchPoint vc="4" uspid="54" ordinal="1" offset="14" sl="19" path="1" offsetend="22" fileid="4" />
                <BranchPoint vc="1" uspid="55" ordinal="2" offset="35" sl="21" path="0" offsetend="37" fileid="4" />
                <BranchPoint vc="3" uspid="56" ordinal="3" offset="35" sl="21" path="1" offsetend="43" fileid="4" />
                <BranchPoint vc="1" uspid="57" ordinal="4" offset="56" sl="23" path="0" offsetend="58" fileid="4" />
                <BranchPoint vc="2" uspid="58" ordinal="5" offset="56" sl="23" path="1" offsetend="64" fileid="4" />
                <BranchPoint vc="1" uspid="59" ordinal="6" offset="82" sl="25" path="0" offsetend="84" fileid="4" />
                <BranchPoint vc="1" uspid="60" ordinal="7" offset="82" sl="25" path="1" offsetend="90" fileid="4" />
              </BranchPoints>
              <MethodPoint xsi:type="SequencePoint" vc="5" uspid="43" ordinal="0" offset="0" sl="18" sc="9" el="18" ec="10" bec="0" bev="0" fileid="4" />
            </Method>
            <Method visited="false" cyclomaticComplexity="1" nPathComplexity="0" sequenceCoverage="0" branchCoverage="0" crapScore="2" isConstructor="true" isStatic="false" isGetter="false" isSetter="false">
              <Summary numSequencePoints="0" visitedSequencePoints="0" numBranchPoints="0" visitedBranchPoints="0" sequenceCoverage="0" branchCoverage="0" maxCyclomaticComplexity="1" minCyclomaticComplexity="1" maxCrapScore="2" minCrapScore="2" visitedClasses="0" numClasses="0" visitedMethods="0" numMethods="0" />
              <MetadataToken>100663341</MetadataToken>
              <Name>System.Void BancoTabajara.Domain.Features.Clientes.Cliente::.ctor()</Name>
              <SequencePoints />
              <BranchPoints />
              <MethodPoint vc="0" uspid="61" ordinal="0" offset="0" />
            </Method>
          </Methods>
        </Class>
      </Classes>
    </Module>
    <Module hash="55-09-7E-6E-59-B0-AE-A6-A1-34-5F-A7-AB-6F-1B-F0-98-CC-76-37">
      <Summary numSequencePoints="19" visitedSequencePoints="19" numBranchPoints="6" visitedBranchPoints="6" sequenceCoverage="100" branchCoverage="100" maxCyclomaticComplexity="1" minCyclomaticComplexity="1" maxCrapScore="1" minCrapScore="1" visitedClasses="1" numClasses="1" visitedMethods="6" numMethods="6" />
      <ModulePath>C:\Users\ndduser\Desktop\Skywalkers\SkyWalkers\ws-banco-tabajara\BancoTabajara\BancoTabajara.Applications.Tests\bin\Debug\BancoTabajara.Applications.dll</ModulePath>
      <ModuleTime>2018-07-25T17:25:11.6050574Z</ModuleTime>
      <ModuleName>BancoTabajara.Applications</ModuleName>
      <Files>
        <File uid="19" fullPath="C:\Users\ndduser\Desktop\Skywalkers\SkyWalkers\ws-banco-tabajara\BancoTabajara\BancoTabajara.Applications\Features\Clientes\ClienteService.cs" />
      </Files>
      <Classes>
        <Class>
          <Summary numSequencePoints="19" visitedSequencePoints="19" numBranchPoints="6" visitedBranchPoints="6" sequenceCoverage="100" branchCoverage="100" maxCyclomaticComplexity="1" minCyclomaticComplexity="1" maxCrapScore="1" minCrapScore="1" visitedClasses="1" numClasses="1" visitedMethods="6" numMethods="6" />
          <FullName>BancoTabajara.Applications.Features.Clientes.ClienteService</FullName>
          <Methods>
            <Method visited="true" cyclomaticComplexity="1" nPathComplexity="0" sequenceCoverage="100" branchCoverage="100" crapScore="1" isConstructor="true" isStatic="false" isGetter="false" isSetter="false">
              <Summary numSequencePoints="4" visitedSequencePoints="4" numBranchPoints="1" visitedBranchPoints="1" sequenceCoverage="100" branchCoverage="100" maxCyclomaticComplexity="1" minCyclomaticComplexity="1" maxCrapScore="1" minCrapScore="1" visitedClasses="0" numClasses="0" visitedMethods="1" numMethods="1" />
              <MetadataToken>100663297</MetadataToken>
              <Name>System.Void BancoTabajara.Applications.Features.Clientes.ClienteService::.ctor(BancoTabajara.Domain.Features.Clientes.IClienteRepository)</Name>
              <FileRef uid="19" />
              <SequencePoints>
                <SequencePoint vc="5" uspid="62" ordinal="0" offset="0" sl="13" sc="9" el="13" ec="61" bec="0" bev="0" fileid="19" />
                <SequencePoint vc="5" uspid="63" ordinal="1" offset="7" sl="14" sc="9" el="14" ec="10" bec="0" bev="0" fileid="19" />
                <SequencePoint vc="5" uspid="64" ordinal="2" offset="8" sl="15" sc="13" el="15" ec="38" bec="0" bev="0" fileid="19" />
                <SequencePoint vc="5" uspid="65" ordinal="3" offset="15" sl="16" sc="9" el="16" ec="10" bec="0" bev="0" fileid="19" />
              </SequencePoints>
              <BranchPoints />
              <MethodPoint xsi:type="SequencePoint" vc="5" uspid="62" ordinal="0" offset="0" sl="13" sc="9" el="13" ec="61" bec="0" bev="0" fileid="19" />
            </Method>
            <Method visited="true" cyclomaticComplexity="1" nPathComplexity="0" sequenceCoverage="100" branchCoverage="100" crapScore="1" isConstructor="false" isStatic="false" isGetter="false" isSetter="false">
              <Summary numSequencePoints="3" visitedSequencePoints="3" numBranchPoints="1" visitedBranchPoints="1" sequenceCoverage="100" branchCoverage="100" maxCyclomaticComplexity="1" minCyclomaticComplexity="1" maxCrapScore="1" minCrapScore="1" visitedClasses="0" numClasses="0" visitedMethods="1" numMethods="1" />
              <MetadataToken>100663298</MetadataToken>
              <Name>BancoTabajara.Domain.Features.Clientes.Cliente BancoTabajara.Applications.Features.Clientes.ClienteService::Add(BancoTabajara.Domain.Features.Clientes.Cliente)</Name>
              <FileRef uid="19" />
              <SequencePoints>
                <SequencePoint vc="1" uspid="66" ordinal="0" offset="0" sl="18" sc="9" el="18" ec="10" bec="0" bev="0" fileid="19" />
                <SequencePoint vc="1" uspid="67" ordinal="1" offset="1" sl="19" sc="13" el="19" ec="44" bec="0" bev="0" fileid="19" />
                <SequencePoint vc="1" uspid="68" ordinal="2" offset="16" sl="20" sc="9" el="20" ec="10" bec="0" bev="0" fileid="19" />
              </SequencePoints>
              <BranchPoints />
              <MethodPoint xsi:type="SequencePoint" vc="1" uspid="66" ordinal="0" offset="0" sl="18" sc="9" el="18" ec="10" bec="0" bev="0" fileid="19" />
            </Method>
            <Method visited="true" cyclomaticComplexity="1" nPathComplexity="0" sequenceCoverage="100" branchCoverage="100" crapScore="1" isConstructor="false" isStatic="false" isGetter="false" isSetter="false">
              <Summary numSequencePoints="3" visitedSequencePoints="3" numBranchPoints="1" visitedBranchPoints="1" sequenceCoverage="100" branchCoverage="100" maxCyclomaticComplexity="1" minCyclomaticComplexity="1" maxCrapScore="1" minCrapScore="1" visitedClasses="0" numClasses="0" visitedMethods="1" numMethods="1" />
              <MetadataToken>100663299</MetadataToken>
              <Name>System.Boolean BancoTabajara.Applications.Features.Clientes.ClienteService::Delete(BancoTabajara.Domain.Features.Clientes.Cliente)</Name>
              <FileRef uid="19" />
              <SequencePoints>
                <SequencePoint vc="1" uspid="69" ordinal="0" offset="0" sl="23" sc="9" el="23" ec="10" bec="0" bev="0" fileid="19" />
                <SequencePoint vc="1" uspid="70" ordinal="1" offset="1" sl="24" sc="13" el="24" ec="47" bec="0" bev="0" fileid="19" />
                <SequencePoint vc="1" uspid="71" ordinal="2" offset="16" sl="25" sc="9" el="25" ec="10" bec="0" bev="0" fileid="19" />
              </SequencePoints>
              <BranchPoints />
              <MethodPoint xsi:type="SequencePoint" vc="1" uspid="69" ordinal="0" offset="0" sl="23" sc="9" el="23" ec="10" bec="0" bev="0" fileid="19" />
            </Method>
            <Method visited="true" cyclomaticComplexity="1" nPathComplexity="0" sequenceCoverage="100" branchCoverage="100" crapScore="1" isConstructor="false" isStatic="false" isGetter="false" isSetter="false">
              <Summary numSequencePoints="3" visitedSequencePoints="3" numBranchPoints="1" visitedBranchPoints="1" sequenceCoverage="100" branchCoverage="100" maxCyclomaticComplexity="1" minCyclomaticComplexity="1" maxCrapScore="1" minCrapScore="1" visitedClasses="0" numClasses="0" visitedMethods="1" numMethods="1" />
              <MetadataToken>100663300</MetadataToken>
              <Name>System.Linq.IQueryable`1&lt;BancoTabajara.Domain.Features.Clientes.Cliente&gt; BancoTabajara.Applications.Features.Clientes.ClienteService::GetAll()</Name>
              <FileRef uid="19" />
              <SequencePoints>
                <SequencePoint vc="1" uspid="72" ordinal="0" offset="0" sl="28" sc="9" el="28" ec="10" bec="0" bev="0" fileid="19" />
                <SequencePoint vc="1" uspid="73" ordinal="1" offset="1" sl="29" sc="13" el="29" ec="41" bec="0" bev="0" fileid="19" />
                <SequencePoint vc="1" uspid="74" ordinal="2" offset="15" sl="30" sc="9" el="30" ec="10" bec="0" bev="0" fileid="19" />
              </SequencePoints>
              <BranchPoints />
              <MethodPoint xsi:type="SequencePoint" vc="1" uspid="72" ordinal="0" offset="0" sl="28" sc="9" el="28" ec="10" bec="0" bev="0" fileid="19" />
            </Method>
            <Method visited="true" cyclomaticComplexity="1" nPathComplexity="0" sequenceCoverage="100" branchCoverage="100" crapScore="1" isConstructor="false" isStatic="false" isGetter="false" isSetter="false">
              <Summary numSequencePoints="3" visitedSequencePoints="3" numBranchPoints="1" visitedBranchPoints="1" sequenceCoverage="100" branchCoverage="100" maxCyclomaticComplexity="1" minCyclomaticComplexity="1" maxCrapScore="1" minCrapScore="1" visitedClasses="0" numClasses="0" visitedMethods="1" numMethods="1" />
              <MetadataToken>100663301</MetadataToken>
              <Name>BancoTabajara.Domain.Features.Clientes.Cliente BancoTabajara.Applications.Features.Clientes.ClienteService::GetById(System.Int32)</Name>
              <FileRef uid="19" />
              <SequencePoints>
                <SequencePoint vc="1" uspid="75" ordinal="0" offset="0" sl="33" sc="9" el="33" ec="10" bec="0" bev="0" fileid="19" />
                <SequencePoint vc="1" uspid="76" ordinal="1" offset="1" sl="34" sc="13" el="34" ec="44" bec="0" bev="0" fileid="19" />
                <SequencePoint vc="1" uspid="77" ordinal="2" offset="16" sl="35" sc="9" el="35" ec="10" bec="0" bev="0" fileid="19" />
              </SequencePoints>
              <BranchPoints />
              <MethodPoint xsi:type="SequencePoint" vc="1" uspid="75" ordinal="0" offset="0" sl="33" sc="9" el="33" ec="10" bec="0" bev="0" fileid="19" />
            </Method>
            <Method visited="true" cyclomaticComplexity="1" nPathComplexity="0" sequenceCoverage="100" branchCoverage="100" crapScore="1" isConstructor="false" isStatic="false" isGetter="false" isSetter="false">
              <Summary numSequencePoints="3" visitedSequencePoints="3" numBranchPoints="1" visitedBranchPoints="1" sequenceCoverage="100" branchCoverage="100" maxCyclomaticComplexity="1" minCyclomaticComplexity="1" maxCrapScore="1" minCrapScore="1" visitedClasses="0" numClasses="0" visitedMethods="1" numMethods="1" />
              <MetadataToken>100663302</MetadataToken>
              <Name>System.Boolean BancoTabajara.Applications.Features.Clientes.ClienteService::Update(BancoTabajara.Domain.Features.Clientes.Cliente)</Name>
              <FileRef uid="19" />
              <SequencePoints>
                <SequencePoint vc="1" uspid="78" ordinal="0" offset="0" sl="38" sc="9" el="38" ec="10" bec="0" bev="0" fileid="19" />
                <SequencePoint vc="1" uspid="79" ordinal="1" offset="1" sl="39" sc="13" el="39" ec="47" bec="0" bev="0" fileid="19" />
                <SequencePoint vc="1" uspid="80" ordinal="2" offset="16" sl="40" sc="9" el="40" ec="10" bec="0" bev="0" fileid="19" />
              </SequencePoints>
              <BranchPoints />
              <MethodPoint xsi:type="SequencePoint" vc="1" uspid="78" ordinal="0" offset="0" sl="38" sc="9" el="38" ec="10" bec="0" bev="0" fileid="19" />
            </Method>
          </Methods>
        </Class>
      </Classes>
    </Module>
    <Module hash="CD-46-C5-3E-C2-1D-34-01-A5-46-05-A6-9F-8C-B3-F3-71-5D-53-5B">
      <Summary numSequencePoints="0" visitedSequencePoints="0" numBranchPoints="0" visitedBranchPoints="0" sequenceCoverage="0" branchCoverage="0" maxCyclomaticComplexity="0" minCyclomaticComplexity="0" maxCrapScore="0" minCrapScore="0" visitedClasses="0" numClasses="0" visitedMethods="0" numMethods="0" />
      <ModulePath>C:\Users\ndduser\Desktop\Skywalkers\SkyWalkers\ws-banco-tabajara\BancoTabajara\BancoTabajara.Applications.Tests\bin\Debug\BancoTabajara.Infra.dll</ModulePath>
      <ModuleTime>2018-07-24T21:08:48.6109467Z</ModuleTime>
      <ModuleName>BancoTabajara.Infra</ModuleName>
      <Files />
      <Classes />
    </Module>
    <Module hash="77-FA-E8-B3-79-D3-59-73-66-6A-C9-BD-D6-AD-20-80-D0-0E-92-29">
      <Summary numSequencePoints="57" visitedSequencePoints="57" numBranchPoints="11" visitedBranchPoints="11" sequenceCoverage="100" branchCoverage="100" maxCyclomaticComplexity="1" minCyclomaticComplexity="1" maxCrapScore="2" minCrapScore="1" visitedClasses="6" numClasses="6" visitedMethods="11" numMethods="11" />
      <ModulePath>C:\Users\ndduser\Desktop\Skywalkers\SkyWalkers\ws-banco-tabajara\BancoTabajara\BancoTabajara.Infra.ORM.Tests\bin\Debug\BancoTabajara.Infra.ORM.dll</ModulePath>
      <ModuleTime>2018-07-25T17:25:11.7534508Z</ModuleTime>
      <ModuleName>BancoTabajara.Infra.ORM</ModuleName>
      <Files>
        <File uid="39" fullPath="C:\Users\ndduser\Desktop\Skywalkers\SkyWalkers\ws-banco-tabajara\BancoTabajara\BancoTabajara.Infra.ORM\Features\Movimentacoes\MovimentacaoConfiguration.cs" />
        <File uid="40" fullPath="C:\Users\ndduser\Desktop\Skywalkers\SkyWalkers\ws-banco-tabajara\BancoTabajara\BancoTabajara.Infra.ORM\Features\Contas\ContaConfiguration.cs" />
        <File uid="41" fullPath="C:\Users\ndduser\Desktop\Skywalkers\SkyWalkers\ws-banco-tabajara\BancoTabajara\BancoTabajara.Infra.ORM\Features\Contas\ContaRepository.cs" />
        <File uid="42" fullPath="C:\Users\ndduser\Desktop\Skywalkers\SkyWalkers\ws-banco-tabajara\BancoTabajara\BancoTabajara.Infra.ORM\Features\Clientes\ClienteConfiguration.cs" />
        <File uid="43" fullPath="C:\Users\ndduser\Desktop\Skywalkers\SkyWalkers\ws-banco-tabajara\BancoTabajara\BancoTabajara.Infra.ORM\Features\Clientes\ClienteRepository.cs" />
        <File uid="44" fullPath="C:\Users\ndduser\Desktop\Skywalkers\SkyWalkers\ws-banco-tabajara\BancoTabajara\BancoTabajara.Infra.ORM\Base\RepositorioBase.cs" />
      </Files>
      <Classes>
        <Class>
          <Summary numSequencePoints="8" visitedSequencePoints="8" numBranchPoints="1" visitedBranchPoints="1" sequenceCoverage="100" branchCoverage="100" maxCyclomaticComplexity="1" minCyclomaticComplexity="1" maxCrapScore="1" minCrapScore="1" visitedClasses="1" numClasses="1" visitedMethods="1" numMethods="1" />
          <FullName>BancoTabajara.Infra.ORM.Features.Movimentacoes.MovimentacaoConfiguration</FullName>
          <Methods>
            <Method visited="true" cyclomaticComplexity="1" nPathComplexity="0" sequenceCoverage="100" branchCoverage="100" crapScore="1" isConstructor="true" isStatic="false" isGetter="false" isSetter="false">
              <Summary numSequencePoints="8" visitedSequencePoints="8" numBranchPoints="1" visitedBranchPoints="1" sequenceCoverage="100" branchCoverage="100" maxCyclomaticComplexity="1" minCyclomaticComplexity="1" maxCrapScore="1" minCrapScore="1" visitedClasses="0" numClasses="0" visitedMethods="1" numMethods="1" />
              <MetadataToken>100663304</MetadataToken>
              <Name>System.Void BancoTabajara.Infra.ORM.Features.Movimentacoes.MovimentacaoConfiguration::.ctor()</Name>
              <FileRef uid="39" />
              <SequencePoints>
                <SequencePoint vc="1" uspid="142" ordinal="0" offset="0" sl="13" sc="9" el="13" ec="43" bec="0" bev="0" fileid="39" />
                <SequencePoint vc="1" uspid="143" ordinal="1" offset="7" sl="14" sc="9" el="14" ec="10" bec="0" bev="0" fileid="39" />
                <SequencePoint vc="1" uspid="144" ordinal="2" offset="8" sl="15" sc="13" el="15" ec="31" bec="0" bev="0" fileid="39" />
                <SequencePoint vc="1" uspid="145" ordinal="3" offset="72" sl="16" sc="13" el="16" ec="48" bec="0" bev="0" fileid="39" />
                <SequencePoint vc="1" uspid="146" ordinal="4" offset="141" sl="17" sc="13" el="17" ec="56" bec="0" bev="0" fileid="39" />
                <SequencePoint vc="1" uspid="147" ordinal="5" offset="210" sl="18" sc="13" el="18" ec="73" bec="0" bev="0" fileid="39" />
                <SequencePoint vc="1" uspid="148" ordinal="6" offset="289" sl="19" sc="13" el="19" ec="39" bec="0" bev="0" fileid="39" />
                <SequencePoint vc="1" uspid="149" ordinal="7" offset="353" sl="20" sc="9" el="20" ec="10" bec="0" bev="0" fileid="39" />
              </SequencePoints>
              <BranchPoints />
              <MethodPoint xsi:type="SequencePoint" vc="1" uspid="142" ordinal="0" offset="0" sl="13" sc="9" el="13" ec="43" bec="0" bev="0" fileid="39" />
            </Method>
          </Methods>
        </Class>
        <Class>
          <Summary numSequencePoints="0" visitedSequencePoints="0" numBranchPoints="0" visitedBranchPoints="0" sequenceCoverage="0" branchCoverage="0" maxCyclomaticComplexity="1" minCyclomaticComplexity="1" maxCrapScore="2" minCrapScore="2" visitedClasses="0" numClasses="0" visitedMethods="0" numMethods="0" />
          <FullName>BancoTabajara.Infra.ORM.Features.Movimentacoes.MovimentacaoConfiguration/&lt;&gt;c</FullName>
          <Methods>
            <Method visited="false" cyclomaticComplexity="1" nPathComplexity="0" sequenceCoverage="0" branchCoverage="0" crapScore="2" isConstructor="true" isStatic="true" isGetter="false" isSetter="false">
              <Summary numSequencePoints="0" visitedSequencePoints="0" numBranchPoints="0" visitedBranchPoints="0" sequenceCoverage="0" branchCoverage="0" maxCyclomaticComplexity="1" minCyclomaticComplexity="1" maxCrapScore="2" minCrapScore="2" visitedClasses="0" numClasses="0" visitedMethods="0" numMethods="0" />
              <MetadataToken>100663315</MetadataToken>
              <Name>System.Void BancoTabajara.Infra.ORM.Features.Movimentacoes.MovimentacaoConfiguration/&lt;&gt;c::.cctor()</Name>
              <SequencePoints />
              <BranchPoints />
              <MethodPoint vc="0" uspid="150" ordinal="0" offset="0" />
            </Method>
            <Method visited="false" cyclomaticComplexity="1" nPathComplexity="0" sequenceCoverage="0" branchCoverage="0" crapScore="2" isConstructor="true" isStatic="false" isGetter="false" isSetter="false">
              <Summary numSequencePoints="0" visitedSequencePoints="0" numBranchPoints="0" visitedBranchPoints="0" sequenceCoverage="0" branchCoverage="0" maxCyclomaticComplexity="1" minCyclomaticComplexity="1" maxCrapScore="2" minCrapScore="2" visitedClasses="0" numClasses="0" visitedMethods="0" numMethods="0" />
              <MetadataToken>100663316</MetadataToken>
              <Name>System.Void BancoTabajara.Infra.ORM.Features.Movimentacoes.MovimentacaoConfiguration/&lt;&gt;c::.ctor()</Name>
              <SequencePoints />
              <BranchPoints />
              <MethodPoint vc="0" uspid="151" ordinal="0" offset="0" />
            </Method>
          </Methods>
        </Class>
        <Class>
          <Summary numSequencePoints="9" visitedSequencePoints="9" numBranchPoints="1" visitedBranchPoints="1" sequenceCoverage="100" branchCoverage="100" maxCyclomaticComplexity="1" minCyclomaticComplexity="1" maxCrapScore="1" minCrapScore="1" visitedClasses="1" numClasses="1" visitedMethods="1" numMethods="1" />
          <FullName>BancoTabajara.Infra.ORM.Features.Contas.ContaConfiguration</FullName>
          <Methods>
            <Method visited="true" cyclomaticComplexity="1" nPathComplexity="0" sequenceCoverage="100" branchCoverage="100" crapScore="1" isConstructor="true" isStatic="false" isGetter="false" isSetter="false">
              <Summary numSequencePoints="9" visitedSequencePoints="9" numBranchPoints="1" visitedBranchPoints="1" sequenceCoverage="100" branchCoverage="100" maxCyclomaticComplexity="1" minCyclomaticComplexity="1" maxCrapScore="1" minCrapScore="1" visitedClasses="0" numClasses="0" visitedMethods="1" numMethods="1" />
              <MetadataToken>100663305</MetadataToken>
              <Name>System.Void BancoTabajara.Infra.ORM.Features.Contas.ContaConfiguration::.ctor()</Name>
              <FileRef uid="40" />
              <SequencePoints>
                <SequencePoint vc="1" uspid="152" ordinal="0" offset="0" sl="13" sc="9" el="13" ec="36" bec="0" bev="0" fileid="40" />
                <SequencePoint vc="1" uspid="153" ordinal="1" offset="7" sl="14" sc="9" el="14" ec="10" bec="0" bev="0" fileid="40" />
                <SequencePoint vc="1" uspid="154" ordinal="2" offset="8" sl="15" sc="13" el="15" ec="31" bec="0" bev="0" fileid="40" />
                <SequencePoint vc="1" uspid="155" ordinal="3" offset="72" sl="16" sc="13" el="16" ec="72" bec="0" bev="0" fileid="40" />
                <SequencePoint vc="1" uspid="156" ordinal="4" offset="151" sl="17" sc="13" el="17" ec="74" bec="0" bev="0" fileid="40" />
                <SequencePoint vc="1" uspid="157" ordinal="5" offset="230" sl="18" sc="13" el="18" ec="76" bec="0" bev="0" fileid="40" />
                <SequencePoint vc="1" uspid="158" ordinal="6" offset="309" sl="19" sc="13" el="19" ec="73" bec="0" bev="0" fileid="40" />
                <SequencePoint vc="1" uspid="159" ordinal="7" offset="388" sl="20" sc="13" el="20" ec="41" bec="0" bev="0" fileid="40" />
                <SequencePoint vc="1" uspid="160" ordinal="8" offset="452" sl="21" sc="9" el="21" ec="10" bec="0" bev="0" fileid="40" />
              </SequencePoints>
              <BranchPoints />
              <MethodPoint xsi:type="SequencePoint" vc="1" uspid="152" ordinal="0" offset="0" sl="13" sc="9" el="13" ec="36" bec="0" bev="0" fileid="40" />
            </Method>
          </Methods>
        </Class>
        <Class>
          <Summary numSequencePoints="0" visitedSequencePoints="0" numBranchPoints="0" visitedBranchPoints="0" sequenceCoverage="0" branchCoverage="0" maxCyclomaticComplexity="1" minCyclomaticComplexity="1" maxCrapScore="2" minCrapScore="2" visitedClasses="0" numClasses="0" visitedMethods="0" numMethods="0" />
          <FullName>BancoTabajara.Infra.ORM.Features.Contas.ContaConfiguration/&lt;&gt;c</FullName>
          <Methods>
            <Method visited="false" cyclomaticComplexity="1" nPathComplexity="0" sequenceCoverage="0" branchCoverage="0" crapScore="2" isConstructor="true" isStatic="true" isGetter="false" isSetter="false">
              <Summary numSequencePoints="0" visitedSequencePoints="0" numBranchPoints="0" visitedBranchPoints="0" sequenceCoverage="0" branchCoverage="0" maxCyclomaticComplexity="1" minCyclomaticComplexity="1" maxCrapScore="2" minCrapScore="2" visitedClasses="0" numClasses="0" visitedMethods="0" numMethods="0" />
              <MetadataToken>100663317</MetadataToken>
              <Name>System.Void BancoTabajara.Infra.ORM.Features.Contas.ContaConfiguration/&lt;&gt;c::.cctor()</Name>
              <SequencePoints />
              <BranchPoints />
              <MethodPoint vc="0" uspid="161" ordinal="0" offset="0" />
            </Method>
            <Method visited="false" cyclomaticComplexity="1" nPathComplexity="0" sequenceCoverage="0" branchCoverage="0" crapScore="2" isConstructor="true" isStatic="false" isGetter="false" isSetter="false">
              <Summary numSequencePoints="0" visitedSequencePoints="0" numBranchPoints="0" visitedBranchPoints="0" sequenceCoverage="0" branchCoverage="0" maxCyclomaticComplexity="1" minCyclomaticComplexity="1" maxCrapScore="2" minCrapScore="2" visitedClasses="0" numClasses="0" visitedMethods="0" numMethods="0" />
              <MetadataToken>100663318</MetadataToken>
              <Name>System.Void BancoTabajara.Infra.ORM.Features.Contas.ContaConfiguration/&lt;&gt;c::.ctor()</Name>
              <SequencePoints />
              <BranchPoints />
              <MethodPoint vc="0" uspid="162" ordinal="0" offset="0" />
            </Method>
          </Methods>
        </Class>
        <Class>
          <Summary numSequencePoints="4" visitedSequencePoints="4" numBranchPoints="1" visitedBranchPoints="1" sequenceCoverage="100" branchCoverage="100" maxCyclomaticComplexity="1" minCyclomaticComplexity="1" maxCrapScore="1" minCrapScore="1" visitedClasses="1" numClasses="1" visitedMethods="1" numMethods="1" />
          <FullName>BancoTabajara.Infra.ORM.Features.Contas.ContaRepository</FullName>
          <Methods>
            <Method visited="true" cyclomaticComplexity="1" nPathComplexity="0" sequenceCoverage="100" branchCoverage="100" crapScore="1" isConstructor="true" isStatic="false" isGetter="false" isSetter="false">
              <Summary numSequencePoints="4" visitedSequencePoints="4" numBranchPoints="1" visitedBranchPoints="1" sequenceCoverage="100" branchCoverage="100" maxCyclomaticComplexity="1" minCyclomaticComplexity="1" maxCrapScore="1" minCrapScore="1" visitedClasses="0" numClasses="0" visitedMethods="1" numMethods="1" />
              <MetadataToken>100663306</MetadataToken>
              <Name>System.Void BancoTabajara.Infra.ORM.Features.Contas.ContaRepository::.ctor(BancoTabajara.Infra.ORM.Context.BancoTabajaraContext)</Name>
              <FileRef uid="41" />
              <SequencePoints>
                <SequencePoint vc="6" uspid="163" ordinal="0" offset="0" sl="17" sc="64" el="17" ec="77" bec="0" bev="0" fileid="41" />
                <SequencePoint vc="6" uspid="164" ordinal="1" offset="8" sl="18" sc="9" el="18" ec="10" bec="0" bev="0" fileid="41" />
                <SequencePoint vc="6" uspid="165" ordinal="2" offset="9" sl="19" sc="13" el="19" ec="32" bec="0" bev="0" fileid="41" />
                <SequencePoint vc="6" uspid="166" ordinal="3" offset="16" sl="20" sc="9" el="20" ec="10" bec="0" bev="0" fileid="41" />
              </SequencePoints>
              <BranchPoints />
              <MethodPoint xsi:type="SequencePoint" vc="6" uspid="163" ordinal="0" offset="0" sl="17" sc="64" el="17" ec="77" bec="0" bev="0" fileid="41" />
            </Method>
          </Methods>
        </Class>
        <Class>
          <Summary numSequencePoints="8" visitedSequencePoints="8" numBranchPoints="1" visitedBranchPoints="1" sequenceCoverage="100" branchCoverage="100" maxCyclomaticComplexity="1" minCyclomaticComplexity="1" maxCrapScore="1" minCrapScore="1" visitedClasses="1" numClasses="1" visitedMethods="1" numMethods="1" />
          <FullName>BancoTabajara.Infra.ORM.Features.Clientes.ClienteConfiguration</FullName>
          <Methods>
            <Method visited="true" cyclomaticComplexity="1" nPathComplexity="0" sequenceCoverage="100" branchCoverage="100" crapScore="1" isConstructor="true" isStatic="false" isGetter="false" isSetter="false">
              <Summary numSequencePoints="8" visitedSequencePoints="8" numBranchPoints="1" visitedBranchPoints="1" sequenceCoverage="100" branchCoverage="100" maxCyclomaticComplexity="1" minCyclomaticComplexity="1" maxCrapScore="1" minCrapScore="1" visitedClasses="0" numClasses="0" visitedMethods="1" numMethods="1" />
              <MetadataToken>100663307</MetadataToken>
              <Name>System.Void BancoTabajara.Infra.ORM.Features.Clientes.ClienteConfiguration::.ctor()</Name>
              <FileRef uid="42" />
              <SequencePoints>
                <SequencePoint vc="1" uspid="167" ordinal="0" offset="0" sl="13" sc="9" el="13" ec="38" bec="0" bev="0" fileid="42" />
                <SequencePoint vc="1" uspid="168" ordinal="1" offset="7" sl="14" sc="9" el="14" ec="10" bec="0" bev="0" fileid="42" />
                <SequencePoint vc="1" uspid="169" ordinal="2" offset="8" sl="15" sc="13" el="15" ec="31" bec="0" bev="0" fileid="42" />
                <SequencePoint vc="1" uspid="170" ordinal="3" offset="72" sl="16" sc="13" el="16" ec="87" bec="0" bev="0" fileid="42" />
                <SequencePoint vc="1" uspid="171" ordinal="4" offset="163" sl="17" sc="13" el="17" ec="85" bec="0" bev="0" fileid="42" />
                <SequencePoint vc="1" uspid="172" ordinal="5" offset="254" sl="18" sc="13" el="18" ec="83" bec="0" bev="0" fileid="42" />
                <SequencePoint vc="1" uspid="173" ordinal="6" offset="345" sl="19" sc="13" el="19" ec="58" bec="0" bev="0" fileid="42" />
                <SequencePoint vc="1" uspid="174" ordinal="7" offset="414" sl="20" sc="9" el="20" ec="10" bec="0" bev="0" fileid="42" />
              </SequencePoints>
              <BranchPoints />
              <MethodPoint xsi:type="SequencePoint" vc="1" uspid="167" ordinal="0" offset="0" sl="13" sc="9" el="13" ec="38" bec="0" bev="0" fileid="42" />
            </Method>
          </Methods>
        </Class>
        <Class>
          <Summary numSequencePoints="0" visitedSequencePoints="0" numBranchPoints="0" visitedBranchPoints="0" sequenceCoverage="0" branchCoverage="0" maxCyclomaticComplexity="1" minCyclomaticComplexity="1" maxCrapScore="2" minCrapScore="2" visitedClasses="0" numClasses="0" visitedMethods="0" numMethods="0" />
          <FullName>BancoTabajara.Infra.ORM.Features.Clientes.ClienteConfiguration/&lt;&gt;c</FullName>
          <Methods>
            <Method visited="false" cyclomaticComplexity="1" nPathComplexity="0" sequenceCoverage="0" branchCoverage="0" crapScore="2" isConstructor="true" isStatic="true" isGetter="false" isSetter="false">
              <Summary numSequencePoints="0" visitedSequencePoints="0" numBranchPoints="0" visitedBranchPoints="0" sequenceCoverage="0" branchCoverage="0" maxCyclomaticComplexity="1" minCyclomaticComplexity="1" maxCrapScore="2" minCrapScore="2" visitedClasses="0" numClasses="0" visitedMethods="0" numMethods="0" />
              <MetadataToken>100663319</MetadataToken>
              <Name>System.Void BancoTabajara.Infra.ORM.Features.Clientes.ClienteConfiguration/&lt;&gt;c::.cctor()</Name>
              <SequencePoints />
              <BranchPoints />
              <MethodPoint vc="0" uspid="175" ordinal="0" offset="0" />
            </Method>
            <Method visited="false" cyclomaticComplexity="1" nPathComplexity="0" sequenceCoverage="0" branchCoverage="0" crapScore="2" isConstructor="true" isStatic="false" isGetter="false" isSetter="false">
              <Summary numSequencePoints="0" visitedSequencePoints="0" numBranchPoints="0" visitedBranchPoints="0" sequenceCoverage="0" branchCoverage="0" maxCyclomaticComplexity="1" minCyclomaticComplexity="1" maxCrapScore="2" minCrapScore="2" visitedClasses="0" numClasses="0" visitedMethods="0" numMethods="0" />
              <MetadataToken>100663320</MetadataToken>
              <Name>System.Void BancoTabajara.Infra.ORM.Features.Clientes.ClienteConfiguration/&lt;&gt;c::.ctor()</Name>
              <SequencePoints />
              <BranchPoints />
              <MethodPoint vc="0" uspid="176" ordinal="0" offset="0" />
            </Method>
          </Methods>
        </Class>
        <Class>
          <Summary numSequencePoints="4" visitedSequencePoints="4" numBranchPoints="1" visitedBranchPoints="1" sequenceCoverage="100" branchCoverage="100" maxCyclomaticComplexity="1" minCyclomaticComplexity="1" maxCrapScore="1" minCrapScore="1" visitedClasses="1" numClasses="1" visitedMethods="1" numMethods="1" />
          <FullName>BancoTabajara.Infra.ORM.Features.Clientes.ClienteRepository</FullName>
          <Methods>
            <Method visited="true" cyclomaticComplexity="1" nPathComplexity="0" sequenceCoverage="100" branchCoverage="100" crapScore="1" isConstructor="true" isStatic="false" isGetter="false" isSetter="false">
              <Summary numSequencePoints="4" visitedSequencePoints="4" numBranchPoints="1" visitedBranchPoints="1" sequenceCoverage="100" branchCoverage="100" maxCyclomaticComplexity="1" minCyclomaticComplexity="1" maxCrapScore="1" minCrapScore="1" visitedClasses="0" numClasses="0" visitedMethods="1" numMethods="1" />
              <MetadataToken>100663308</MetadataToken>
              <Name>System.Void BancoTabajara.Infra.ORM.Features.Clientes.ClienteRepository::.ctor(BancoTabajara.Infra.ORM.Context.BancoTabajaraContext)</Name>
              <FileRef uid="43" />
              <SequencePoints>
                <SequencePoint vc="6" uspid="177" ordinal="0" offset="0" sl="16" sc="66" el="16" ec="79" bec="0" bev="0" fileid="43" />
                <SequencePoint vc="6" uspid="178" ordinal="1" offset="8" sl="17" sc="9" el="17" ec="10" bec="0" bev="0" fileid="43" />
                <SequencePoint vc="6" uspid="179" ordinal="2" offset="9" sl="18" sc="13" el="18" ec="32" bec="0" bev="0" fileid="43" />
                <SequencePoint vc="6" uspid="180" ordinal="3" offset="16" sl="19" sc="9" el="19" ec="10" bec="0" bev="0" fileid="43" />
              </SequencePoints>
              <BranchPoints />
              <MethodPoint xsi:type="SequencePoint" vc="6" uspid="177" ordinal="0" offset="0" sl="16" sc="66" el="16" ec="79" bec="0" bev="0" fileid="43" />
            </Method>
          </Methods>
        </Class>
        <Class>
          <Summary numSequencePoints="24" visitedSequencePoints="24" numBranchPoints="6" visitedBranchPoints="6" sequenceCoverage="100" branchCoverage="100" maxCyclomaticComplexity="1" minCyclomaticComplexity="1" maxCrapScore="1" minCrapScore="1" visitedClasses="1" numClasses="1" visitedMethods="6" numMethods="6" />
          <FullName>BancoTabajara.Infra.ORM.Base.RepositorioBase`1</FullName>
          <Methods>
            <Method visited="true" cyclomaticComplexity="1" nPathComplexity="0" sequenceCoverage="100" branchCoverage="100" crapScore="1" isConstructor="true" isStatic="false" isGetter="false" isSetter="false">
              <Summary numSequencePoints="5" visitedSequencePoints="5" numBranchPoints="1" visitedBranchPoints="1" sequenceCoverage="100" branchCoverage="100" maxCyclomaticComplexity="1" minCyclomaticComplexity="1" maxCrapScore="1" minCrapScore="1" visitedClasses="0" numClasses="0" visitedMethods="1" numMethods="1" />
              <MetadataToken>100663309</MetadataToken>
              <Name>System.Void BancoTabajara.Infra.ORM.Base.RepositorioBase`1::.ctor(System.Data.Entity.DbContext)</Name>
              <FileRef uid="44" />
              <SequencePoints>
                <SequencePoint vc="12" uspid="181" ordinal="0" offset="0" sl="15" sc="9" el="15" ec="50" bec="0" bev="0" fileid="44" />
                <SequencePoint vc="12" uspid="182" ordinal="1" offset="7" sl="16" sc="9" el="16" ec="10" bec="0" bev="0" fileid="44" />
                <SequencePoint vc="12" uspid="183" ordinal="2" offset="8" sl="17" sc="13" el="17" ec="32" bec="0" bev="0" fileid="44" />
                <SequencePoint vc="12" uspid="184" ordinal="3" offset="15" sl="18" sc="13" el="18" ec="38" bec="0" bev="0" fileid="44" />
                <SequencePoint vc="12" uspid="185" ordinal="4" offset="27" sl="19" sc="9" el="19" ec="10" bec="0" bev="0" fileid="44" />
              </SequencePoints>
              <BranchPoints />
              <MethodPoint xsi:type="SequencePoint" vc="12" uspid="181" ordinal="0" offset="0" sl="15" sc="9" el="15" ec="50" bec="0" bev="0" fileid="44" />
            </Method>
            <Method visited="true" cyclomaticComplexity="1" nPathComplexity="0" sequenceCoverage="100" branchCoverage="100" crapScore="1" isConstructor="false" isStatic="false" isGetter="false" isSetter="false">
              <Summary numSequencePoints="5" visitedSequencePoints="5" numBranchPoints="1" visitedBranchPoints="1" sequenceCoverage="100" branchCoverage="100" maxCyclomaticComplexity="1" minCyclomaticComplexity="1" maxCrapScore="1" minCrapScore="1" visitedClasses="0" numClasses="0" visitedMethods="1" numMethods="1" />
              <MetadataToken>100663310</MetadataToken>
              <Name>T BancoTabajara.Infra.ORM.Base.RepositorioBase`1::Add(T)</Name>
              <FileRef uid="44" />
              <SequencePoints>
                <SequencePoint vc="2" uspid="186" ordinal="0" offset="0" sl="22" sc="9" el="22" ec="10" bec="0" bev="0" fileid="44" />
                <SequencePoint vc="2" uspid="187" ordinal="1" offset="1" sl="23" sc="13" el="23" ec="31" bec="0" bev="0" fileid="44" />
                <SequencePoint vc="2" uspid="188" ordinal="2" offset="14" sl="24" sc="13" el="24" ec="36" bec="0" bev="0" fileid="44" />
                <SequencePoint vc="2" uspid="189" ordinal="3" offset="26" sl="25" sc="13" el="25" ec="27" bec="0" bev="0" fileid="44" />
                <SequencePoint vc="2" uspid="190" ordinal="4" offset="30" sl="26" sc="9" el="26" ec="10" bec="0" bev="0" fileid="44" />
              </SequencePoints>
              <BranchPoints />
              <MethodPoint xsi:type="SequencePoint" vc="2" uspid="186" ordinal="0" offset="0" sl="22" sc="9" el="22" ec="10" bec="0" bev="0" fileid="44" />
            </Method>
            <Method visited="true" cyclomaticComplexity="1" nPathComplexity="0" sequenceCoverage="100" branchCoverage="100" crapScore="1" isConstructor="false" isStatic="false" isGetter="false" isSetter="false">
              <Summary numSequencePoints="3" visitedSequencePoints="3" numBranchPoints="1" visitedBranchPoints="1" sequenceCoverage="100" branchCoverage="100" maxCyclomaticComplexity="1" minCyclomaticComplexity="1" maxCrapScore="1" minCrapScore="1" visitedClasses="0" numClasses="0" visitedMethods="1" numMethods="1" />
              <MetadataToken>100663311</MetadataToken>
              <Name>T BancoTabajara.Infra.ORM.Base.RepositorioBase`1::GetById(System.Int32)</Name>
              <FileRef uid="44" />
              <SequencePoints>
                <SequencePoint vc="4" uspid="191" ordinal="0" offset="0" sl="29" sc="9" el="29" ec="10" bec="0" bev="0" fileid="44" />
                <SequencePoint vc="4" uspid="192" ordinal="1" offset="1" sl="30" sc="13" el="30" ec="35" bec="0" bev="0" fileid="44" />
                <SequencePoint vc="4" uspid="193" ordinal="2" offset="30" sl="31" sc="9" el="31" ec="10" bec="0" bev="0" fileid="44" />
              </SequencePoints>
              <BranchPoints />
              <MethodPoint xsi:type="SequencePoint" vc="4" uspid="191" ordinal="0" offset="0" sl="29" sc="9" el="29" ec="10" bec="0" bev="0" fileid="44" />
            </Method>
            <Method visited="true" cyclomaticComplexity="1" nPathComplexity="0" sequenceCoverage="100" branchCoverage="100" crapScore="1" isConstructor="false" isStatic="false" isGetter="false" isSetter="false">
              <Summary numSequencePoints="3" visitedSequencePoints="3" numBranchPoints="1" visitedBranchPoints="1" sequenceCoverage="100" branchCoverage="100" maxCyclomaticComplexity="1" minCyclomaticComplexity="1" maxCrapScore="1" minCrapScore="1" visitedClasses="0" numClasses="0" visitedMethods="1" numMethods="1" />
              <MetadataToken>100663312</MetadataToken>
              <Name>System.Linq.IQueryable`1&lt;T&gt; BancoTabajara.Infra.ORM.Base.RepositorioBase`1::GetAll()</Name>
              <FileRef uid="44" />
              <SequencePoints>
                <SequencePoint vc="2" uspid="194" ordinal="0" offset="0" sl="34" sc="9" el="34" ec="10" bec="0" bev="0" fileid="44" />
                <SequencePoint vc="2" uspid="195" ordinal="1" offset="1" sl="35" sc="13" el="35" ec="26" bec="0" bev="0" fileid="44" />
                <SequencePoint vc="2" uspid="196" ordinal="2" offset="10" sl="36" sc="9" el="36" ec="10" bec="0" bev="0" fileid="44" />
              </SequencePoints>
              <BranchPoints />
              <MethodPoint xsi:type="SequencePoint" vc="2" uspid="194" ordinal="0" offset="0" sl="34" sc="9" el="34" ec="10" bec="0" bev="0" fileid="44" />
            </Method>
            <Method visited="true" cyclomaticComplexity="1" nPathComplexity="0" sequenceCoverage="100" branchCoverage="100" crapScore="1" isConstructor="false" isStatic="false" isGetter="false" isSetter="false">
              <Summary numSequencePoints="4" visitedSequencePoints="4" numBranchPoints="1" visitedBranchPoints="1" sequenceCoverage="100" branchCoverage="100" maxCyclomaticComplexity="1" minCyclomaticComplexity="1" maxCrapScore="1" minCrapScore="1" visitedClasses="0" numClasses="0" visitedMethods="1" numMethods="1" />
              <MetadataToken>100663313</MetadataToken>
              <Name>System.Boolean BancoTabajara.Infra.ORM.Base.RepositorioBase`1::Delete(T)</Name>
              <FileRef uid="44" />
              <SequencePoints>
                <SequencePoint vc="2" uspid="197" ordinal="0" offset="0" sl="39" sc="9" el="39" ec="10" bec="0" bev="0" fileid="44" />
                <SequencePoint vc="2" uspid="198" ordinal="1" offset="1" sl="40" sc="13" el="40" ec="34" bec="0" bev="0" fileid="44" />
                <SequencePoint vc="2" uspid="199" ordinal="2" offset="14" sl="41" sc="13" el="41" ec="47" bec="0" bev="0" fileid="44" />
                <SequencePoint vc="2" uspid="200" ordinal="3" offset="31" sl="42" sc="9" el="42" ec="10" bec="0" bev="0" fileid="44" />
              </SequencePoints>
              <BranchPoints />
              <MethodPoint xsi:type="SequencePoint" vc="2" uspid="197" ordinal="0" offset="0" sl="39" sc="9" el="39" ec="10" bec="0" bev="0" fileid="44" />
            </Method>
            <Method visited="true" cyclomaticComplexity="1" nPathComplexity="0" sequenceCoverage="100" branchCoverage="100" crapScore="1" isConstructor="false" isStatic="false" isGetter="false" isSetter="false">
              <Summary numSequencePoints="4" visitedSequencePoints="4" numBranchPoints="1" visitedBranchPoints="1" sequenceCoverage="100" branchCoverage="100" maxCyclomaticComplexity="1" minCyclomaticComplexity="1" maxCrapScore="1" minCrapScore="1" visitedClasses="0" numClasses="0" visitedMethods="1" numMethods="1" />
              <MetadataToken>100663314</MetadataToken>
              <Name>System.Boolean BancoTabajara.Infra.ORM.Base.RepositorioBase`1::Update(T)</Name>
              <FileRef uid="44" />
              <SequencePoints>
                <SequencePoint vc="2" uspid="201" ordinal="0" offset="0" sl="44" sc="9" el="44" ec="10" bec="0" bev="0" fileid="44" />
                <SequencePoint vc="2" uspid="202" ordinal="1" offset="1" sl="45" sc="13" el="45" ec="65" bec="0" bev="0" fileid="44" />
                <SequencePoint vc="2" uspid="203" ordinal="2" offset="21" sl="46" sc="13" el="46" ec="47" bec="0" bev="0" fileid="44" />
                <SequencePoint vc="2" uspid="204" ordinal="3" offset="38" sl="47" sc="9" el="47" ec="10" bec="0" bev="0" fileid="44" />
              </SequencePoints>
              <BranchPoints />
              <MethodPoint xsi:type="SequencePoint" vc="2" uspid="201" ordinal="0" offset="0" sl="44" sc="9" el="44" ec="10" bec="0" bev="0" fileid="44" />
            </Method>
          </Methods>
        </Class>
      </Classes>
    </Module>
  </Modules>
</CoverageSession>