<?xml version="1.0" encoding="utf-8"?>
<CoverageSession xmlns:xsd="http://www.w3.org/2001/XMLSchema" xmlns:xsi="http://www.w3.org/2001/XMLSchema-instance" Version="4.6.0.0">
  <Summary numSequencePoints="521" visitedSequencePoints="406" numBranchPoints="176" visitedBranchPoints="139" sequenceCoverage="77.93" branchCoverage="78.98" maxCyclomaticComplexity="19" minCyclomaticComplexity="1" maxCrapScore="380" minCrapScore="1" visitedClasses="37" numClasses="46" visitedMethods="92" numMethods="122" />
  <Modules>
    <Module hash="F4-78-06-02-76-E1-42-34-91-51-C4-E8-DD-1D-87-73-05-24-5D-AA">
      <Summary numSequencePoints="131" visitedSequencePoints="131" numBranchPoints="37" visitedBranchPoints="37" sequenceCoverage="100" branchCoverage="100" maxCyclomaticComplexity="3" minCyclomaticComplexity="1" maxCrapScore="3" minCrapScore="1" visitedClasses="11" numClasses="11" visitedMethods="27" numMethods="27" />
      <ModulePath>C:\Users\ndduser\Desktop\Academia-2018\Dupla 6\ws-banco-tabajara-cqrs\BancoTabajara\BancoTabajara.Applications.Tests\bin\Debug\BancoTabajara.Applications.dll</ModulePath>
      <ModuleTime>2018-08-09T17:27:02.7104877Z</ModuleTime>
      <ModuleName>BancoTabajara.Applications</ModuleName>
      <Files>
        <File uid="1" fullPath="C:\Users\ndduser\Desktop\Academia-2018\Dupla 6\ws-banco-tabajara-cqrs\BancoTabajara\BancoTabajara.Applications\Mapping\AutoMapperInitializer.cs" />
        <File uid="3" fullPath="C:\Users\ndduser\Desktop\Academia-2018\Dupla 6\ws-banco-tabajara-cqrs\BancoTabajara\BancoTabajara.Applications\Features\Contas\ContaService.cs" />
        <File uid="4" fullPath="C:\Users\ndduser\Desktop\Academia-2018\Dupla 6\ws-banco-tabajara-cqrs\BancoTabajara\BancoTabajara.Applications\Features\Clientes\ClienteService.cs" />
        <File uid="5" fullPath="C:\Users\ndduser\Desktop\Academia-2018\Dupla 6\ws-banco-tabajara-cqrs\BancoTabajara\BancoTabajara.Applications\Features\Clientes\MappingProfile.cs" />
        <File uid="6" fullPath="C:\Users\ndduser\Desktop\Academia-2018\Dupla 6\ws-banco-tabajara-cqrs\BancoTabajara\BancoTabajara.Applications\Features\Clientes\Queries\ClienteQuery.cs" />
        <File uid="7" fullPath="C:\Users\ndduser\Desktop\Academia-2018\Dupla 6\ws-banco-tabajara-cqrs\BancoTabajara\BancoTabajara.Applications\Features\Clientes\ViewModel\ClienteViewModel.cs" />
        <File uid="8" fullPath="C:\Users\ndduser\Desktop\Academia-2018\Dupla 6\ws-banco-tabajara-cqrs\BancoTabajara\BancoTabajara.Applications\Features\Clientes\Commands\ClienteRegisterCommand.cs" />
        <File uid="10" fullPath="C:\Users\ndduser\Desktop\Academia-2018\Dupla 6\ws-banco-tabajara-cqrs\BancoTabajara\BancoTabajara.Applications\Features\Clientes\Commands\ClienteRemoveCommand.cs" />
        <File uid="12" fullPath="C:\Users\ndduser\Desktop\Academia-2018\Dupla 6\ws-banco-tabajara-cqrs\BancoTabajara\BancoTabajara.Applications\Features\Clientes\Commands\ClienteUpdateCommand.cs" />
      </Files>
      <Classes>
        <Class>
          <Summary numSequencePoints="4" visitedSequencePoints="4" numBranchPoints="2" visitedBranchPoints="2" sequenceCoverage="100" branchCoverage="100" maxCyclomaticComplexity="2" minCyclomaticComplexity="1" maxCrapScore="2" minCrapScore="1" visitedClasses="1" numClasses="1" visitedMethods="2" numMethods="2" />
          <FullName>BancoTabajara.Applications.Mapping.AutoMapperInitializer</FullName>
          <Methods>
            <Method visited="true" cyclomaticComplexity="2" nPathComplexity="0" sequenceCoverage="100" branchCoverage="100" crapScore="2" isConstructor="false" isStatic="true" isGetter="false" isSetter="false">
              <Summary numSequencePoints="3" visitedSequencePoints="3" numBranchPoints="1" visitedBranchPoints="1" sequenceCoverage="100" branchCoverage="100" maxCyclomaticComplexity="2" minCyclomaticComplexity="2" maxCrapScore="2" minCrapScore="2" visitedClasses="0" numClasses="0" visitedMethods="1" numMethods="1" />
              <MetadataToken>100663297</MetadataToken>
              <Name>System.Void BancoTabajara.Applications.Mapping.AutoMapperInitializer::Initialize()</Name>
              <FileRef uid="1" />
              <SequencePoints>
                <SequencePoint vc="4" uspid="1" ordinal="0" offset="0" sl="13" sc="9" el="13" ec="10" bec="0" bev="0" fileid="1" />
                <SequencePoint vc="4" uspid="2" ordinal="1" offset="1" sl="14" sc="13" el="17" ec="16" bec="0" bev="0" fileid="1" />
                <SequencePoint vc="4" uspid="3" ordinal="2" offset="38" sl="18" sc="9" el="18" ec="10" bec="0" bev="0" fileid="1" />
              </SequencePoints>
              <BranchPoints />
              <MethodPoint xsi:type="SequencePoint" vc="4" uspid="1" ordinal="0" offset="0" sl="13" sc="9" el="13" ec="10" bec="0" bev="0" fileid="1" />
            </Method>
            <Method visited="true" cyclomaticComplexity="1" nPathComplexity="0" sequenceCoverage="100" branchCoverage="100" crapScore="1" isConstructor="false" isStatic="true" isGetter="false" isSetter="false">
              <Summary numSequencePoints="1" visitedSequencePoints="1" numBranchPoints="1" visitedBranchPoints="1" sequenceCoverage="100" branchCoverage="100" maxCyclomaticComplexity="1" minCyclomaticComplexity="1" maxCrapScore="1" minCrapScore="1" visitedClasses="0" numClasses="0" visitedMethods="1" numMethods="1" />
              <MetadataToken>100663298</MetadataToken>
              <Name>System.Void BancoTabajara.Applications.Mapping.AutoMapperInitializer::Reset()</Name>
              <FileRef uid="1" />
              <SequencePoints>
                <SequencePoint vc="4" uspid="6" ordinal="0" offset="0" sl="20" sc="39" el="20" ec="53" bec="0" bev="0" fileid="1" />
              </SequencePoints>
              <BranchPoints />
              <MethodPoint xsi:type="SequencePoint" vc="4" uspid="6" ordinal="0" offset="0" sl="20" sc="39" el="20" ec="53" bec="0" bev="0" fileid="1" />
            </Method>
            <Method visited="false" cyclomaticComplexity="1" nPathComplexity="0" sequenceCoverage="0" branchCoverage="0" crapScore="2" isConstructor="true" isStatic="false" isGetter="false" isSetter="false">
              <Summary numSequencePoints="0" visitedSequencePoints="0" numBranchPoints="0" visitedBranchPoints="0" sequenceCoverage="0" branchCoverage="0" maxCyclomaticComplexity="1" minCyclomaticComplexity="1" maxCrapScore="2" minCrapScore="2" visitedClasses="0" numClasses="0" visitedMethods="0" numMethods="0" />
              <MetadataToken>100663299</MetadataToken>
              <Name>System.Void BancoTabajara.Applications.Mapping.AutoMapperInitializer::.ctor()</Name>
              <SequencePoints />
              <BranchPoints />
              <MethodPoint vc="0" uspid="7" ordinal="0" offset="0" />
            </Method>
          </Methods>
        </Class>
        <Class>
          <Summary numSequencePoints="3" visitedSequencePoints="3" numBranchPoints="1" visitedBranchPoints="1" sequenceCoverage="100" branchCoverage="100" maxCyclomaticComplexity="1" minCyclomaticComplexity="1" maxCrapScore="2" minCrapScore="1" visitedClasses="1" numClasses="1" visitedMethods="1" numMethods="1" />
          <FullName>BancoTabajara.Applications.Mapping.AutoMapperInitializer/&lt;&gt;c</FullName>
          <Methods>
            <Method visited="false" cyclomaticComplexity="1" nPathComplexity="0" sequenceCoverage="0" branchCoverage="0" crapScore="2" isConstructor="true" isStatic="true" isGetter="false" isSetter="false">
              <Summary numSequencePoints="0" visitedSequencePoints="0" numBranchPoints="0" visitedBranchPoints="0" sequenceCoverage="0" branchCoverage="0" maxCyclomaticComplexity="1" minCyclomaticComplexity="1" maxCrapScore="2" minCrapScore="2" visitedClasses="0" numClasses="0" visitedMethods="0" numMethods="0" />
              <MetadataToken>100663373</MetadataToken>
              <Name>System.Void BancoTabajara.Applications.Mapping.AutoMapperInitializer/&lt;&gt;c::.cctor()</Name>
              <SequencePoints />
              <BranchPoints />
              <MethodPoint vc="0" uspid="8" ordinal="0" offset="0" />
            </Method>
            <Method visited="false" cyclomaticComplexity="1" nPathComplexity="0" sequenceCoverage="0" branchCoverage="0" crapScore="2" isConstructor="true" isStatic="false" isGetter="false" isSetter="false">
              <Summary numSequencePoints="0" visitedSequencePoints="0" numBranchPoints="0" visitedBranchPoints="0" sequenceCoverage="0" branchCoverage="0" maxCyclomaticComplexity="1" minCyclomaticComplexity="1" maxCrapScore="2" minCrapScore="2" visitedClasses="0" numClasses="0" visitedMethods="0" numMethods="0" />
              <MetadataToken>100663374</MetadataToken>
              <Name>System.Void BancoTabajara.Applications.Mapping.AutoMapperInitializer/&lt;&gt;c::.ctor()</Name>
              <SequencePoints />
              <BranchPoints />
              <MethodPoint vc="0" uspid="9" ordinal="0" offset="0" />
            </Method>
            <Method visited="true" cyclomaticComplexity="1" nPathComplexity="0" sequenceCoverage="100" branchCoverage="100" crapScore="1" isConstructor="false" isStatic="false" isGetter="false" isSetter="false">
              <Summary numSequencePoints="3" visitedSequencePoints="3" numBranchPoints="1" visitedBranchPoints="1" sequenceCoverage="100" branchCoverage="100" maxCyclomaticComplexity="1" minCyclomaticComplexity="1" maxCrapScore="1" minCrapScore="1" visitedClasses="0" numClasses="0" visitedMethods="1" numMethods="1" />
              <MetadataToken>100663375</MetadataToken>
              <Name>System.Void BancoTabajara.Applications.Mapping.AutoMapperInitializer/&lt;&gt;c::&lt;Initialize&gt;b__0_0(AutoMapper.IMapperConfigurationExpression)</Name>
              <FileRef uid="1" />
              <SequencePoints>
                <SequencePoint vc="4" uspid="10" ordinal="0" offset="0" sl="15" sc="13" el="15" ec="14" bec="0" bev="0" fileid="1" />
                <SequencePoint vc="4" uspid="11" ordinal="1" offset="1" sl="16" sc="17" el="16" ec="67" bec="0" bev="0" fileid="1" />
                <SequencePoint vc="4" uspid="12" ordinal="2" offset="27" sl="17" sc="13" el="17" ec="14" bec="0" bev="0" fileid="1" />
              </SequencePoints>
              <BranchPoints />
              <MethodPoint xsi:type="SequencePoint" vc="4" uspid="10" ordinal="0" offset="0" sl="15" sc="13" el="15" ec="14" bec="0" bev="0" fileid="1" />
            </Method>
          </Methods>
        </Class>
        <Class>
          <Summary numSequencePoints="66" visitedSequencePoints="66" numBranchPoints="19" visitedBranchPoints="19" sequenceCoverage="100" branchCoverage="100" maxCyclomaticComplexity="3" minCyclomaticComplexity="1" maxCrapScore="3" minCrapScore="1" visitedClasses="1" numClasses="1" visitedMethods="11" numMethods="11" />
          <FullName>BancoTabajara.Applications.Features.Contas.ContaService</FullName>
          <Methods>
            <Method visited="true" cyclomaticComplexity="1" nPathComplexity="0" sequenceCoverage="100" branchCoverage="100" crapScore="1" isConstructor="true" isStatic="false" isGetter="false" isSetter="false">
              <Summary numSequencePoints="5" visitedSequencePoints="5" numBranchPoints="1" visitedBranchPoints="1" sequenceCoverage="100" branchCoverage="100" maxCyclomaticComplexity="1" minCyclomaticComplexity="1" maxCrapScore="1" minCrapScore="1" visitedClasses="0" numClasses="0" visitedMethods="1" numMethods="1" />
              <MetadataToken>100663300</MetadataToken>
              <Name>System.Void BancoTabajara.Applications.Features.Contas.ContaService::.ctor(BancoTabajara.Domain.Features.Contas.IContaRepository,BancoTabajara.Domain.Features.Clientes.IClienteRepository)</Name>
              <FileRef uid="3" />
              <SequencePoints>
                <SequencePoint vc="22" uspid="13" ordinal="0" offset="0" sl="19" sc="9" el="19" ec="95" bec="0" bev="0" fileid="3" />
                <SequencePoint vc="22" uspid="14" ordinal="1" offset="7" sl="20" sc="9" el="20" ec="10" bec="0" bev="0" fileid="3" />
                <SequencePoint vc="22" uspid="15" ordinal="2" offset="8" sl="21" sc="13" el="21" ec="38" bec="0" bev="0" fileid="3" />
                <SequencePoint vc="22" uspid="16" ordinal="3" offset="15" sl="22" sc="13" el="22" ec="52" bec="0" bev="0" fileid="3" />
                <SequencePoint vc="22" uspid="17" ordinal="4" offset="22" sl="23" sc="9" el="23" ec="10" bec="0" bev="0" fileid="3" />
              </SequencePoints>
              <BranchPoints />
              <MethodPoint xsi:type="SequencePoint" vc="22" uspid="13" ordinal="0" offset="0" sl="19" sc="9" el="19" ec="95" bec="0" bev="0" fileid="3" />
            </Method>
            <Method visited="true" cyclomaticComplexity="2" nPathComplexity="2" sequenceCoverage="100" branchCoverage="100" crapScore="2" isConstructor="false" isStatic="false" isGetter="false" isSetter="false">
              <Summary numSequencePoints="6" visitedSequencePoints="6" numBranchPoints="3" visitedBranchPoints="3" sequenceCoverage="100" branchCoverage="100" maxCyclomaticComplexity="2" minCyclomaticComplexity="2" maxCrapScore="2" minCrapScore="2" visitedClasses="0" numClasses="0" visitedMethods="1" numMethods="1" />
              <MetadataToken>100663301</MetadataToken>
              <Name>System.Int32 BancoTabajara.Applications.Features.Contas.ContaService::Add(BancoTabajara.Domain.Features.Contas.Conta)</Name>
              <FileRef uid="3" />
              <SequencePoints>
                <SequencePoint vc="2" uspid="18" ordinal="0" offset="0" sl="26" sc="9" el="26" ec="10" bec="0" bev="0" fileid="3" />
                <SequencePoint vc="2" uspid="19" ordinal="1" offset="1" sl="27" sc="13" el="27" ec="29" bec="0" bev="0" fileid="3" />
                <SequencePoint vc="2" uspid="20" ordinal="2" offset="8" sl="28" sc="13" el="28" ec="107" bec="2" bev="2" fileid="3" />
                <SequencePoint vc="1" uspid="21" ordinal="3" offset="47" sl="29" sc="13" el="29" ec="52" bec="0" bev="0" fileid="3" />
                <SequencePoint vc="1" uspid="22" ordinal="4" offset="60" sl="30" sc="13" el="30" ec="33" bec="0" bev="0" fileid="3" />
                <SequencePoint vc="1" uspid="23" ordinal="5" offset="69" sl="31" sc="9" el="31" ec="10" bec="0" bev="0" fileid="3" />
              </SequencePoints>
              <BranchPoints>
                <BranchPoint vc="1" uspid="24" ordinal="0" offset="32" sl="28" path="0" offsetend="34" fileid="3" />
                <BranchPoint vc="1" uspid="25" ordinal="1" offset="32" sl="28" path="1" offsetend="41" fileid="3" />
              </BranchPoints>
              <MethodPoint xsi:type="SequencePoint" vc="2" uspid="18" ordinal="0" offset="0" sl="26" sc="9" el="26" ec="10" bec="0" bev="0" fileid="3" />
            </Method>
            <Method visited="true" cyclomaticComplexity="3" nPathComplexity="4" sequenceCoverage="100" branchCoverage="100" crapScore="3" isConstructor="false" isStatic="false" isGetter="false" isSetter="false">
              <Summary numSequencePoints="13" visitedSequencePoints="13" numBranchPoints="5" visitedBranchPoints="5" sequenceCoverage="100" branchCoverage="100" maxCyclomaticComplexity="3" minCyclomaticComplexity="3" maxCrapScore="3" minCrapScore="3" visitedClasses="0" numClasses="0" visitedMethods="1" numMethods="1" />
              <MetadataToken>100663302</MetadataToken>
              <Name>System.Boolean BancoTabajara.Applications.Features.Contas.ContaService::Update(BancoTabajara.Domain.Features.Contas.Conta)</Name>
              <FileRef uid="3" />
              <SequencePoints>
                <SequencePoint vc="4" uspid="26" ordinal="0" offset="0" sl="33" sc="9" el="33" ec="10" bec="0" bev="0" fileid="3" />
                <SequencePoint vc="4" uspid="27" ordinal="1" offset="1" sl="34" sc="13" el="34" ec="29" bec="0" bev="0" fileid="3" />
                <SequencePoint vc="4" uspid="28" ordinal="2" offset="8" sl="35" sc="13" el="35" ec="90" bec="2" bev="2" fileid="3" />
                <SequencePoint vc="3" uspid="29" ordinal="3" offset="36" sl="36" sc="13" el="36" ec="105" bec="2" bev="2" fileid="3" />
                <SequencePoint vc="2" uspid="30" ordinal="4" offset="69" sl="37" sc="13" el="37" ec="60" bec="0" bev="0" fileid="3" />
                <SequencePoint vc="1" uspid="31" ordinal="5" offset="82" sl="38" sc="13" el="38" ec="53" bec="0" bev="0" fileid="3" />
                <SequencePoint vc="1" uspid="32" ordinal="6" offset="95" sl="39" sc="13" el="39" ec="51" bec="0" bev="0" fileid="3" />
                <SequencePoint vc="1" uspid="33" ordinal="7" offset="108" sl="40" sc="13" el="40" ec="43" bec="0" bev="0" fileid="3" />
                <SequencePoint vc="1" uspid="34" ordinal="8" offset="121" sl="41" sc="13" el="41" ec="45" bec="0" bev="0" fileid="3" />
                <SequencePoint vc="1" uspid="35" ordinal="9" offset="134" sl="42" sc="13" el="42" ec="39" bec="0" bev="0" fileid="3" />
                <SequencePoint vc="1" uspid="36" ordinal="10" offset="142" sl="43" sc="13" el="43" ec="57" bec="0" bev="0" fileid="3" />
                <SequencePoint vc="1" uspid="37" ordinal="11" offset="155" sl="45" sc="13" el="45" ec="48" bec="0" bev="0" fileid="3" />
                <SequencePoint vc="1" uspid="38" ordinal="12" offset="170" sl="46" sc="9" el="46" ec="10" bec="0" bev="0" fileid="3" />
              </SequencePoints>
              <BranchPoints>
                <BranchPoint vc="1" uspid="39" ordinal="0" offset="26" sl="35" path="0" offsetend="28" fileid="3" />
                <BranchPoint vc="3" uspid="40" ordinal="1" offset="26" sl="35" path="1" offsetend="35" fileid="3" />
                <BranchPoint vc="1" uspid="41" ordinal="2" offset="59" sl="36" path="0" offsetend="61" fileid="3" />
                <BranchPoint vc="2" uspid="42" ordinal="3" offset="59" sl="36" path="1" offsetend="68" fileid="3" />
              </BranchPoints>
              <MethodPoint xsi:type="SequencePoint" vc="4" uspid="26" ordinal="0" offset="0" sl="33" sc="9" el="33" ec="10" bec="0" bev="0" fileid="3" />
            </Method>
            <Method visited="true" cyclomaticComplexity="1" nPathComplexity="0" sequenceCoverage="100" branchCoverage="100" crapScore="1" isConstructor="false" isStatic="false" isGetter="false" isSetter="false">
              <Summary numSequencePoints="3" visitedSequencePoints="3" numBranchPoints="1" visitedBranchPoints="1" sequenceCoverage="100" branchCoverage="100" maxCyclomaticComplexity="1" minCyclomaticComplexity="1" maxCrapScore="1" minCrapScore="1" visitedClasses="0" numClasses="0" visitedMethods="1" numMethods="1" />
              <MetadataToken>100663303</MetadataToken>
              <Name>System.Boolean BancoTabajara.Applications.Features.Contas.ContaService::Delete(BancoTabajara.Domain.Features.Contas.Conta)</Name>
              <FileRef uid="3" />
              <SequencePoints>
                <SequencePoint vc="2" uspid="43" ordinal="0" offset="0" sl="49" sc="9" el="49" ec="10" bec="0" bev="0" fileid="3" />
                <SequencePoint vc="2" uspid="44" ordinal="1" offset="1" sl="50" sc="13" el="50" ec="49" bec="0" bev="0" fileid="3" />
                <SequencePoint vc="1" uspid="45" ordinal="2" offset="21" sl="51" sc="9" el="51" ec="10" bec="0" bev="0" fileid="3" />
              </SequencePoints>
              <BranchPoints />
              <MethodPoint xsi:type="SequencePoint" vc="2" uspid="43" ordinal="0" offset="0" sl="49" sc="9" el="49" ec="10" bec="0" bev="0" fileid="3" />
            </Method>
            <Method visited="true" cyclomaticComplexity="1" nPathComplexity="0" sequenceCoverage="100" branchCoverage="100" crapScore="1" isConstructor="false" isStatic="false" isGetter="false" isSetter="false">
              <Summary numSequencePoints="3" visitedSequencePoints="3" numBranchPoints="1" visitedBranchPoints="1" sequenceCoverage="100" branchCoverage="100" maxCyclomaticComplexity="1" minCyclomaticComplexity="1" maxCrapScore="1" minCrapScore="1" visitedClasses="0" numClasses="0" visitedMethods="1" numMethods="1" />
              <MetadataToken>100663304</MetadataToken>
              <Name>System.Linq.IQueryable`1&lt;BancoTabajara.Domain.Features.Contas.Conta&gt; BancoTabajara.Applications.Features.Contas.ContaService::GetAll(System.Int32)</Name>
              <FileRef uid="3" />
              <SequencePoints>
                <SequencePoint vc="2" uspid="46" ordinal="0" offset="0" sl="54" sc="9" el="54" ec="10" bec="0" bev="0" fileid="3" />
                <SequencePoint vc="2" uspid="47" ordinal="1" offset="1" sl="55" sc="13" el="55" ec="51" bec="0" bev="0" fileid="3" />
                <SequencePoint vc="2" uspid="48" ordinal="2" offset="16" sl="56" sc="9" el="56" ec="10" bec="0" bev="0" fileid="3" />
              </SequencePoints>
              <BranchPoints />
              <MethodPoint xsi:type="SequencePoint" vc="2" uspid="46" ordinal="0" offset="0" sl="54" sc="9" el="54" ec="10" bec="0" bev="0" fileid="3" />
            </Method>
            <Method visited="true" cyclomaticComplexity="1" nPathComplexity="0" sequenceCoverage="100" branchCoverage="100" crapScore="1" isConstructor="false" isStatic="false" isGetter="false" isSetter="false">
              <Summary numSequencePoints="3" visitedSequencePoints="3" numBranchPoints="1" visitedBranchPoints="1" sequenceCoverage="100" branchCoverage="100" maxCyclomaticComplexity="1" minCyclomaticComplexity="1" maxCrapScore="1" minCrapScore="1" visitedClasses="0" numClasses="0" visitedMethods="1" numMethods="1" />
              <MetadataToken>100663305</MetadataToken>
              <Name>BancoTabajara.Domain.Features.Contas.Conta BancoTabajara.Applications.Features.Contas.ContaService::GetById(System.Int32)</Name>
              <FileRef uid="3" />
              <SequencePoints>
                <SequencePoint vc="2" uspid="49" ordinal="0" offset="0" sl="59" sc="9" el="59" ec="10" bec="0" bev="0" fileid="3" />
                <SequencePoint vc="2" uspid="50" ordinal="1" offset="1" sl="60" sc="13" el="60" ec="44" bec="0" bev="0" fileid="3" />
                <SequencePoint vc="1" uspid="51" ordinal="2" offset="16" sl="61" sc="9" el="61" ec="10" bec="0" bev="0" fileid="3" />
              </SequencePoints>
              <BranchPoints />
              <MethodPoint xsi:type="SequencePoint" vc="2" uspid="49" ordinal="0" offset="0" sl="59" sc="9" el="59" ec="10" bec="0" bev="0" fileid="3" />
            </Method>
            <Method visited="true" cyclomaticComplexity="1" nPathComplexity="0" sequenceCoverage="100" branchCoverage="100" crapScore="1" isConstructor="false" isStatic="false" isGetter="false" isSetter="false">
              <Summary numSequencePoints="5" visitedSequencePoints="5" numBranchPoints="1" visitedBranchPoints="1" sequenceCoverage="100" branchCoverage="100" maxCyclomaticComplexity="1" minCyclomaticComplexity="1" maxCrapScore="1" minCrapScore="1" visitedClasses="0" numClasses="0" visitedMethods="1" numMethods="1" />
              <MetadataToken>100663306</MetadataToken>
              <Name>System.Boolean BancoTabajara.Applications.Features.Contas.ContaService::AlterarEstado(System.Int32)</Name>
              <FileRef uid="3" />
              <SequencePoints>
                <SequencePoint vc="1" uspid="52" ordinal="0" offset="0" sl="64" sc="9" el="64" ec="10" bec="0" bev="0" fileid="3" />
                <SequencePoint vc="1" uspid="53" ordinal="1" offset="1" sl="65" sc="13" el="65" ec="49" bec="0" bev="0" fileid="3" />
                <SequencePoint vc="1" uspid="54" ordinal="2" offset="14" sl="66" sc="13" el="66" ec="35" bec="0" bev="0" fileid="3" />
                <SequencePoint vc="1" uspid="55" ordinal="3" offset="21" sl="67" sc="13" el="67" ec="46" bec="0" bev="0" fileid="3" />
                <SequencePoint vc="1" uspid="56" ordinal="4" offset="36" sl="68" sc="9" el="68" ec="10" bec="0" bev="0" fileid="3" />
              </SequencePoints>
              <BranchPoints />
              <MethodPoint xsi:type="SequencePoint" vc="1" uspid="52" ordinal="0" offset="0" sl="64" sc="9" el="64" ec="10" bec="0" bev="0" fileid="3" />
            </Method>
            <Method visited="true" cyclomaticComplexity="1" nPathComplexity="0" sequenceCoverage="100" branchCoverage="100" crapScore="1" isConstructor="false" isStatic="false" isGetter="false" isSetter="false">
              <Summary numSequencePoints="6" visitedSequencePoints="6" numBranchPoints="1" visitedBranchPoints="1" sequenceCoverage="100" branchCoverage="100" maxCyclomaticComplexity="1" minCyclomaticComplexity="1" maxCrapScore="1" minCrapScore="1" visitedClasses="0" numClasses="0" visitedMethods="1" numMethods="1" />
              <MetadataToken>100663307</MetadataToken>
              <Name>System.Boolean BancoTabajara.Applications.Features.Contas.ContaService::EfetuarDeposito(System.Int32,System.Double)</Name>
              <FileRef uid="3" />
              <SequencePoints>
                <SequencePoint vc="1" uspid="57" ordinal="0" offset="0" sl="71" sc="9" el="71" ec="10" bec="0" bev="0" fileid="3" />
                <SequencePoint vc="1" uspid="58" ordinal="1" offset="1" sl="72" sc="13" el="72" ec="49" bec="0" bev="0" fileid="3" />
                <SequencePoint vc="1" uspid="59" ordinal="2" offset="14" sl="73" sc="13" el="73" ec="43" bec="0" bev="0" fileid="3" />
                <SequencePoint vc="1" uspid="60" ordinal="3" offset="22" sl="74" sc="13" el="74" ec="29" bec="0" bev="0" fileid="3" />
                <SequencePoint vc="1" uspid="61" ordinal="4" offset="29" sl="75" sc="13" el="75" ec="46" bec="0" bev="0" fileid="3" />
                <SequencePoint vc="1" uspid="62" ordinal="5" offset="44" sl="76" sc="9" el="76" ec="10" bec="0" bev="0" fileid="3" />
              </SequencePoints>
              <BranchPoints />
              <MethodPoint xsi:type="SequencePoint" vc="1" uspid="57" ordinal="0" offset="0" sl="71" sc="9" el="71" ec="10" bec="0" bev="0" fileid="3" />
            </Method>
            <Method visited="true" cyclomaticComplexity="1" nPathComplexity="0" sequenceCoverage="100" branchCoverage="100" crapScore="1" isConstructor="false" isStatic="false" isGetter="false" isSetter="false">
              <Summary numSequencePoints="6" visitedSequencePoints="6" numBranchPoints="1" visitedBranchPoints="1" sequenceCoverage="100" branchCoverage="100" maxCyclomaticComplexity="1" minCyclomaticComplexity="1" maxCrapScore="1" minCrapScore="1" visitedClasses="0" numClasses="0" visitedMethods="1" numMethods="1" />
              <MetadataToken>100663308</MetadataToken>
              <Name>System.Boolean BancoTabajara.Applications.Features.Contas.ContaService::EfetuarSaque(System.Int32,System.Double)</Name>
              <FileRef uid="3" />
              <SequencePoints>
                <SequencePoint vc="2" uspid="63" ordinal="0" offset="0" sl="79" sc="9" el="79" ec="10" bec="0" bev="0" fileid="3" />
                <SequencePoint vc="2" uspid="64" ordinal="1" offset="1" sl="80" sc="13" el="80" ec="49" bec="0" bev="0" fileid="3" />
                <SequencePoint vc="2" uspid="65" ordinal="2" offset="14" sl="81" sc="13" el="81" ec="40" bec="0" bev="0" fileid="3" />
                <SequencePoint vc="1" uspid="66" ordinal="3" offset="22" sl="82" sc="13" el="82" ec="29" bec="0" bev="0" fileid="3" />
                <SequencePoint vc="1" uspid="67" ordinal="4" offset="29" sl="83" sc="13" el="83" ec="46" bec="0" bev="0" fileid="3" />
                <SequencePoint vc="1" uspid="68" ordinal="5" offset="44" sl="84" sc="9" el="84" ec="10" bec="0" bev="0" fileid="3" />
              </SequencePoints>
              <BranchPoints />
              <MethodPoint xsi:type="SequencePoint" vc="2" uspid="63" ordinal="0" offset="0" sl="79" sc="9" el="79" ec="10" bec="0" bev="0" fileid="3" />
            </Method>
            <Method visited="true" cyclomaticComplexity="2" nPathComplexity="2" sequenceCoverage="100" branchCoverage="100" crapScore="2" isConstructor="false" isStatic="false" isGetter="false" isSetter="false">
              <Summary numSequencePoints="12" visitedSequencePoints="12" numBranchPoints="3" visitedBranchPoints="3" sequenceCoverage="100" branchCoverage="100" maxCyclomaticComplexity="2" minCyclomaticComplexity="2" maxCrapScore="2" minCrapScore="2" visitedClasses="0" numClasses="0" visitedMethods="1" numMethods="1" />
              <MetadataToken>100663309</MetadataToken>
              <Name>System.Boolean BancoTabajara.Applications.Features.Contas.ContaService::EfetuarTrasferencia(System.Int32,System.Int32,System.Double)</Name>
              <FileRef uid="3" />
              <SequencePoints>
                <SequencePoint vc="3" uspid="69" ordinal="0" offset="0" sl="87" sc="9" el="87" ec="10" bec="0" bev="0" fileid="3" />
                <SequencePoint vc="3" uspid="70" ordinal="1" offset="1" sl="88" sc="13" el="88" ec="61" bec="0" bev="0" fileid="3" />
                <SequencePoint vc="3" uspid="71" ordinal="2" offset="14" sl="89" sc="13" el="89" ec="63" bec="0" bev="0" fileid="3" />
                <SequencePoint vc="3" uspid="72" ordinal="3" offset="27" sl="90" sc="13" el="90" ec="68" bec="0" bev="0" fileid="3" />
                <SequencePoint vc="2" uspid="73" ordinal="4" offset="36" sl="91" sc="13" el="91" ec="35" bec="0" bev="0" fileid="3" />
                <SequencePoint vc="2" uspid="74" ordinal="5" offset="43" sl="92" sc="13" el="92" ec="61" bec="0" bev="0" fileid="3" />
                <SequencePoint vc="2" uspid="75" ordinal="6" offset="56" sl="93" sc="13" el="93" ec="27" bec="2" bev="2" fileid="3" />
                <SequencePoint vc="1" uspid="76" ordinal="7" offset="61" sl="94" sc="13" el="94" ec="14" bec="0" bev="0" fileid="3" />
                <SequencePoint vc="1" uspid="77" ordinal="8" offset="62" sl="95" sc="17" el="95" ec="40" bec="0" bev="0" fileid="3" />
                <SequencePoint vc="1" uspid="78" ordinal="9" offset="69" sl="96" sc="17" el="96" ec="57" bec="0" bev="0" fileid="3" />
                <SequencePoint vc="1" uspid="79" ordinal="10" offset="85" sl="99" sc="17" el="99" ec="34" bec="0" bev="0" fileid="3" />
                <SequencePoint vc="2" uspid="80" ordinal="11" offset="90" sl="100" sc="9" el="100" ec="10" bec="0" bev="0" fileid="3" />
              </SequencePoints>
              <BranchPoints>
                <BranchPoint vc="1" uspid="81" ordinal="0" offset="59" sl="93" path="0" offsetend="61" fileid="3" />
                <BranchPoint vc="1" uspid="82" ordinal="1" offset="59" sl="93" path="1" offsetend="85" fileid="3" />
              </BranchPoints>
              <MethodPoint xsi:type="SequencePoint" vc="3" uspid="69" ordinal="0" offset="0" sl="87" sc="9" el="87" ec="10" bec="0" bev="0" fileid="3" />
            </Method>
            <Method visited="true" cyclomaticComplexity="1" nPathComplexity="0" sequenceCoverage="100" branchCoverage="100" crapScore="1" isConstructor="false" isStatic="false" isGetter="false" isSetter="false">
              <Summary numSequencePoints="4" visitedSequencePoints="4" numBranchPoints="1" visitedBranchPoints="1" sequenceCoverage="100" branchCoverage="100" maxCyclomaticComplexity="1" minCyclomaticComplexity="1" maxCrapScore="1" minCrapScore="1" visitedClasses="0" numClasses="0" visitedMethods="1" numMethods="1" />
              <MetadataToken>100663310</MetadataToken>
              <Name>BancoTabajara.Domain.Features.Extratos.Extrato BancoTabajara.Applications.Features.Contas.ContaService::GetExtrato(System.Int32)</Name>
              <FileRef uid="3" />
              <SequencePoints>
                <SequencePoint vc="1" uspid="83" ordinal="0" offset="0" sl="103" sc="9" el="103" ec="10" bec="0" bev="0" fileid="3" />
                <SequencePoint vc="1" uspid="84" ordinal="1" offset="1" sl="104" sc="13" el="104" ec="54" bec="0" bev="0" fileid="3" />
                <SequencePoint vc="1" uspid="85" ordinal="2" offset="14" sl="105" sc="13" el="105" ec="41" bec="0" bev="0" fileid="3" />
                <SequencePoint vc="1" uspid="86" ordinal="3" offset="23" sl="106" sc="9" el="106" ec="10" bec="0" bev="0" fileid="3" />
              </SequencePoints>
              <BranchPoints />
              <MethodPoint xsi:type="SequencePoint" vc="1" uspid="83" ordinal="0" offset="0" sl="103" sc="9" el="103" ec="10" bec="0" bev="0" fileid="3" />
            </Method>
          </Methods>
        </Class>
        <Class>
          <Summary numSequencePoints="25" visitedSequencePoints="25" numBranchPoints="8" visitedBranchPoints="8" sequenceCoverage="100" branchCoverage="100" maxCyclomaticComplexity="2" minCyclomaticComplexity="1" maxCrapScore="2" minCrapScore="1" visitedClasses="1" numClasses="1" visitedMethods="6" numMethods="6" />
          <FullName>BancoTabajara.Applications.Features.Clientes.ClienteService</FullName>
          <Methods>
            <Method visited="true" cyclomaticComplexity="1" nPathComplexity="0" sequenceCoverage="100" branchCoverage="100" crapScore="1" isConstructor="true" isStatic="false" isGetter="false" isSetter="false">
              <Summary numSequencePoints="4" visitedSequencePoints="4" numBranchPoints="1" visitedBranchPoints="1" sequenceCoverage="100" branchCoverage="100" maxCyclomaticComplexity="1" minCyclomaticComplexity="1" maxCrapScore="1" minCrapScore="1" visitedClasses="0" numClasses="0" visitedMethods="1" numMethods="1" />
              <MetadataToken>100663321</MetadataToken>
              <Name>System.Void BancoTabajara.Applications.Features.Clientes.ClienteService::.ctor(BancoTabajara.Domain.Features.Clientes.IClienteRepository)</Name>
              <FileRef uid="4" />
              <SequencePoints>
                <SequencePoint vc="8" uspid="87" ordinal="0" offset="0" sl="17" sc="9" el="17" ec="61" bec="0" bev="0" fileid="4" />
                <SequencePoint vc="8" uspid="88" ordinal="1" offset="7" sl="18" sc="9" el="18" ec="10" bec="0" bev="0" fileid="4" />
                <SequencePoint vc="8" uspid="89" ordinal="2" offset="8" sl="19" sc="13" el="19" ec="38" bec="0" bev="0" fileid="4" />
                <SequencePoint vc="8" uspid="90" ordinal="3" offset="15" sl="20" sc="9" el="20" ec="10" bec="0" bev="0" fileid="4" />
              </SequencePoints>
              <BranchPoints />
              <MethodPoint xsi:type="SequencePoint" vc="8" uspid="87" ordinal="0" offset="0" sl="17" sc="9" el="17" ec="61" bec="0" bev="0" fileid="4" />
            </Method>
            <Method visited="true" cyclomaticComplexity="1" nPathComplexity="0" sequenceCoverage="100" branchCoverage="100" crapScore="1" isConstructor="false" isStatic="false" isGetter="false" isSetter="false">
              <Summary numSequencePoints="5" visitedSequencePoints="5" numBranchPoints="1" visitedBranchPoints="1" sequenceCoverage="100" branchCoverage="100" maxCyclomaticComplexity="1" minCyclomaticComplexity="1" maxCrapScore="1" minCrapScore="1" visitedClasses="0" numClasses="0" visitedMethods="1" numMethods="1" />
              <MetadataToken>100663322</MetadataToken>
              <Name>System.Int32 BancoTabajara.Applications.Features.Clientes.ClienteService::Add(BancoTabajara.Applications.Features.Clientes.Commands.ClienteRegisterCommand)</Name>
              <FileRef uid="4" />
              <SequencePoints>
                <SequencePoint vc="1" uspid="91" ordinal="0" offset="0" sl="23" sc="9" el="23" ec="10" bec="0" bev="0" fileid="4" />
                <SequencePoint vc="1" uspid="92" ordinal="1" offset="1" sl="24" sc="13" el="24" ec="83" bec="0" bev="0" fileid="4" />
                <SequencePoint vc="1" uspid="93" ordinal="2" offset="8" sl="26" sc="13" el="26" ec="59" bec="0" bev="0" fileid="4" />
                <SequencePoint vc="1" uspid="94" ordinal="3" offset="21" sl="27" sc="13" el="27" ec="35" bec="0" bev="0" fileid="4" />
                <SequencePoint vc="1" uspid="95" ordinal="4" offset="30" sl="28" sc="9" el="28" ec="10" bec="0" bev="0" fileid="4" />
              </SequencePoints>
              <BranchPoints />
              <MethodPoint xsi:type="SequencePoint" vc="1" uspid="91" ordinal="0" offset="0" sl="23" sc="9" el="23" ec="10" bec="0" bev="0" fileid="4" />
            </Method>
            <Method visited="true" cyclomaticComplexity="2" nPathComplexity="2" sequenceCoverage="100" branchCoverage="100" crapScore="2" isConstructor="false" isStatic="false" isGetter="false" isSetter="false">
              <Summary numSequencePoints="7" visitedSequencePoints="7" numBranchPoints="3" visitedBranchPoints="3" sequenceCoverage="100" branchCoverage="100" maxCyclomaticComplexity="2" minCyclomaticComplexity="2" maxCrapScore="2" minCrapScore="2" visitedClasses="0" numClasses="0" visitedMethods="1" numMethods="1" />
              <MetadataToken>100663323</MetadataToken>
              <Name>System.Boolean BancoTabajara.Applications.Features.Clientes.ClienteService::Update(BancoTabajara.Applications.Features.Clientes.Commands.ClienteUpdateCommand)</Name>
              <FileRef uid="4" />
              <SequencePoints>
                <SequencePoint vc="2" uspid="96" ordinal="0" offset="0" sl="30" sc="9" el="30" ec="10" bec="0" bev="0" fileid="4" />
                <SequencePoint vc="2" uspid="97" ordinal="1" offset="1" sl="31" sc="13" el="31" ec="61" bec="0" bev="0" fileid="4" />
                <SequencePoint vc="2" uspid="98" ordinal="2" offset="19" sl="32" sc="13" el="32" ec="35" bec="2" bev="2" fileid="4" />
                <SequencePoint vc="1" uspid="99" ordinal="3" offset="30" sl="33" sc="17" el="33" ec="47" bec="0" bev="0" fileid="4" />
                <SequencePoint vc="1" uspid="100" ordinal="4" offset="36" sl="35" sc="13" el="35" ec="64" bec="0" bev="0" fileid="4" />
                <SequencePoint vc="1" uspid="101" ordinal="5" offset="44" sl="36" sc="13" el="36" ec="54" bec="0" bev="0" fileid="4" />
                <SequencePoint vc="1" uspid="102" ordinal="6" offset="59" sl="37" sc="9" el="37" ec="10" bec="0" bev="0" fileid="4" />
              </SequencePoints>
              <BranchPoints>
                <BranchPoint vc="1" uspid="103" ordinal="0" offset="28" sl="32" path="0" offsetend="30" fileid="4" />
                <BranchPoint vc="1" uspid="104" ordinal="1" offset="28" sl="32" path="1" offsetend="36" fileid="4" />
              </BranchPoints>
              <MethodPoint xsi:type="SequencePoint" vc="2" uspid="96" ordinal="0" offset="0" sl="30" sc="9" el="30" ec="10" bec="0" bev="0" fileid="4" />
            </Method>
            <Method visited="true" cyclomaticComplexity="1" nPathComplexity="0" sequenceCoverage="100" branchCoverage="100" crapScore="1" isConstructor="false" isStatic="false" isGetter="false" isSetter="false">
              <Summary numSequencePoints="3" visitedSequencePoints="3" numBranchPoints="1" visitedBranchPoints="1" sequenceCoverage="100" branchCoverage="100" maxCyclomaticComplexity="1" minCyclomaticComplexity="1" maxCrapScore="1" minCrapScore="1" visitedClasses="0" numClasses="0" visitedMethods="1" numMethods="1" />
              <MetadataToken>100663324</MetadataToken>
              <Name>System.Boolean BancoTabajara.Applications.Features.Clientes.ClienteService::Delete(BancoTabajara.Applications.Features.Clientes.Commands.ClienteRemoveCommand)</Name>
              <FileRef uid="4" />
              <SequencePoints>
                <SequencePoint vc="2" uspid="105" ordinal="0" offset="0" sl="40" sc="9" el="40" ec="10" bec="0" bev="0" fileid="4" />
                <SequencePoint vc="2" uspid="106" ordinal="1" offset="1" sl="41" sc="13" el="41" ec="51" bec="0" bev="0" fileid="4" />
                <SequencePoint vc="1" uspid="107" ordinal="2" offset="21" sl="42" sc="9" el="42" ec="10" bec="0" bev="0" fileid="4" />
              </SequencePoints>
              <BranchPoints />
              <MethodPoint xsi:type="SequencePoint" vc="2" uspid="105" ordinal="0" offset="0" sl="40" sc="9" el="40" ec="10" bec="0" bev="0" fileid="4" />
            </Method>
            <Method visited="true" cyclomaticComplexity="1" nPathComplexity="0" sequenceCoverage="100" branchCoverage="100" crapScore="1" isConstructor="false" isStatic="false" isGetter="false" isSetter="false">
              <Summary numSequencePoints="3" visitedSequencePoints="3" numBranchPoints="1" visitedBranchPoints="1" sequenceCoverage="100" branchCoverage="100" maxCyclomaticComplexity="1" minCyclomaticComplexity="1" maxCrapScore="1" minCrapScore="1" visitedClasses="0" numClasses="0" visitedMethods="1" numMethods="1" />
              <MetadataToken>100663325</MetadataToken>
              <Name>System.Linq.IQueryable`1&lt;BancoTabajara.Domain.Features.Clientes.Cliente&gt; BancoTabajara.Applications.Features.Clientes.ClienteService::GetAll(System.Int32)</Name>
              <FileRef uid="4" />
              <SequencePoints>
                <SequencePoint vc="1" uspid="108" ordinal="0" offset="0" sl="45" sc="9" el="45" ec="10" bec="0" bev="0" fileid="4" />
                <SequencePoint vc="1" uspid="109" ordinal="1" offset="1" sl="46" sc="13" el="46" ec="51" bec="0" bev="0" fileid="4" />
                <SequencePoint vc="1" uspid="110" ordinal="2" offset="16" sl="47" sc="9" el="47" ec="10" bec="0" bev="0" fileid="4" />
              </SequencePoints>
              <BranchPoints />
              <MethodPoint xsi:type="SequencePoint" vc="1" uspid="108" ordinal="0" offset="0" sl="45" sc="9" el="45" ec="10" bec="0" bev="0" fileid="4" />
            </Method>
            <Method visited="true" cyclomaticComplexity="1" nPathComplexity="0" sequenceCoverage="100" branchCoverage="100" crapScore="1" isConstructor="false" isStatic="false" isGetter="false" isSetter="false">
              <Summary numSequencePoints="3" visitedSequencePoints="3" numBranchPoints="1" visitedBranchPoints="1" sequenceCoverage="100" branchCoverage="100" maxCyclomaticComplexity="1" minCyclomaticComplexity="1" maxCrapScore="1" minCrapScore="1" visitedClasses="0" numClasses="0" visitedMethods="1" numMethods="1" />
              <MetadataToken>100663326</MetadataToken>
              <Name>BancoTabajara.Domain.Features.Clientes.Cliente BancoTabajara.Applications.Features.Clientes.ClienteService::GetById(System.Int32)</Name>
              <FileRef uid="4" />
              <SequencePoints>
                <SequencePoint vc="2" uspid="111" ordinal="0" offset="0" sl="50" sc="9" el="50" ec="10" bec="0" bev="0" fileid="4" />
                <SequencePoint vc="2" uspid="112" ordinal="1" offset="1" sl="51" sc="13" el="51" ec="44" bec="0" bev="0" fileid="4" />
                <SequencePoint vc="1" uspid="113" ordinal="2" offset="16" sl="52" sc="9" el="52" ec="10" bec="0" bev="0" fileid="4" />
              </SequencePoints>
              <BranchPoints />
              <MethodPoint xsi:type="SequencePoint" vc="2" uspid="111" ordinal="0" offset="0" sl="50" sc="9" el="50" ec="10" bec="0" bev="0" fileid="4" />
            </Method>
          </Methods>
        </Class>
        <Class>
          <Summary numSequencePoints="6" visitedSequencePoints="6" numBranchPoints="1" visitedBranchPoints="1" sequenceCoverage="100" branchCoverage="100" maxCyclomaticComplexity="1" minCyclomaticComplexity="1" maxCrapScore="1" minCrapScore="1" visitedClasses="1" numClasses="1" visitedMethods="1" numMethods="1" />
          <FullName>BancoTabajara.Applications.Features.Clientes.MappingProfile</FullName>
          <Methods>
            <Method visited="true" cyclomaticComplexity="1" nPathComplexity="0" sequenceCoverage="100" branchCoverage="100" crapScore="1" isConstructor="true" isStatic="false" isGetter="false" isSetter="false">
              <Summary numSequencePoints="6" visitedSequencePoints="6" numBranchPoints="1" visitedBranchPoints="1" sequenceCoverage="100" branchCoverage="100" maxCyclomaticComplexity="1" minCyclomaticComplexity="1" maxCrapScore="1" minCrapScore="1" visitedClasses="0" numClasses="0" visitedMethods="1" numMethods="1" />
              <MetadataToken>100663332</MetadataToken>
              <Name>System.Void BancoTabajara.Applications.Features.Clientes.MappingProfile::.ctor()</Name>
              <FileRef uid="5" />
              <SequencePoints>
                <SequencePoint vc="4" uspid="114" ordinal="0" offset="0" sl="15" sc="9" el="15" ec="32" bec="0" bev="0" fileid="5" />
                <SequencePoint vc="4" uspid="115" ordinal="1" offset="7" sl="16" sc="9" el="16" ec="10" bec="0" bev="0" fileid="5" />
                <SequencePoint vc="4" uspid="116" ordinal="2" offset="8" sl="17" sc="13" el="17" ec="58" bec="0" bev="0" fileid="5" />
                <SequencePoint vc="4" uspid="117" ordinal="3" offset="15" sl="18" sc="13" el="18" ec="56" bec="0" bev="0" fileid="5" />
                <SequencePoint vc="4" uspid="118" ordinal="4" offset="22" sl="19" sc="13" el="19" ec="48" bec="0" bev="0" fileid="5" />
                <SequencePoint vc="4" uspid="119" ordinal="5" offset="29" sl="20" sc="9" el="20" ec="10" bec="0" bev="0" fileid="5" />
              </SequencePoints>
              <BranchPoints />
              <MethodPoint xsi:type="SequencePoint" vc="4" uspid="114" ordinal="0" offset="0" sl="15" sc="9" el="15" ec="32" bec="0" bev="0" fileid="5" />
            </Method>
          </Methods>
        </Class>
        <Class>
          <Summary numSequencePoints="0" visitedSequencePoints="0" numBranchPoints="0" visitedBranchPoints="0" sequenceCoverage="0" branchCoverage="0" maxCyclomaticComplexity="1" minCyclomaticComplexity="1" maxCrapScore="2" minCrapScore="2" visitedClasses="0" numClasses="0" visitedMethods="0" numMethods="0" />
          <FullName>BancoTabajara.Applications.Features.Clientes.Queries.ClienteQuery</FullName>
          <Methods>
            <Method skippedDueTo="AutoImplementedProperty" visited="false" cyclomaticComplexity="1" nPathComplexity="0" sequenceCoverage="0" branchCoverage="0" crapScore="0" isConstructor="false" isStatic="false" isGetter="true" isSetter="false">
              <MetadataToken>100663333</MetadataToken>
              <Name>System.Int32 BancoTabajara.Applications.Features.Clientes.Queries.ClienteQuery::get_Qtd()</Name>
              <FileRef uid="6" />
              <SequencePoints />
              <BranchPoints />
            </Method>
            <Method skippedDueTo="AutoImplementedProperty" visited="false" cyclomaticComplexity="1" nPathComplexity="0" sequenceCoverage="0" branchCoverage="0" crapScore="0" isConstructor="false" isStatic="false" isGetter="false" isSetter="true">
              <MetadataToken>100663334</MetadataToken>
              <Name>System.Void BancoTabajara.Applications.Features.Clientes.Queries.ClienteQuery::set_Qtd(System.Int32)</Name>
              <FileRef uid="6" />
              <SequencePoints />
              <BranchPoints />
            </Method>
            <Method visited="false" cyclomaticComplexity="1" nPathComplexity="0" sequenceCoverage="0" branchCoverage="0" crapScore="2" isConstructor="true" isStatic="false" isGetter="false" isSetter="false">
              <Summary numSequencePoints="0" visitedSequencePoints="0" numBranchPoints="0" visitedBranchPoints="0" sequenceCoverage="0" branchCoverage="0" maxCyclomaticComplexity="1" minCyclomaticComplexity="1" maxCrapScore="2" minCrapScore="2" visitedClasses="0" numClasses="0" visitedMethods="0" numMethods="0" />
              <MetadataToken>100663335</MetadataToken>
              <Name>System.Void BancoTabajara.Applications.Features.Clientes.Queries.ClienteQuery::.ctor()</Name>
              <SequencePoints />
              <BranchPoints />
              <MethodPoint vc="0" uspid="120" ordinal="0" offset="0" />
            </Method>
          </Methods>
        </Class>
        <Class>
          <Summary numSequencePoints="0" visitedSequencePoints="0" numBranchPoints="0" visitedBranchPoints="0" sequenceCoverage="0" branchCoverage="0" maxCyclomaticComplexity="1" minCyclomaticComplexity="1" maxCrapScore="2" minCrapScore="2" visitedClasses="0" numClasses="0" visitedMethods="0" numMethods="0" />
          <FullName>BancoTabajara.Applications.Features.Clientes.ViewModel.ClienteViewModel</FullName>
          <Methods>
            <Method skippedDueTo="AutoImplementedProperty" visited="false" cyclomaticComplexity="1" nPathComplexity="0" sequenceCoverage="0" branchCoverage="0" crapScore="0" isConstructor="false" isStatic="false" isGetter="true" isSetter="false">
              <MetadataToken>100663336</MetadataToken>
              <Name>System.Int32 BancoTabajara.Applications.Features.Clientes.ViewModel.ClienteViewModel::get_Id()</Name>
              <FileRef uid="7" />
              <SequencePoints />
              <BranchPoints />
            </Method>
            <Method skippedDueTo="AutoImplementedProperty" visited="false" cyclomaticComplexity="1" nPathComplexity="0" sequenceCoverage="0" branchCoverage="0" crapScore="0" isConstructor="false" isStatic="false" isGetter="false" isSetter="true">
              <MetadataToken>100663337</MetadataToken>
              <Name>System.Void BancoTabajara.Applications.Features.Clientes.ViewModel.ClienteViewModel::set_Id(System.Int32)</Name>
              <FileRef uid="7" />
              <SequencePoints />
              <BranchPoints />
            </Method>
            <Method skippedDueTo="AutoImplementedProperty" visited="false" cyclomaticComplexity="1" nPathComplexity="0" sequenceCoverage="0" branchCoverage="0" crapScore="0" isConstructor="false" isStatic="false" isGetter="true" isSetter="false">
              <MetadataToken>100663338</MetadataToken>
              <Name>System.String BancoTabajara.Applications.Features.Clientes.ViewModel.ClienteViewModel::get_Nome()</Name>
              <FileRef uid="7" />
              <SequencePoints />
              <BranchPoints />
            </Method>
            <Method skippedDueTo="AutoImplementedProperty" visited="false" cyclomaticComplexity="1" nPathComplexity="0" sequenceCoverage="0" branchCoverage="0" crapScore="0" isConstructor="false" isStatic="false" isGetter="false" isSetter="true">
              <MetadataToken>100663339</MetadataToken>
              <Name>System.Void BancoTabajara.Applications.Features.Clientes.ViewModel.ClienteViewModel::set_Nome(System.String)</Name>
              <FileRef uid="7" />
              <SequencePoints />
              <BranchPoints />
            </Method>
            <Method skippedDueTo="AutoImplementedProperty" visited="false" cyclomaticComplexity="1" nPathComplexity="0" sequenceCoverage="0" branchCoverage="0" crapScore="0" isConstructor="false" isStatic="false" isGetter="true" isSetter="false">
              <MetadataToken>100663340</MetadataToken>
              <Name>System.String BancoTabajara.Applications.Features.Clientes.ViewModel.ClienteViewModel::get_CPF()</Name>
              <FileRef uid="7" />
              <SequencePoints />
              <BranchPoints />
            </Method>
            <Method skippedDueTo="AutoImplementedProperty" visited="false" cyclomaticComplexity="1" nPathComplexity="0" sequenceCoverage="0" branchCoverage="0" crapScore="0" isConstructor="false" isStatic="false" isGetter="false" isSetter="true">
              <MetadataToken>100663341</MetadataToken>
              <Name>System.Void BancoTabajara.Applications.Features.Clientes.ViewModel.ClienteViewModel::set_CPF(System.String)</Name>
              <FileRef uid="7" />
              <SequencePoints />
              <BranchPoints />
            </Method>
            <Method skippedDueTo="AutoImplementedProperty" visited="false" cyclomaticComplexity="1" nPathComplexity="0" sequenceCoverage="0" branchCoverage="0" crapScore="0" isConstructor="false" isStatic="false" isGetter="true" isSetter="false">
              <MetadataToken>100663342</MetadataToken>
              <Name>System.String BancoTabajara.Applications.Features.Clientes.ViewModel.ClienteViewModel::get_RG()</Name>
              <FileRef uid="7" />
              <SequencePoints />
              <BranchPoints />
            </Method>
            <Method skippedDueTo="AutoImplementedProperty" visited="false" cyclomaticComplexity="1" nPathComplexity="0" sequenceCoverage="0" branchCoverage="0" crapScore="0" isConstructor="false" isStatic="false" isGetter="false" isSetter="true">
              <MetadataToken>100663343</MetadataToken>
              <Name>System.Void BancoTabajara.Applications.Features.Clientes.ViewModel.ClienteViewModel::set_RG(System.String)</Name>
              <FileRef uid="7" />
              <SequencePoints />
              <BranchPoints />
            </Method>
            <Method skippedDueTo="AutoImplementedProperty" visited="false" cyclomaticComplexity="1" nPathComplexity="0" sequenceCoverage="0" branchCoverage="0" crapScore="0" isConstructor="false" isStatic="false" isGetter="true" isSetter="false">
              <MetadataToken>100663344</MetadataToken>
              <Name>System.DateTime BancoTabajara.Applications.Features.Clientes.ViewModel.ClienteViewModel::get_DataNascimento()</Name>
              <FileRef uid="7" />
              <SequencePoints />
              <BranchPoints />
            </Method>
            <Method skippedDueTo="AutoImplementedProperty" visited="false" cyclomaticComplexity="1" nPathComplexity="0" sequenceCoverage="0" branchCoverage="0" crapScore="0" isConstructor="false" isStatic="false" isGetter="false" isSetter="true">
              <MetadataToken>100663345</MetadataToken>
              <Name>System.Void BancoTabajara.Applications.Features.Clientes.ViewModel.ClienteViewModel::set_DataNascimento(System.DateTime)</Name>
              <FileRef uid="7" />
              <SequencePoints />
              <BranchPoints />
            </Method>
            <Method visited="false" cyclomaticComplexity="1" nPathComplexity="0" sequenceCoverage="0" branchCoverage="0" crapScore="2" isConstructor="true" isStatic="false" isGetter="false" isSetter="false">
              <Summary numSequencePoints="0" visitedSequencePoints="0" numBranchPoints="0" visitedBranchPoints="0" sequenceCoverage="0" branchCoverage="0" maxCyclomaticComplexity="1" minCyclomaticComplexity="1" maxCrapScore="2" minCrapScore="2" visitedClasses="0" numClasses="0" visitedMethods="0" numMethods="0" />
              <MetadataToken>100663346</MetadataToken>
              <Name>System.Void BancoTabajara.Applications.Features.Clientes.ViewModel.ClienteViewModel::.ctor()</Name>
              <SequencePoints />
              <BranchPoints />
              <MethodPoint vc="0" uspid="121" ordinal="0" offset="0" />
            </Method>
          </Methods>
        </Class>
        <Class>
          <Summary numSequencePoints="3" visitedSequencePoints="3" numBranchPoints="1" visitedBranchPoints="1" sequenceCoverage="100" branchCoverage="100" maxCyclomaticComplexity="1" minCyclomaticComplexity="1" maxCrapScore="2" minCrapScore="1" visitedClasses="1" numClasses="1" visitedMethods="1" numMethods="1" />
          <FullName>BancoTabajara.Applications.Features.Clientes.Commands.ClienteRegisterCommand</FullName>
          <Methods>
            <Method skippedDueTo="AutoImplementedProperty" visited="false" cyclomaticComplexity="1" nPathComplexity="0" sequenceCoverage="0" branchCoverage="0" crapScore="0" isConstructor="false" isStatic="false" isGetter="true" isSetter="false">
              <MetadataToken>100663347</MetadataToken>
              <Name>System.String BancoTabajara.Applications.Features.Clientes.Commands.ClienteRegisterCommand::get_Nome()</Name>
              <FileRef uid="8" />
              <SequencePoints />
              <BranchPoints />
            </Method>
            <Method skippedDueTo="AutoImplementedProperty" visited="false" cyclomaticComplexity="1" nPathComplexity="0" sequenceCoverage="0" branchCoverage="0" crapScore="0" isConstructor="false" isStatic="false" isGetter="false" isSetter="true">
              <MetadataToken>100663348</MetadataToken>
              <Name>System.Void BancoTabajara.Applications.Features.Clientes.Commands.ClienteRegisterCommand::set_Nome(System.String)</Name>
              <FileRef uid="8" />
              <SequencePoints />
              <BranchPoints />
            </Method>
            <Method skippedDueTo="AutoImplementedProperty" visited="false" cyclomaticComplexity="1" nPathComplexity="0" sequenceCoverage="0" branchCoverage="0" crapScore="0" isConstructor="false" isStatic="false" isGetter="true" isSetter="false">
              <MetadataToken>100663349</MetadataToken>
              <Name>System.String BancoTabajara.Applications.Features.Clientes.Commands.ClienteRegisterCommand::get_CPF()</Name>
              <FileRef uid="8" />
              <SequencePoints />
              <BranchPoints />
            </Method>
            <Method skippedDueTo="AutoImplementedProperty" visited="false" cyclomaticComplexity="1" nPathComplexity="0" sequenceCoverage="0" branchCoverage="0" crapScore="0" isConstructor="false" isStatic="false" isGetter="false" isSetter="true">
              <MetadataToken>100663350</MetadataToken>
              <Name>System.Void BancoTabajara.Applications.Features.Clientes.Commands.ClienteRegisterCommand::set_CPF(System.String)</Name>
              <FileRef uid="8" />
              <SequencePoints />
              <BranchPoints />
            </Method>
            <Method skippedDueTo="AutoImplementedProperty" visited="false" cyclomaticComplexity="1" nPathComplexity="0" sequenceCoverage="0" branchCoverage="0" crapScore="0" isConstructor="false" isStatic="false" isGetter="true" isSetter="false">
              <MetadataToken>100663351</MetadataToken>
              <Name>System.String BancoTabajara.Applications.Features.Clientes.Commands.ClienteRegisterCommand::get_RG()</Name>
              <FileRef uid="8" />
              <SequencePoints />
              <BranchPoints />
            </Method>
            <Method skippedDueTo="AutoImplementedProperty" visited="false" cyclomaticComplexity="1" nPathComplexity="0" sequenceCoverage="0" branchCoverage="0" crapScore="0" isConstructor="false" isStatic="false" isGetter="false" isSetter="true">
              <MetadataToken>100663352</MetadataToken>
              <Name>System.Void BancoTabajara.Applications.Features.Clientes.Commands.ClienteRegisterCommand::set_RG(System.String)</Name>
              <FileRef uid="8" />
              <SequencePoints />
              <BranchPoints />
            </Method>
            <Method skippedDueTo="AutoImplementedProperty" visited="false" cyclomaticComplexity="1" nPathComplexity="0" sequenceCoverage="0" branchCoverage="0" crapScore="0" isConstructor="false" isStatic="false" isGetter="true" isSetter="false">
              <MetadataToken>100663353</MetadataToken>
              <Name>System.DateTime BancoTabajara.Applications.Features.Clientes.Commands.ClienteRegisterCommand::get_DataNascimento()</Name>
              <FileRef uid="8" />
              <SequencePoints />
              <BranchPoints />
            </Method>
            <Method skippedDueTo="AutoImplementedProperty" visited="false" cyclomaticComplexity="1" nPathComplexity="0" sequenceCoverage="0" branchCoverage="0" crapScore="0" isConstructor="false" isStatic="false" isGetter="false" isSetter="true">
              <MetadataToken>100663354</MetadataToken>
              <Name>System.Void BancoTabajara.Applications.Features.Clientes.Commands.ClienteRegisterCommand::set_DataNascimento(System.DateTime)</Name>
              <FileRef uid="8" />
              <SequencePoints />
              <BranchPoints />
            </Method>
            <Method visited="true" cyclomaticComplexity="1" nPathComplexity="0" sequenceCoverage="100" branchCoverage="100" crapScore="1" isConstructor="false" isStatic="false" isGetter="false" isSetter="false">
              <Summary numSequencePoints="3" visitedSequencePoints="3" numBranchPoints="1" visitedBranchPoints="1" sequenceCoverage="100" branchCoverage="100" maxCyclomaticComplexity="1" minCyclomaticComplexity="1" maxCrapScore="1" minCrapScore="1" visitedClasses="0" numClasses="0" visitedMethods="1" numMethods="1" />
              <MetadataToken>100663355</MetadataToken>
              <Name>FluentValidation.Results.ValidationResult BancoTabajara.Applications.Features.Clientes.Commands.ClienteRegisterCommand::Validar()</Name>
              <FileRef uid="8" />
              <SequencePoints>
                <SequencePoint vc="1" uspid="122" ordinal="0" offset="0" sl="19" sc="9" el="19" ec="10" bec="0" bev="0" fileid="8" />
                <SequencePoint vc="1" uspid="123" ordinal="1" offset="1" sl="20" sc="13" el="20" ec="51" bec="0" bev="0" fileid="8" />
                <SequencePoint vc="1" uspid="124" ordinal="2" offset="15" sl="21" sc="9" el="21" ec="10" bec="0" bev="0" fileid="8" />
              </SequencePoints>
              <BranchPoints />
              <MethodPoint xsi:type="SequencePoint" vc="1" uspid="122" ordinal="0" offset="0" sl="19" sc="9" el="19" ec="10" bec="0" bev="0" fileid="8" />
            </Method>
            <Method visited="false" cyclomaticComplexity="1" nPathComplexity="0" sequenceCoverage="0" branchCoverage="0" crapScore="2" isConstructor="true" isStatic="false" isGetter="false" isSetter="false">
              <Summary numSequencePoints="0" visitedSequencePoints="0" numBranchPoints="0" visitedBranchPoints="0" sequenceCoverage="0" branchCoverage="0" maxCyclomaticComplexity="1" minCyclomaticComplexity="1" maxCrapScore="2" minCrapScore="2" visitedClasses="0" numClasses="0" visitedMethods="0" numMethods="0" />
              <MetadataToken>100663356</MetadataToken>
              <Name>System.Void BancoTabajara.Applications.Features.Clientes.Commands.ClienteRegisterCommand::.ctor()</Name>
              <SequencePoints />
              <BranchPoints />
              <MethodPoint vc="0" uspid="125" ordinal="0" offset="0" />
            </Method>
          </Methods>
        </Class>
        <Class>
          <Summary numSequencePoints="7" visitedSequencePoints="7" numBranchPoints="1" visitedBranchPoints="1" sequenceCoverage="100" branchCoverage="100" maxCyclomaticComplexity="1" minCyclomaticComplexity="1" maxCrapScore="1" minCrapScore="1" visitedClasses="1" numClasses="1" visitedMethods="1" numMethods="1" />
          <FullName>BancoTabajara.Applications.Features.Clientes.Commands.ClienteRegisterCommand/Validator</FullName>
          <Methods>
            <Method visited="true" cyclomaticComplexity="1" nPathComplexity="0" sequenceCoverage="100" branchCoverage="100" crapScore="1" isConstructor="true" isStatic="false" isGetter="false" isSetter="false">
              <Summary numSequencePoints="7" visitedSequencePoints="7" numBranchPoints="1" visitedBranchPoints="1" sequenceCoverage="100" branchCoverage="100" maxCyclomaticComplexity="1" minCyclomaticComplexity="1" maxCrapScore="1" minCrapScore="1" visitedClasses="0" numClasses="0" visitedMethods="1" numMethods="1" />
              <MetadataToken>100663376</MetadataToken>
              <Name>System.Void BancoTabajara.Applications.Features.Clientes.Commands.ClienteRegisterCommand/Validator::.ctor()</Name>
              <FileRef uid="8" />
              <SequencePoints>
                <SequencePoint vc="1" uspid="126" ordinal="0" offset="0" sl="25" sc="13" el="25" ec="31" bec="0" bev="0" fileid="8" />
                <SequencePoint vc="1" uspid="127" ordinal="1" offset="7" sl="26" sc="13" el="26" ec="14" bec="0" bev="0" fileid="8" />
                <SequencePoint vc="1" uspid="128" ordinal="2" offset="8" sl="27" sc="17" el="27" ec="94" bec="0" bev="0" fileid="8" />
                <SequencePoint vc="1" uspid="129" ordinal="3" offset="92" sl="28" sc="17" el="28" ec="72" bec="0" bev="0" fileid="8" />
                <SequencePoint vc="1" uspid="130" ordinal="4" offset="174" sl="29" sc="17" el="29" ec="71" bec="0" bev="0" fileid="8" />
                <SequencePoint vc="1" uspid="131" ordinal="5" offset="256" sl="30" sc="17" el="30" ec="69" bec="0" bev="0" fileid="8" />
                <SequencePoint vc="1" uspid="132" ordinal="6" offset="330" sl="31" sc="13" el="31" ec="14" bec="0" bev="0" fileid="8" />
              </SequencePoints>
              <BranchPoints />
              <MethodPoint xsi:type="SequencePoint" vc="1" uspid="126" ordinal="0" offset="0" sl="25" sc="13" el="25" ec="31" bec="0" bev="0" fileid="8" />
            </Method>
          </Methods>
        </Class>
        <Class>
          <Summary numSequencePoints="0" visitedSequencePoints="0" numBranchPoints="0" visitedBranchPoints="0" sequenceCoverage="0" branchCoverage="0" maxCyclomaticComplexity="1" minCyclomaticComplexity="1" maxCrapScore="2" minCrapScore="2" visitedClasses="0" numClasses="0" visitedMethods="0" numMethods="0" />
          <FullName>BancoTabajara.Applications.Features.Clientes.Commands.ClienteRegisterCommand/Validator/&lt;&gt;c</FullName>
          <Methods>
            <Method visited="false" cyclomaticComplexity="1" nPathComplexity="0" sequenceCoverage="0" branchCoverage="0" crapScore="2" isConstructor="true" isStatic="true" isGetter="false" isSetter="false">
              <Summary numSequencePoints="0" visitedSequencePoints="0" numBranchPoints="0" visitedBranchPoints="0" sequenceCoverage="0" branchCoverage="0" maxCyclomaticComplexity="1" minCyclomaticComplexity="1" maxCrapScore="2" minCrapScore="2" visitedClasses="0" numClasses="0" visitedMethods="0" numMethods="0" />
              <MetadataToken>100663379</MetadataToken>
              <Name>System.Void BancoTabajara.Applications.Features.Clientes.Commands.ClienteRegisterCommand/Validator/&lt;&gt;c::.cctor()</Name>
              <SequencePoints />
              <BranchPoints />
              <MethodPoint vc="0" uspid="133" ordinal="0" offset="0" />
            </Method>
            <Method visited="false" cyclomaticComplexity="1" nPathComplexity="0" sequenceCoverage="0" branchCoverage="0" crapScore="2" isConstructor="true" isStatic="false" isGetter="false" isSetter="false">
              <Summary numSequencePoints="0" visitedSequencePoints="0" numBranchPoints="0" visitedBranchPoints="0" sequenceCoverage="0" branchCoverage="0" maxCyclomaticComplexity="1" minCyclomaticComplexity="1" maxCrapScore="2" minCrapScore="2" visitedClasses="0" numClasses="0" visitedMethods="0" numMethods="0" />
              <MetadataToken>100663380</MetadataToken>
              <Name>System.Void BancoTabajara.Applications.Features.Clientes.Commands.ClienteRegisterCommand/Validator/&lt;&gt;c::.ctor()</Name>
              <SequencePoints />
              <BranchPoints />
              <MethodPoint vc="0" uspid="134" ordinal="0" offset="0" />
            </Method>
          </Methods>
        </Class>
        <Class>
          <Summary numSequencePoints="3" visitedSequencePoints="3" numBranchPoints="1" visitedBranchPoints="1" sequenceCoverage="100" branchCoverage="100" maxCyclomaticComplexity="1" minCyclomaticComplexity="1" maxCrapScore="2" minCrapScore="1" visitedClasses="1" numClasses="1" visitedMethods="1" numMethods="1" />
          <FullName>BancoTabajara.Applications.Features.Clientes.Commands.ClienteRemoveCommand</FullName>
          <Methods>
            <Method skippedDueTo="AutoImplementedProperty" visited="false" cyclomaticComplexity="1" nPathComplexity="0" sequenceCoverage="0" branchCoverage="0" crapScore="0" isConstructor="false" isStatic="false" isGetter="true" isSetter="false">
              <MetadataToken>100663357</MetadataToken>
              <Name>System.Int32 BancoTabajara.Applications.Features.Clientes.Commands.ClienteRemoveCommand::get_Id()</Name>
              <FileRef uid="10" />
              <SequencePoints />
              <BranchPoints />
            </Method>
            <Method skippedDueTo="AutoImplementedProperty" visited="false" cyclomaticComplexity="1" nPathComplexity="0" sequenceCoverage="0" branchCoverage="0" crapScore="0" isConstructor="false" isStatic="false" isGetter="false" isSetter="true">
              <MetadataToken>100663358</MetadataToken>
              <Name>System.Void BancoTabajara.Applications.Features.Clientes.Commands.ClienteRemoveCommand::set_Id(System.Int32)</Name>
              <FileRef uid="10" />
              <SequencePoints />
              <BranchPoints />
            </Method>
            <Method visited="true" cyclomaticComplexity="1" nPathComplexity="0" sequenceCoverage="100" branchCoverage="100" crapScore="1" isConstructor="false" isStatic="false" isGetter="false" isSetter="false">
              <Summary numSequencePoints="3" visitedSequencePoints="3" numBranchPoints="1" visitedBranchPoints="1" sequenceCoverage="100" branchCoverage="100" maxCyclomaticComplexity="1" minCyclomaticComplexity="1" maxCrapScore="1" minCrapScore="1" visitedClasses="0" numClasses="0" visitedMethods="1" numMethods="1" />
              <MetadataToken>100663359</MetadataToken>
              <Name>FluentValidation.Results.ValidationResult BancoTabajara.Applications.Features.Clientes.Commands.ClienteRemoveCommand::Validar()</Name>
              <FileRef uid="10" />
              <SequencePoints>
                <SequencePoint vc="1" uspid="135" ordinal="0" offset="0" sl="16" sc="9" el="16" ec="10" bec="0" bev="0" fileid="10" />
                <SequencePoint vc="1" uspid="136" ordinal="1" offset="1" sl="17" sc="13" el="17" ec="51" bec="0" bev="0" fileid="10" />
                <SequencePoint vc="1" uspid="137" ordinal="2" offset="15" sl="18" sc="9" el="18" ec="10" bec="0" bev="0" fileid="10" />
              </SequencePoints>
              <BranchPoints />
              <MethodPoint xsi:type="SequencePoint" vc="1" uspid="135" ordinal="0" offset="0" sl="16" sc="9" el="16" ec="10" bec="0" bev="0" fileid="10" />
            </Method>
            <Method visited="false" cyclomaticComplexity="1" nPathComplexity="0" sequenceCoverage="0" branchCoverage="0" crapScore="2" isConstructor="true" isStatic="false" isGetter="false" isSetter="false">
              <Summary numSequencePoints="0" visitedSequencePoints="0" numBranchPoints="0" visitedBranchPoints="0" sequenceCoverage="0" branchCoverage="0" maxCyclomaticComplexity="1" minCyclomaticComplexity="1" maxCrapScore="2" minCrapScore="2" visitedClasses="0" numClasses="0" visitedMethods="0" numMethods="0" />
              <MetadataToken>100663360</MetadataToken>
              <Name>System.Void BancoTabajara.Applications.Features.Clientes.Commands.ClienteRemoveCommand::.ctor()</Name>
              <SequencePoints />
              <BranchPoints />
              <MethodPoint vc="0" uspid="138" ordinal="0" offset="0" />
            </Method>
          </Methods>
        </Class>
        <Class>
          <Summary numSequencePoints="4" visitedSequencePoints="4" numBranchPoints="1" visitedBranchPoints="1" sequenceCoverage="100" branchCoverage="100" maxCyclomaticComplexity="1" minCyclomaticComplexity="1" maxCrapScore="1" minCrapScore="1" visitedClasses="1" numClasses="1" visitedMethods="1" numMethods="1" />
          <FullName>BancoTabajara.Applications.Features.Clientes.Commands.ClienteRemoveCommand/Validator</FullName>
          <Methods>
            <Method visited="true" cyclomaticComplexity="1" nPathComplexity="0" sequenceCoverage="100" branchCoverage="100" crapScore="1" isConstructor="true" isStatic="false" isGetter="false" isSetter="false">
              <Summary numSequencePoints="4" visitedSequencePoints="4" numBranchPoints="1" visitedBranchPoints="1" sequenceCoverage="100" branchCoverage="100" maxCyclomaticComplexity="1" minCyclomaticComplexity="1" maxCrapScore="1" minCrapScore="1" visitedClasses="0" numClasses="0" visitedMethods="1" numMethods="1" />
              <MetadataToken>100663377</MetadataToken>
              <Name>System.Void BancoTabajara.Applications.Features.Clientes.Commands.ClienteRemoveCommand/Validator::.ctor()</Name>
              <FileRef uid="10" />
              <SequencePoints>
                <SequencePoint vc="1" uspid="139" ordinal="0" offset="0" sl="22" sc="13" el="22" ec="31" bec="0" bev="0" fileid="10" />
                <SequencePoint vc="1" uspid="140" ordinal="1" offset="7" sl="23" sc="13" el="23" ec="14" bec="0" bev="0" fileid="10" />
                <SequencePoint vc="1" uspid="141" ordinal="2" offset="8" sl="24" sc="17" el="24" ec="57" bec="0" bev="0" fileid="10" />
                <SequencePoint vc="1" uspid="142" ordinal="3" offset="82" sl="25" sc="13" el="25" ec="14" bec="0" bev="0" fileid="10" />
              </SequencePoints>
              <BranchPoints />
              <MethodPoint xsi:type="SequencePoint" vc="1" uspid="139" ordinal="0" offset="0" sl="22" sc="13" el="22" ec="31" bec="0" bev="0" fileid="10" />
            </Method>
          </Methods>
        </Class>
        <Class>
          <Summary numSequencePoints="0" visitedSequencePoints="0" numBranchPoints="0" visitedBranchPoints="0" sequenceCoverage="0" branchCoverage="0" maxCyclomaticComplexity="1" minCyclomaticComplexity="1" maxCrapScore="2" minCrapScore="2" visitedClasses="0" numClasses="0" visitedMethods="0" numMethods="0" />
          <FullName>BancoTabajara.Applications.Features.Clientes.Commands.ClienteRemoveCommand/Validator/&lt;&gt;c</FullName>
          <Methods>
            <Method visited="false" cyclomaticComplexity="1" nPathComplexity="0" sequenceCoverage="0" branchCoverage="0" crapScore="2" isConstructor="true" isStatic="true" isGetter="false" isSetter="false">
              <Summary numSequencePoints="0" visitedSequencePoints="0" numBranchPoints="0" visitedBranchPoints="0" sequenceCoverage="0" branchCoverage="0" maxCyclomaticComplexity="1" minCyclomaticComplexity="1" maxCrapScore="2" minCrapScore="2" visitedClasses="0" numClasses="0" visitedMethods="0" numMethods="0" />
              <MetadataToken>100663381</MetadataToken>
              <Name>System.Void BancoTabajara.Applications.Features.Clientes.Commands.ClienteRemoveCommand/Validator/&lt;&gt;c::.cctor()</Name>
              <SequencePoints />
              <BranchPoints />
              <MethodPoint vc="0" uspid="143" ordinal="0" offset="0" />
            </Method>
            <Method visited="false" cyclomaticComplexity="1" nPathComplexity="0" sequenceCoverage="0" branchCoverage="0" crapScore="2" isConstructor="true" isStatic="false" isGetter="false" isSetter="false">
              <Summary numSequencePoints="0" visitedSequencePoints="0" numBranchPoints="0" visitedBranchPoints="0" sequenceCoverage="0" branchCoverage="0" maxCyclomaticComplexity="1" minCyclomaticComplexity="1" maxCrapScore="2" minCrapScore="2" visitedClasses="0" numClasses="0" visitedMethods="0" numMethods="0" />
              <MetadataToken>100663382</MetadataToken>
              <Name>System.Void BancoTabajara.Applications.Features.Clientes.Commands.ClienteRemoveCommand/Validator/&lt;&gt;c::.ctor()</Name>
              <SequencePoints />
              <BranchPoints />
              <MethodPoint vc="0" uspid="144" ordinal="0" offset="0" />
            </Method>
          </Methods>
        </Class>
        <Class>
          <Summary numSequencePoints="3" visitedSequencePoints="3" numBranchPoints="1" visitedBranchPoints="1" sequenceCoverage="100" branchCoverage="100" maxCyclomaticComplexity="1" minCyclomaticComplexity="1" maxCrapScore="2" minCrapScore="1" visitedClasses="1" numClasses="1" visitedMethods="1" numMethods="1" />
          <FullName>BancoTabajara.Applications.Features.Clientes.Commands.ClienteUpdateCommand</FullName>
          <Methods>
            <Method skippedDueTo="AutoImplementedProperty" visited="false" cyclomaticComplexity="1" nPathComplexity="0" sequenceCoverage="0" branchCoverage="0" crapScore="0" isConstructor="false" isStatic="false" isGetter="true" isSetter="false">
              <MetadataToken>100663361</MetadataToken>
              <Name>System.Int32 BancoTabajara.Applications.Features.Clientes.Commands.ClienteUpdateCommand::get_Id()</Name>
              <FileRef uid="12" />
              <SequencePoints />
              <BranchPoints />
            </Method>
            <Method skippedDueTo="AutoImplementedProperty" visited="false" cyclomaticComplexity="1" nPathComplexity="0" sequenceCoverage="0" branchCoverage="0" crapScore="0" isConstructor="false" isStatic="false" isGetter="false" isSetter="true">
              <MetadataToken>100663362</MetadataToken>
              <Name>System.Void BancoTabajara.Applications.Features.Clientes.Commands.ClienteUpdateCommand::set_Id(System.Int32)</Name>
              <FileRef uid="12" />
              <SequencePoints />
              <BranchPoints />
            </Method>
            <Method skippedDueTo="AutoImplementedProperty" visited="false" cyclomaticComplexity="1" nPathComplexity="0" sequenceCoverage="0" branchCoverage="0" crapScore="0" isConstructor="false" isStatic="false" isGetter="true" isSetter="false">
              <MetadataToken>100663363</MetadataToken>
              <Name>System.String BancoTabajara.Applications.Features.Clientes.Commands.ClienteUpdateCommand::get_Nome()</Name>
              <FileRef uid="12" />
              <SequencePoints />
              <BranchPoints />
            </Method>
            <Method skippedDueTo="AutoImplementedProperty" visited="false" cyclomaticComplexity="1" nPathComplexity="0" sequenceCoverage="0" branchCoverage="0" crapScore="0" isConstructor="false" isStatic="false" isGetter="false" isSetter="true">
              <MetadataToken>100663364</MetadataToken>
              <Name>System.Void BancoTabajara.Applications.Features.Clientes.Commands.ClienteUpdateCommand::set_Nome(System.String)</Name>
              <FileRef uid="12" />
              <SequencePoints />
              <BranchPoints />
            </Method>
            <Method skippedDueTo="AutoImplementedProperty" visited="false" cyclomaticComplexity="1" nPathComplexity="0" sequenceCoverage="0" branchCoverage="0" crapScore="0" isConstructor="false" isStatic="false" isGetter="true" isSetter="false">
              <MetadataToken>100663365</MetadataToken>
              <Name>System.String BancoTabajara.Applications.Features.Clientes.Commands.ClienteUpdateCommand::get_CPF()</Name>
              <FileRef uid="12" />
              <SequencePoints />
              <BranchPoints />
            </Method>
            <Method skippedDueTo="AutoImplementedProperty" visited="false" cyclomaticComplexity="1" nPathComplexity="0" sequenceCoverage="0" branchCoverage="0" crapScore="0" isConstructor="false" isStatic="false" isGetter="false" isSetter="true">
              <MetadataToken>100663366</MetadataToken>
              <Name>System.Void BancoTabajara.Applications.Features.Clientes.Commands.ClienteUpdateCommand::set_CPF(System.String)</Name>
              <FileRef uid="12" />
              <SequencePoints />
              <BranchPoints />
            </Method>
            <Method skippedDueTo="AutoImplementedProperty" visited="false" cyclomaticComplexity="1" nPathComplexity="0" sequenceCoverage="0" branchCoverage="0" crapScore="0" isConstructor="false" isStatic="false" isGetter="true" isSetter="false">
              <MetadataToken>100663367</MetadataToken>
              <Name>System.String BancoTabajara.Applications.Features.Clientes.Commands.ClienteUpdateCommand::get_RG()</Name>
              <FileRef uid="12" />
              <SequencePoints />
              <BranchPoints />
            </Method>
            <Method skippedDueTo="AutoImplementedProperty" visited="false" cyclomaticComplexity="1" nPathComplexity="0" sequenceCoverage="0" branchCoverage="0" crapScore="0" isConstructor="false" isStatic="false" isGetter="false" isSetter="true">
              <MetadataToken>100663368</MetadataToken>
              <Name>System.Void BancoTabajara.Applications.Features.Clientes.Commands.ClienteUpdateCommand::set_RG(System.String)</Name>
              <FileRef uid="12" />
              <SequencePoints />
              <BranchPoints />
            </Method>
            <Method skippedDueTo="AutoImplementedProperty" visited="false" cyclomaticComplexity="1" nPathComplexity="0" sequenceCoverage="0" branchCoverage="0" crapScore="0" isConstructor="false" isStatic="false" isGetter="true" isSetter="false">
[...]
          <FullName>BancoTabajara.Infra.ORM.Features.Contas.ContaRepository/&lt;&gt;c__DisplayClass6_0</FullName>
          <Methods>
            <Method visited="false" cyclomaticComplexity="1" nPathComplexity="0" sequenceCoverage="0" branchCoverage="0" crapScore="2" isConstructor="true" isStatic="false" isGetter="false" isSetter="false">
              <Summary numSequencePoints="0" visitedSequencePoints="0" numBranchPoints="0" visitedBranchPoints="0" sequenceCoverage="0" branchCoverage="0" maxCyclomaticComplexity="1" minCyclomaticComplexity="1" maxCrapScore="2" minCrapScore="2" visitedClasses="0" numClasses="0" visitedMethods="0" numMethods="0" />
              <MetadataToken>100663387</MetadataToken>
              <Name>System.Void BancoTabajara.Infra.ORM.Features.Contas.ContaRepository/&lt;&gt;c__DisplayClass6_0::.ctor()</Name>
              <SequencePoints />
              <BranchPoints />
              <MethodPoint vc="0" uspid="1039" ordinal="0" offset="0" />
            </Method>
          </Methods>
        </Class>
        <Class>
          <Summary numSequencePoints="9" visitedSequencePoints="9" numBranchPoints="1" visitedBranchPoints="1" sequenceCoverage="100" branchCoverage="100" maxCyclomaticComplexity="1" minCyclomaticComplexity="1" maxCrapScore="1" minCrapScore="1" visitedClasses="1" numClasses="1" visitedMethods="1" numMethods="1" />
          <FullName>BancoTabajara.Infra.ORM.Features.Clientes.ClienteConfiguration</FullName>
          <Methods>
            <Method visited="true" cyclomaticComplexity="1" nPathComplexity="0" sequenceCoverage="100" branchCoverage="100" crapScore="1" isConstructor="true" isStatic="false" isGetter="false" isSetter="false">
              <Summary numSequencePoints="9" visitedSequencePoints="9" numBranchPoints="1" visitedBranchPoints="1" sequenceCoverage="100" branchCoverage="100" maxCyclomaticComplexity="1" minCyclomaticComplexity="1" maxCrapScore="1" minCrapScore="1" visitedClasses="0" numClasses="0" visitedMethods="1" numMethods="1" />
              <MetadataToken>100663355</MetadataToken>
              <Name>System.Void BancoTabajara.Infra.ORM.Features.Clientes.ClienteConfiguration::.ctor()</Name>
              <FileRef uid="224" />
              <SequencePoints>
                <SequencePoint vc="1" uspid="1040" ordinal="0" offset="0" sl="13" sc="9" el="13" ec="38" bec="0" bev="0" fileid="224" />
                <SequencePoint vc="1" uspid="1041" ordinal="1" offset="7" sl="14" sc="9" el="14" ec="10" bec="0" bev="0" fileid="224" />
                <SequencePoint vc="1" uspid="1042" ordinal="2" offset="8" sl="15" sc="13" el="15" ec="34" bec="0" bev="0" fileid="224" />
                <SequencePoint vc="1" uspid="1043" ordinal="3" offset="20" sl="16" sc="13" el="16" ec="31" bec="0" bev="0" fileid="224" />
                <SequencePoint vc="1" uspid="1044" ordinal="4" offset="84" sl="17" sc="13" el="17" ec="87" bec="0" bev="0" fileid="224" />
                <SequencePoint vc="1" uspid="1045" ordinal="5" offset="175" sl="18" sc="13" el="18" ec="85" bec="0" bev="0" fileid="224" />
                <SequencePoint vc="1" uspid="1046" ordinal="6" offset="266" sl="19" sc="13" el="19" ec="83" bec="0" bev="0" fileid="224" />
                <SequencePoint vc="1" uspid="1047" ordinal="7" offset="357" sl="20" sc="13" el="20" ec="58" bec="0" bev="0" fileid="224" />
                <SequencePoint vc="1" uspid="1048" ordinal="8" offset="426" sl="21" sc="9" el="21" ec="10" bec="0" bev="0" fileid="224" />
              </SequencePoints>
              <BranchPoints />
              <MethodPoint xsi:type="SequencePoint" vc="1" uspid="1040" ordinal="0" offset="0" sl="13" sc="9" el="13" ec="38" bec="0" bev="0" fileid="224" />
            </Method>
          </Methods>
        </Class>
        <Class>
          <Summary numSequencePoints="0" visitedSequencePoints="0" numBranchPoints="0" visitedBranchPoints="0" sequenceCoverage="0" branchCoverage="0" maxCyclomaticComplexity="1" minCyclomaticComplexity="1" maxCrapScore="2" minCrapScore="2" visitedClasses="0" numClasses="0" visitedMethods="0" numMethods="0" />
          <FullName>BancoTabajara.Infra.ORM.Features.Clientes.ClienteConfiguration/&lt;&gt;c</FullName>
          <Methods>
            <Method visited="false" cyclomaticComplexity="1" nPathComplexity="0" sequenceCoverage="0" branchCoverage="0" crapScore="2" isConstructor="true" isStatic="true" isGetter="false" isSetter="false">
              <Summary numSequencePoints="0" visitedSequencePoints="0" numBranchPoints="0" visitedBranchPoints="0" sequenceCoverage="0" branchCoverage="0" maxCyclomaticComplexity="1" minCyclomaticComplexity="1" maxCrapScore="2" minCrapScore="2" visitedClasses="0" numClasses="0" visitedMethods="0" numMethods="0" />
              <MetadataToken>100663388</MetadataToken>
              <Name>System.Void BancoTabajara.Infra.ORM.Features.Clientes.ClienteConfiguration/&lt;&gt;c::.cctor()</Name>
              <SequencePoints />
              <BranchPoints />
              <MethodPoint vc="0" uspid="1049" ordinal="0" offset="0" />
            </Method>
            <Method visited="false" cyclomaticComplexity="1" nPathComplexity="0" sequenceCoverage="0" branchCoverage="0" crapScore="2" isConstructor="true" isStatic="false" isGetter="false" isSetter="false">
              <Summary numSequencePoints="0" visitedSequencePoints="0" numBranchPoints="0" visitedBranchPoints="0" sequenceCoverage="0" branchCoverage="0" maxCyclomaticComplexity="1" minCyclomaticComplexity="1" maxCrapScore="2" minCrapScore="2" visitedClasses="0" numClasses="0" visitedMethods="0" numMethods="0" />
              <MetadataToken>100663389</MetadataToken>
              <Name>System.Void BancoTabajara.Infra.ORM.Features.Clientes.ClienteConfiguration/&lt;&gt;c::.ctor()</Name>
              <SequencePoints />
              <BranchPoints />
              <MethodPoint vc="0" uspid="1050" ordinal="0" offset="0" />
            </Method>
          </Methods>
        </Class>
        <Class>
          <Summary numSequencePoints="28" visitedSequencePoints="27" numBranchPoints="10" visitedBranchPoints="9" sequenceCoverage="96.43" branchCoverage="90" maxCyclomaticComplexity="2" minCyclomaticComplexity="1" maxCrapScore="2.03" minCrapScore="1" visitedClasses="1" numClasses="1" visitedMethods="6" numMethods="6" />
          <FullName>BancoTabajara.Infra.ORM.Features.Clientes.ClienteRepository</FullName>
          <Methods>
            <Method visited="true" cyclomaticComplexity="1" nPathComplexity="0" sequenceCoverage="100" branchCoverage="100" crapScore="1" isConstructor="true" isStatic="false" isGetter="false" isSetter="false">
              <Summary numSequencePoints="4" visitedSequencePoints="4" numBranchPoints="1" visitedBranchPoints="1" sequenceCoverage="100" branchCoverage="100" maxCyclomaticComplexity="1" minCyclomaticComplexity="1" maxCrapScore="1" minCrapScore="1" visitedClasses="0" numClasses="0" visitedMethods="1" numMethods="1" />
              <MetadataToken>100663356</MetadataToken>
              <Name>System.Void BancoTabajara.Infra.ORM.Features.Clientes.ClienteRepository::.ctor(BancoTabajara.Infra.ORM.Context.BancoTabajaraContext)</Name>
              <FileRef uid="225" />
              <SequencePoints>
                <SequencePoint vc="8" uspid="1051" ordinal="0" offset="0" sl="17" sc="9" el="17" ec="63" bec="0" bev="0" fileid="225" />
                <SequencePoint vc="8" uspid="1052" ordinal="1" offset="7" sl="18" sc="9" el="18" ec="10" bec="0" bev="0" fileid="225" />
                <SequencePoint vc="8" uspid="1053" ordinal="2" offset="8" sl="19" sc="13" el="19" ec="32" bec="0" bev="0" fileid="225" />
                <SequencePoint vc="8" uspid="1054" ordinal="3" offset="15" sl="20" sc="9" el="20" ec="10" bec="0" bev="0" fileid="225" />
              </SequencePoints>
              <BranchPoints />
              <MethodPoint xsi:type="SequencePoint" vc="8" uspid="1051" ordinal="0" offset="0" sl="17" sc="9" el="17" ec="63" bec="0" bev="0" fileid="225" />
            </Method>
            <Method visited="true" cyclomaticComplexity="1" nPathComplexity="0" sequenceCoverage="100" branchCoverage="100" crapScore="1" isConstructor="false" isStatic="false" isGetter="false" isSetter="false">
              <Summary numSequencePoints="5" visitedSequencePoints="5" numBranchPoints="1" visitedBranchPoints="1" sequenceCoverage="100" branchCoverage="100" maxCyclomaticComplexity="1" minCyclomaticComplexity="1" maxCrapScore="1" minCrapScore="1" visitedClasses="0" numClasses="0" visitedMethods="1" numMethods="1" />
              <MetadataToken>100663357</MetadataToken>
              <Name>BancoTabajara.Domain.Features.Clientes.Cliente BancoTabajara.Infra.ORM.Features.Clientes.ClienteRepository::Add(BancoTabajara.Domain.Features.Clientes.Cliente)</Name>
              <FileRef uid="225" />
              <SequencePoints>
                <SequencePoint vc="1" uspid="1055" ordinal="0" offset="0" sl="23" sc="9" el="23" ec="10" bec="0" bev="0" fileid="225" />
                <SequencePoint vc="1" uspid="1056" ordinal="1" offset="1" sl="24" sc="13" el="24" ec="62" bec="0" bev="0" fileid="225" />
                <SequencePoint vc="1" uspid="1057" ordinal="2" offset="19" sl="25" sc="13" el="25" ec="36" bec="0" bev="0" fileid="225" />
                <SequencePoint vc="1" uspid="1058" ordinal="3" offset="31" sl="26" sc="13" el="26" ec="32" bec="0" bev="0" fileid="225" />
                <SequencePoint vc="1" uspid="1059" ordinal="4" offset="35" sl="27" sc="9" el="27" ec="10" bec="0" bev="0" fileid="225" />
              </SequencePoints>
              <BranchPoints />
              <MethodPoint xsi:type="SequencePoint" vc="1" uspid="1055" ordinal="0" offset="0" sl="23" sc="9" el="23" ec="10" bec="0" bev="0" fileid="225" />
            </Method>
            <Method visited="true" cyclomaticComplexity="2" nPathComplexity="2" sequenceCoverage="80" branchCoverage="66.67" crapScore="2.03" isConstructor="false" isStatic="false" isGetter="false" isSetter="false">
              <Summary numSequencePoints="5" visitedSequencePoints="4" numBranchPoints="3" visitedBranchPoints="2" sequenceCoverage="80" branchCoverage="66.67" maxCyclomaticComplexity="2" minCyclomaticComplexity="2" maxCrapScore="2.03" minCrapScore="2.03" visitedClasses="0" numClasses="0" visitedMethods="1" numMethods="1" />
              <MetadataToken>100663358</MetadataToken>
              <Name>System.Linq.IQueryable`1&lt;BancoTabajara.Domain.Features.Clientes.Cliente&gt; BancoTabajara.Infra.ORM.Features.Clientes.ClienteRepository::GetAll(System.Int32)</Name>
              <FileRef uid="225" />
              <SequencePoints>
                <SequencePoint vc="1" uspid="1060" ordinal="0" offset="0" sl="30" sc="9" el="30" ec="10" bec="0" bev="0" fileid="225" />
                <SequencePoint vc="1" uspid="1061" ordinal="1" offset="1" sl="31" sc="13" el="31" ec="33" bec="2" bev="1" fileid="225" />
                <SequencePoint vc="1" uspid="1062" ordinal="2" offset="9" sl="32" sc="17" el="32" ec="42" bec="0" bev="0" fileid="225" />
                <SequencePoint vc="0" uspid="1063" ordinal="3" offset="23" sl="34" sc="17" el="34" ec="59" bec="0" bev="0" fileid="225" />
                <SequencePoint vc="1" uspid="1064" ordinal="4" offset="43" sl="35" sc="9" el="35" ec="10" bec="0" bev="0" fileid="225" />
              </SequencePoints>
              <BranchPoints>
                <BranchPoint vc="1" uspid="1065" ordinal="0" offset="7" sl="31" path="0" offsetend="9" fileid="225" />
                <BranchPoint vc="0" uspid="1066" ordinal="1" offset="7" sl="31" path="1" offsetend="23" fileid="225" />
              </BranchPoints>
              <MethodPoint xsi:type="SequencePoint" vc="1" uspid="1060" ordinal="0" offset="0" sl="30" sc="9" el="30" ec="10" bec="0" bev="0" fileid="225" />
            </Method>
            <Method visited="true" cyclomaticComplexity="1" nPathComplexity="0" sequenceCoverage="100" branchCoverage="100" crapScore="1" isConstructor="false" isStatic="false" isGetter="false" isSetter="false">
              <Summary numSequencePoints="3" visitedSequencePoints="3" numBranchPoints="1" visitedBranchPoints="1" sequenceCoverage="100" branchCoverage="100" maxCyclomaticComplexity="1" minCyclomaticComplexity="1" maxCrapScore="1" minCrapScore="1" visitedClasses="0" numClasses="0" visitedMethods="1" numMethods="1" />
              <MetadataToken>100663359</MetadataToken>
              <Name>BancoTabajara.Domain.Features.Clientes.Cliente BancoTabajara.Infra.ORM.Features.Clientes.ClienteRepository::GetById(System.Int32)</Name>
              <FileRef uid="225" />
              <SequencePoints>
                <SequencePoint vc="2" uspid="1067" ordinal="0" offset="13" sl="38" sc="9" el="38" ec="10" bec="0" bev="0" fileid="225" />
                <SequencePoint vc="2" uspid="1068" ordinal="1" offset="14" sl="39" sc="13" el="39" ec="77" bec="0" bev="0" fileid="225" />
                <SequencePoint vc="2" uspid="1069" ordinal="2" offset="126" sl="40" sc="9" el="40" ec="10" bec="0" bev="0" fileid="225" />
              </SequencePoints>
              <BranchPoints />
              <MethodPoint vc="2" uspid="1070" ordinal="0" offset="0" />
            </Method>
            <Method visited="true" cyclomaticComplexity="2" nPathComplexity="2" sequenceCoverage="100" branchCoverage="100" crapScore="2" isConstructor="false" isStatic="false" isGetter="false" isSetter="false">
              <Summary numSequencePoints="7" visitedSequencePoints="7" numBranchPoints="3" visitedBranchPoints="3" sequenceCoverage="100" branchCoverage="100" maxCyclomaticComplexity="2" minCyclomaticComplexity="2" maxCrapScore="2" minCrapScore="2" visitedClasses="0" numClasses="0" visitedMethods="1" numMethods="1" />
              <MetadataToken>100663360</MetadataToken>
              <Name>System.Boolean BancoTabajara.Infra.ORM.Features.Clientes.ClienteRepository::Delete(System.Int32)</Name>
              <FileRef uid="225" />
              <SequencePoints>
                <SequencePoint vc="2" uspid="1071" ordinal="0" offset="13" sl="42" sc="9" el="42" ec="10" bec="0" bev="0" fileid="225" />
                <SequencePoint vc="2" uspid="1072" ordinal="1" offset="14" sl="43" sc="13" el="43" ec="77" bec="0" bev="0" fileid="225" />
                <SequencePoint vc="2" uspid="1073" ordinal="2" offset="124" sl="44" sc="13" el="44" ec="33" bec="2" bev="2" fileid="225" />
                <SequencePoint vc="1" uspid="1074" ordinal="3" offset="135" sl="45" sc="17" el="45" ec="47" bec="0" bev="0" fileid="225" />
                <SequencePoint vc="1" uspid="1075" ordinal="4" offset="141" sl="46" sc="13" el="46" ec="65" bec="0" bev="0" fileid="225" />
                <SequencePoint vc="1" uspid="1076" ordinal="5" offset="160" sl="47" sc="13" el="47" ec="47" bec="0" bev="0" fileid="225" />
                <SequencePoint vc="1" uspid="1077" ordinal="6" offset="178" sl="48" sc="9" el="48" ec="10" bec="0" bev="0" fileid="225" />
              </SequencePoints>
              <BranchPoints>
                <BranchPoint vc="1" uspid="1078" ordinal="0" offset="133" sl="44" path="0" offsetend="135" fileid="225" />
                <BranchPoint vc="1" uspid="1079" ordinal="1" offset="133" sl="44" path="1" offsetend="141" fileid="225" />
              </BranchPoints>
              <MethodPoint vc="2" uspid="1080" ordinal="0" offset="0" />
            </Method>
            <Method visited="true" cyclomaticComplexity="1" nPathComplexity="0" sequenceCoverage="100" branchCoverage="100" crapScore="1" isConstructor="false" isStatic="false" isGetter="false" isSetter="false">
              <Summary numSequencePoints="4" visitedSequencePoints="4" numBranchPoints="1" visitedBranchPoints="1" sequenceCoverage="100" branchCoverage="100" maxCyclomaticComplexity="1" minCyclomaticComplexity="1" maxCrapScore="1" minCrapScore="1" visitedClasses="0" numClasses="0" visitedMethods="1" numMethods="1" />
              <MetadataToken>100663361</MetadataToken>
              <Name>System.Boolean BancoTabajara.Infra.ORM.Features.Clientes.ClienteRepository::Update(BancoTabajara.Domain.Features.Clientes.Cliente)</Name>
              <FileRef uid="225" />
              <SequencePoints>
                <SequencePoint vc="2" uspid="1081" ordinal="0" offset="0" sl="50" sc="9" el="50" ec="10" bec="0" bev="0" fileid="225" />
                <SequencePoint vc="2" uspid="1082" ordinal="1" offset="1" sl="51" sc="13" el="51" ec="66" bec="0" bev="0" fileid="225" />
                <SequencePoint vc="2" uspid="1083" ordinal="2" offset="21" sl="52" sc="13" el="52" ec="47" bec="0" bev="0" fileid="225" />
                <SequencePoint vc="1" uspid="1084" ordinal="3" offset="38" sl="53" sc="9" el="53" ec="10" bec="0" bev="0" fileid="225" />
              </SequencePoints>
              <BranchPoints />
              <MethodPoint xsi:type="SequencePoint" vc="2" uspid="1081" ordinal="0" offset="0" sl="50" sc="9" el="50" ec="10" bec="0" bev="0" fileid="225" />
            </Method>
          </Methods>
        </Class>
        <Class>
          <Summary numSequencePoints="0" visitedSequencePoints="0" numBranchPoints="0" visitedBranchPoints="0" sequenceCoverage="0" branchCoverage="0" maxCyclomaticComplexity="1" minCyclomaticComplexity="1" maxCrapScore="2" minCrapScore="2" visitedClasses="0" numClasses="0" visitedMethods="0" numMethods="0" />
          <FullName>BancoTabajara.Infra.ORM.Features.Clientes.ClienteRepository/&lt;&gt;c__DisplayClass4_0</FullName>
          <Methods>
            <Method visited="false" cyclomaticComplexity="1" nPathComplexity="0" sequenceCoverage="0" branchCoverage="0" crapScore="2" isConstructor="true" isStatic="false" isGetter="false" isSetter="false">
              <Summary numSequencePoints="0" visitedSequencePoints="0" numBranchPoints="0" visitedBranchPoints="0" sequenceCoverage="0" branchCoverage="0" maxCyclomaticComplexity="1" minCyclomaticComplexity="1" maxCrapScore="2" minCrapScore="2" visitedClasses="0" numClasses="0" visitedMethods="0" numMethods="0" />
              <MetadataToken>100663390</MetadataToken>
              <Name>System.Void BancoTabajara.Infra.ORM.Features.Clientes.ClienteRepository/&lt;&gt;c__DisplayClass4_0::.ctor()</Name>
              <SequencePoints />
              <BranchPoints />
              <MethodPoint vc="0" uspid="1085" ordinal="0" offset="0" />
            </Method>
          </Methods>
        </Class>
        <Class>
          <Summary numSequencePoints="0" visitedSequencePoints="0" numBranchPoints="0" visitedBranchPoints="0" sequenceCoverage="0" branchCoverage="0" maxCyclomaticComplexity="1" minCyclomaticComplexity="1" maxCrapScore="2" minCrapScore="2" visitedClasses="0" numClasses="0" visitedMethods="0" numMethods="0" />
          <FullName>BancoTabajara.Infra.ORM.Features.Clientes.ClienteRepository/&lt;&gt;c__DisplayClass5_0</FullName>
          <Methods>
            <Method visited="false" cyclomaticComplexity="1" nPathComplexity="0" sequenceCoverage="0" branchCoverage="0" crapScore="2" isConstructor="true" isStatic="false" isGetter="false" isSetter="false">
              <Summary numSequencePoints="0" visitedSequencePoints="0" numBranchPoints="0" visitedBranchPoints="0" sequenceCoverage="0" branchCoverage="0" maxCyclomaticComplexity="1" minCyclomaticComplexity="1" maxCrapScore="2" minCrapScore="2" visitedClasses="0" numClasses="0" visitedMethods="0" numMethods="0" />
              <MetadataToken>100663391</MetadataToken>
              <Name>System.Void BancoTabajara.Infra.ORM.Features.Clientes.ClienteRepository/&lt;&gt;c__DisplayClass5_0::.ctor()</Name>
              <SequencePoints />
              <BranchPoints />
              <MethodPoint vc="0" uspid="1086" ordinal="0" offset="0" />
            </Method>
          </Methods>
        </Class>
      </Classes>
    </Module>
  </Modules>
</CoverageSession>