<?xml version="1.0" encoding="utf-8"?>
<CoverageSession xmlns:xsd="http://www.w3.org/2001/XMLSchema" xmlns:xsi="http://www.w3.org/2001/XMLSchema-instance" Version="4.6.0.0">
  <Summary numSequencePoints="153" visitedSequencePoints="143" numBranchPoints="64" visitedBranchPoints="53" sequenceCoverage="93.46" branchCoverage="82.81" maxCyclomaticComplexity="5" minCyclomaticComplexity="0" maxCrapScore="30" minCrapScore="0" visitedClasses="5" numClasses="5" visitedMethods="27" numMethods="28" />
  <Modules>
    <Module hash="B7-23-B2-94-C2-07-A9-F7-A3-2D-E6-82-E0-5A-CF-68-11-FF-F4-4F">
      <Summary numSequencePoints="72" visitedSequencePoints="62" numBranchPoints="38" visitedBranchPoints="29" sequenceCoverage="86.11" branchCoverage="76.32" maxCyclomaticComplexity="5" minCyclomaticComplexity="0" maxCrapScore="30" minCrapScore="0" visitedClasses="3" numClasses="3" visitedMethods="11" numMethods="12" />
      <ModulePath>C:\Users\ndduser\Desktop\Academia 2018\Skywalkers\SkyWalkers\ws-banco-tabajara\BancoTabajara\BancoTabajara.Applications.Tests\bin\Debug\BancoTabajara.Domain.dll</ModulePath>
      <ModuleTime>2018-07-27T18:00:03.8192479Z</ModuleTime>
      <ModuleName>BancoTabajara.Domain</ModuleName>
      <Files>
        <File uid="1" fullPath="C:\Users\ndduser\Desktop\Academia 2018\Skywalkers\SkyWalkers\ws-banco-tabajara\BancoTabajara\BancoTabajara.Domain\Features\Movimentacoes\Movimentacao.cs" />
        <File uid="5" fullPath="C:\Users\ndduser\Desktop\Academia 2018\Skywalkers\SkyWalkers\ws-banco-tabajara\BancoTabajara\BancoTabajara.Domain\Features\Contas\Conta.cs" />
        <File uid="12" fullPath="C:\Users\ndduser\Desktop\Academia 2018\Skywalkers\SkyWalkers\ws-banco-tabajara\BancoTabajara\BancoTabajara.Domain\Features\Clientes\Cliente.cs" />
      </Files>
      <Classes>
        <Class>
          <Summary numSequencePoints="13" visitedSequencePoints="5" numBranchPoints="8" visitedBranchPoints="1" sequenceCoverage="38.46" branchCoverage="12.5" maxCyclomaticComplexity="5" minCyclomaticComplexity="1" maxCrapScore="30" minCrapScore="1" visitedClasses="1" numClasses="1" visitedMethods="1" numMethods="2" />
          <FullName>BancoTabajara.Domain.Features.Movimentacoes.Movimentacao</FullName>
          <Methods>
            <Method skippedDueTo="AutoImplementedProperty" visited="false" cyclomaticComplexity="1" nPathComplexity="0" sequenceCoverage="0" branchCoverage="0" crapScore="0" isConstructor="false" isStatic="false" isGetter="true" isSetter="false">
              <MetadataToken>100663297</MetadataToken>
              <Name>System.DateTime BancoTabajara.Domain.Features.Movimentacoes.Movimentacao::get_Data()</Name>
              <FileRef uid="1" />
              <SequencePoints />
              <BranchPoints />
            </Method>
            <Method skippedDueTo="AutoImplementedProperty" visited="false" cyclomaticComplexity="1" nPathComplexity="0" sequenceCoverage="0" branchCoverage="0" crapScore="0" isConstructor="false" isStatic="false" isGetter="false" isSetter="true">
              <MetadataToken>100663298</MetadataToken>
              <Name>System.Void BancoTabajara.Domain.Features.Movimentacoes.Movimentacao::set_Data(System.DateTime)</Name>
              <FileRef uid="1" />
              <SequencePoints />
              <BranchPoints />
            </Method>
            <Method skippedDueTo="AutoImplementedProperty" visited="false" cyclomaticComplexity="1" nPathComplexity="0" sequenceCoverage="0" branchCoverage="0" crapScore="0" isConstructor="false" isStatic="false" isGetter="true" isSetter="false">
              <MetadataToken>100663299</MetadataToken>
              <Name>System.Double BancoTabajara.Domain.Features.Movimentacoes.Movimentacao::get_Valor()</Name>
              <FileRef uid="1" />
              <SequencePoints />
              <BranchPoints />
            </Method>
            <Method skippedDueTo="AutoImplementedProperty" visited="false" cyclomaticComplexity="1" nPathComplexity="0" sequenceCoverage="0" branchCoverage="0" crapScore="0" isConstructor="false" isStatic="false" isGetter="false" isSetter="true">
              <MetadataToken>100663300</MetadataToken>
              <Name>System.Void BancoTabajara.Domain.Features.Movimentacoes.Movimentacao::set_Valor(System.Double)</Name>
              <FileRef uid="1" />
              <SequencePoints />
              <BranchPoints />
            </Method>
            <Method skippedDueTo="AutoImplementedProperty" visited="false" cyclomaticComplexity="1" nPathComplexity="0" sequenceCoverage="0" branchCoverage="0" crapScore="0" isConstructor="false" isStatic="false" isGetter="true" isSetter="false">
              <MetadataToken>100663301</MetadataToken>
              <Name>BancoTabajara.Domain.Features.Movimentacoes.TipoOperacaoEnum BancoTabajara.Domain.Features.Movimentacoes.Movimentacao::get_TipoOperacao()</Name>
              <FileRef uid="1" />
              <SequencePoints />
              <BranchPoints />
            </Method>
            <Method skippedDueTo="AutoImplementedProperty" visited="false" cyclomaticComplexity="1" nPathComplexity="0" sequenceCoverage="0" branchCoverage="0" crapScore="0" isConstructor="false" isStatic="false" isGetter="false" isSetter="true">
              <MetadataToken>100663302</MetadataToken>
              <Name>System.Void BancoTabajara.Domain.Features.Movimentacoes.Movimentacao::set_TipoOperacao(BancoTabajara.Domain.Features.Movimentacoes.TipoOperacaoEnum)</Name>
              <FileRef uid="1" />
              <SequencePoints />
              <BranchPoints />
            </Method>
            <Method visited="false" cyclomaticComplexity="5" nPathComplexity="8" sequenceCoverage="0" branchCoverage="0" crapScore="30" isConstructor="false" isStatic="false" isGetter="false" isSetter="false">
              <Summary numSequencePoints="8" visitedSequencePoints="0" numBranchPoints="7" visitedBranchPoints="0" sequenceCoverage="0" branchCoverage="0" maxCyclomaticComplexity="5" minCyclomaticComplexity="5" maxCrapScore="30" minCrapScore="30" visitedClasses="0" numClasses="0" visitedMethods="0" numMethods="1" />
              <MetadataToken>100663303</MetadataToken>
              <Name>System.Void BancoTabajara.Domain.Features.Movimentacoes.Movimentacao::Validar()</Name>
              <FileRef uid="1" />
              <SequencePoints>
                <SequencePoint vc="0" uspid="1" ordinal="0" offset="0" sl="19" sc="9" el="19" ec="10" bec="0" bev="0" fileid="1" />
                <SequencePoint vc="0" uspid="2" ordinal="1" offset="1" sl="20" sc="13" el="20" ec="28" bec="2" bev="0" fileid="1" />
                <SequencePoint vc="0" uspid="3" ordinal="2" offset="25" sl="21" sc="17" el="21" ec="64" bec="0" bev="0" fileid="1" />
                <SequencePoint vc="0" uspid="4" ordinal="3" offset="31" sl="22" sc="13" el="22" ec="82" bec="2" bev="0" fileid="1" />
                <SequencePoint vc="0" uspid="5" ordinal="4" offset="84" sl="23" sc="17" el="23" ec="71" bec="0" bev="0" fileid="1" />
                <SequencePoint vc="0" uspid="6" ordinal="5" offset="90" sl="24" sc="13" el="24" ec="84" bec="2" bev="0" fileid="1" />
                <SequencePoint vc="0" uspid="7" ordinal="6" offset="131" sl="25" sc="17" el="25" ec="63" bec="0" bev="0" fileid="1" />
                <SequencePoint vc="0" uspid="8" ordinal="7" offset="137" sl="26" sc="9" el="26" ec="10" bec="0" bev="0" fileid="1" />
              </SequencePoints>
              <BranchPoints>
                <BranchPoint vc="0" uspid="9" ordinal="0" offset="23" sl="20" path="0" offsetend="25" fileid="1" />
                <BranchPoint vc="0" uspid="10" ordinal="1" offset="23" sl="20" path="1" offsetend="31" fileid="1" />
                <BranchPoint vc="0" uspid="13" ordinal="4" offset="82" sl="22" path="0" offsetend="84" fileid="1" />
                <BranchPoint vc="0" uspid="14" ordinal="5" offset="82" sl="22" path="1" offsetend="90" fileid="1" />
                <BranchPoint vc="0" uspid="15" ordinal="6" offset="129" sl="24" path="0" offsetend="131" fileid="1" />
                <BranchPoint vc="0" uspid="16" ordinal="7" offset="129" sl="24" path="1" offsetend="137" fileid="1" />
              </BranchPoints>
              <MethodPoint xsi:type="SequencePoint" vc="0" uspid="1" ordinal="0" offset="0" sl="19" sc="9" el="19" ec="10" bec="0" bev="0" fileid="1" />
            </Method>
            <Method visited="true" cyclomaticComplexity="1" nPathComplexity="0" sequenceCoverage="100" branchCoverage="100" crapScore="1" isConstructor="false" isStatic="false" isGetter="false" isSetter="false">
              <Summary numSequencePoints="5" visitedSequencePoints="5" numBranchPoints="1" visitedBranchPoints="1" sequenceCoverage="100" branchCoverage="100" maxCyclomaticComplexity="1" minCyclomaticComplexity="1" maxCrapScore="1" minCrapScore="1" visitedClasses="0" numClasses="0" visitedMethods="1" numMethods="1" />
              <MetadataToken>100663304</MetadataToken>
              <Name>System.Void BancoTabajara.Domain.Features.Movimentacoes.Movimentacao::ObterMovimentacao(BancoTabajara.Domain.Features.Movimentacoes.TipoOperacaoEnum,System.Double)</Name>
              <FileRef uid="1" />
              <SequencePoints>
                <SequencePoint vc="6" uspid="17" ordinal="0" offset="0" sl="29" sc="9" el="29" ec="10" bec="0" bev="0" fileid="1" />
                <SequencePoint vc="6" uspid="18" ordinal="1" offset="1" sl="30" sc="13" el="30" ec="41" bec="0" bev="0" fileid="1" />
                <SequencePoint vc="6" uspid="19" ordinal="2" offset="9" sl="31" sc="13" el="31" ec="27" bec="0" bev="0" fileid="1" />
                <SequencePoint vc="6" uspid="20" ordinal="3" offset="17" sl="32" sc="13" el="32" ec="33" bec="0" bev="0" fileid="1" />
                <SequencePoint vc="6" uspid="21" ordinal="4" offset="29" sl="33" sc="9" el="33" ec="10" bec="0" bev="0" fileid="1" />
              </SequencePoints>
              <BranchPoints />
              <MethodPoint xsi:type="SequencePoint" vc="6" uspid="17" ordinal="0" offset="0" sl="29" sc="9" el="29" ec="10" bec="0" bev="0" fileid="1" />
            </Method>
            <Method visited="false" cyclomaticComplexity="1" nPathComplexity="0" sequenceCoverage="0" branchCoverage="0" crapScore="2" isConstructor="true" isStatic="false" isGetter="false" isSetter="false">
              <Summary numSequencePoints="0" visitedSequencePoints="0" numBranchPoints="0" visitedBranchPoints="0" sequenceCoverage="0" branchCoverage="0" maxCyclomaticComplexity="1" minCyclomaticComplexity="1" maxCrapScore="2" minCrapScore="2" visitedClasses="0" numClasses="0" visitedMethods="0" numMethods="0" />
              <MetadataToken>100663305</MetadataToken>
              <Name>System.Void BancoTabajara.Domain.Features.Movimentacoes.Movimentacao::.ctor()</Name>
              <SequencePoints />
              <BranchPoints />
              <MethodPoint vc="0" uspid="22" ordinal="0" offset="0" />
            </Method>
          </Methods>
        </Class>
        <Class>
          <Summary numSequencePoints="49" visitedSequencePoints="47" numBranchPoints="21" visitedBranchPoints="19" sequenceCoverage="95.92" branchCoverage="90.48" maxCyclomaticComplexity="5" minCyclomaticComplexity="1" maxCrapScore="5.20" minCrapScore="1" visitedClasses="1" numClasses="1" visitedMethods="9" numMethods="9" />
          <FullName>BancoTabajara.Domain.Features.Contas.Conta</FullName>
          <Methods>
            <Method skippedDueTo="AutoImplementedProperty" visited="false" cyclomaticComplexity="1" nPathComplexity="0" sequenceCoverage="0" branchCoverage="0" crapScore="0" isConstructor="false" isStatic="false" isGetter="true" isSetter="false">
              <MetadataToken>100663309</MetadataToken>
              <Name>System.Int32 BancoTabajara.Domain.Features.Contas.Conta::get_NumeroConta()</Name>
              <FileRef uid="5" />
              <SequencePoints />
              <BranchPoints />
            </Method>
            <Method skippedDueTo="AutoImplementedProperty" visited="false" cyclomaticComplexity="1" nPathComplexity="0" sequenceCoverage="0" branchCoverage="0" crapScore="0" isConstructor="false" isStatic="false" isGetter="false" isSetter="true">
              <MetadataToken>100663310</MetadataToken>
              <Name>System.Void BancoTabajara.Domain.Features.Contas.Conta::set_NumeroConta(System.Int32)</Name>
              <FileRef uid="5" />
              <SequencePoints />
              <BranchPoints />
            </Method>
            <Method skippedDueTo="AutoImplementedProperty" visited="false" cyclomaticComplexity="1" nPathComplexity="0" sequenceCoverage="0" branchCoverage="0" crapScore="0" isConstructor="false" isStatic="false" isGetter="true" isSetter="false">
              <MetadataToken>100663311</MetadataToken>
              <Name>System.Double BancoTabajara.Domain.Features.Contas.Conta::get_Saldo()</Name>
              <FileRef uid="5" />
              <SequencePoints />
              <BranchPoints />
            </Method>
            <Method skippedDueTo="AutoImplementedProperty" visited="false" cyclomaticComplexity="1" nPathComplexity="0" sequenceCoverage="0" branchCoverage="0" crapScore="0" isConstructor="false" isStatic="false" isGetter="false" isSetter="true">
              <MetadataToken>100663312</MetadataToken>
              <Name>System.Void BancoTabajara.Domain.Features.Contas.Conta::set_Saldo(System.Double)</Name>
              <FileRef uid="5" />
              <SequencePoints />
              <BranchPoints />
            </Method>
            <Method skippedDueTo="AutoImplementedProperty" visited="false" cyclomaticComplexity="1" nPathComplexity="0" sequenceCoverage="0" branchCoverage="0" crapScore="0" isConstructor="false" isStatic="false" isGetter="true" isSetter="false">
              <MetadataToken>100663313</MetadataToken>
              <Name>System.Boolean BancoTabajara.Domain.Features.Contas.Conta::get_Ativada()</Name>
              <FileRef uid="5" />
              <SequencePoints />
              <BranchPoints />
            </Method>
            <Method skippedDueTo="AutoImplementedProperty" visited="false" cyclomaticComplexity="1" nPathComplexity="0" sequenceCoverage="0" branchCoverage="0" crapScore="0" isConstructor="false" isStatic="false" isGetter="false" isSetter="true">
              <MetadataToken>100663314</MetadataToken>
              <Name>System.Void BancoTabajara.Domain.Features.Contas.Conta::set_Ativada(System.Boolean)</Name>
              <FileRef uid="5" />
              <SequencePoints />
              <BranchPoints />
            </Method>
            <Method skippedDueTo="AutoImplementedProperty" visited="false" cyclomaticComplexity="1" nPathComplexity="0" sequenceCoverage="0" branchCoverage="0" crapScore="0" isConstructor="false" isStatic="false" isGetter="true" isSetter="false">
              <MetadataToken>100663315</MetadataToken>
              <Name>System.Double BancoTabajara.Domain.Features.Contas.Conta::get_Limite()</Name>
              <FileRef uid="5" />
              <SequencePoints />
              <BranchPoints />
            </Method>
            <Method skippedDueTo="AutoImplementedProperty" visited="false" cyclomaticComplexity="1" nPathComplexity="0" sequenceCoverage="0" branchCoverage="0" crapScore="0" isConstructor="false" isStatic="false" isGetter="false" isSetter="true">
              <MetadataToken>100663316</MetadataToken>
              <Name>System.Void BancoTabajara.Domain.Features.Contas.Conta::set_Limite(System.Double)</Name>
              <FileRef uid="5" />
              <SequencePoints />
              <BranchPoints />
            </Method>
            <Method visited="true" cyclomaticComplexity="1" nPathComplexity="0" sequenceCoverage="100" branchCoverage="100" crapScore="1" isConstructor="false" isStatic="false" isGetter="true" isSetter="false">
              <Summary numSequencePoints="3" visitedSequencePoints="3" numBranchPoints="1" visitedBranchPoints="1" sequenceCoverage="100" branchCoverage="100" maxCyclomaticComplexity="1" minCyclomaticComplexity="1" maxCrapScore="1" minCrapScore="1" visitedClasses="0" numClasses="0" visitedMethods="1" numMethods="1" />
              <MetadataToken>100663317</MetadataToken>
              <Name>System.Double BancoTabajara.Domain.Features.Contas.Conta::get_SaldoTotal()</Name>
              <FileRef uid="5" />
              <SequencePoints>
                <SequencePoint vc="14" uspid="23" ordinal="0" offset="0" sl="19" sc="40" el="19" ec="41" bec="0" bev="0" fileid="5" />
                <SequencePoint vc="14" uspid="24" ordinal="1" offset="1" sl="19" sc="42" el="19" ec="65" bec="0" bev="0" fileid="5" />
                <SequencePoint vc="14" uspid="25" ordinal="2" offset="10" sl="19" sc="66" el="19" ec="67" bec="0" bev="0" fileid="5" />
              </SequencePoints>
              <BranchPoints />
              <MethodPoint xsi:type="SequencePoint" vc="14" uspid="23" ordinal="0" offset="0" sl="19" sc="40" el="19" ec="41" bec="0" bev="0" fileid="5" />
            </Method>
            <Method skippedDueTo="AutoImplementedProperty" visited="false" cyclomaticComplexity="1" nPathComplexity="0" sequenceCoverage="0" branchCoverage="0" crapScore="0" isConstructor="false" isStatic="false" isGetter="true" isSetter="false">
              <MetadataToken>100663318</MetadataToken>
              <Name>BancoTabajara.Domain.Features.Clientes.Cliente BancoTabajara.Domain.Features.Contas.Conta::get_Cliente()</Name>
              <FileRef uid="5" />
              <SequencePoints />
              <BranchPoints />
            </Method>
            <Method skippedDueTo="AutoImplementedProperty" visited="false" cyclomaticComplexity="1" nPathComplexity="0" sequenceCoverage="0" branchCoverage="0" crapScore="0" isConstructor="false" isStatic="false" isGetter="false" isSetter="true">
              <MetadataToken>100663319</MetadataToken>
              <Name>System.Void BancoTabajara.Domain.Features.Contas.Conta::set_Cliente(BancoTabajara.Domain.Features.Clientes.Cliente)</Name>
              <FileRef uid="5" />
              <SequencePoints />
              <BranchPoints />
            </Method>
            <Method skippedDueTo="AutoImplementedProperty" visited="false" cyclomaticComplexity="1" nPathComplexity="0" sequenceCoverage="0" branchCoverage="0" crapScore="0" isConstructor="false" isStatic="false" isGetter="true" isSetter="false">
              <MetadataToken>100663320</MetadataToken>
              <Name>System.Collections.Generic.ICollection`1&lt;BancoTabajara.Domain.Features.Movimentacoes.Movimentacao&gt; BancoTabajara.Domain.Features.Contas.Conta::get_Movimentacoes()</Name>
              <FileRef uid="5" />
              <SequencePoints />
              <BranchPoints />
            </Method>
            <Method skippedDueTo="AutoImplementedProperty" visited="false" cyclomaticComplexity="1" nPathComplexity="0" sequenceCoverage="0" branchCoverage="0" crapScore="0" isConstructor="false" isStatic="false" isGetter="false" isSetter="true">
              <MetadataToken>100663321</MetadataToken>
              <Name>System.Void BancoTabajara.Domain.Features.Contas.Conta::set_Movimentacoes(System.Collections.Generic.ICollection`1&lt;BancoTabajara.Domain.Features.Movimentacoes.Movimentacao&gt;)</Name>
              <FileRef uid="5" />
              <SequencePoints />
              <BranchPoints />
            </Method>
            <Method visited="true" cyclomaticComplexity="1" nPathComplexity="0" sequenceCoverage="100" branchCoverage="100" crapScore="1" isConstructor="true" isStatic="false" isGetter="false" isSetter="false">
              <Summary numSequencePoints="4" visitedSequencePoints="4" numBranchPoints="1" visitedBranchPoints="1" sequenceCoverage="100" branchCoverage="100" maxCyclomaticComplexity="1" minCyclomaticComplexity="1" maxCrapScore="1" minCrapScore="1" visitedClasses="0" numClasses="0" visitedMethods="1" numMethods="1" />
              <MetadataToken>100663322</MetadataToken>
              <Name>System.Void BancoTabajara.Domain.Features.Contas.Conta::.ctor()</Name>
              <FileRef uid="5" />
              <SequencePoints>
                <SequencePoint vc="31" uspid="26" ordinal="0" offset="0" sl="24" sc="9" el="24" ec="23" bec="0" bev="0" fileid="5" />
                <SequencePoint vc="31" uspid="27" ordinal="1" offset="7" sl="25" sc="9" el="25" ec="10" bec="0" bev="0" fileid="5" />
                <SequencePoint vc="31" uspid="28" ordinal="2" offset="8" sl="26" sc="13" el="26" ec="54" bec="0" bev="0" fileid="5" />
                <SequencePoint vc="31" uspid="29" ordinal="3" offset="20" sl="27" sc="9" el="27" ec="10" bec="0" bev="0" fileid="5" />
              </SequencePoints>
              <BranchPoints />
              <MethodPoint xsi:type="SequencePoint" vc="31" uspid="26" ordinal="0" offset="0" sl="24" sc="9" el="24" ec="23" bec="0" bev="0" fileid="5" />
            </Method>
            <Method visited="true" cyclomaticComplexity="5" nPathComplexity="16" sequenceCoverage="80" branchCoverage="77.78" crapScore="5.20" isConstructor="false" isStatic="false" isGetter="false" isSetter="false">
              <Summary numSequencePoints="10" visitedSequencePoints="8" numBranchPoints="9" visitedBranchPoints="7" sequenceCoverage="80" branchCoverage="77.78" maxCyclomaticComplexity="5" minCyclomaticComplexity="5" maxCrapScore="5.20" minCrapScore="5.20" visitedClasses="0" numClasses="0" visitedMethods="1" numMethods="1" />
              <MetadataToken>100663323</MetadataToken>
              <Name>System.Void BancoTabajara.Domain.Features.Contas.Conta::Validar()</Name>
              <FileRef uid="5" />
              <SequencePoints>
                <SequencePoint vc="6" uspid="30" ordinal="0" offset="0" sl="30" sc="9" el="30" ec="10" bec="0" bev="0" fileid="5" />
                <SequencePoint vc="6" uspid="31" ordinal="1" offset="1" sl="31" sc="13" el="31" ec="34" bec="2" bev="1" fileid="5" />
                <SequencePoint vc="0" uspid="32" ordinal="2" offset="17" sl="32" sc="17" el="32" ec="63" bec="0" bev="0" fileid="5" />
                <SequencePoint vc="6" uspid="33" ordinal="3" offset="23" sl="34" sc="13" el="34" ec="27" bec="2" bev="1" fileid="5" />
                <SequencePoint vc="0" uspid="34" ordinal="4" offset="44" sl="35" sc="17" el="35" ec="61" bec="0" bev="0" fileid="5" />
                <SequencePoint vc="6" uspid="35" ordinal="5" offset="50" sl="37" sc="13" el="37" ec="28" bec="2" bev="2" fileid="5" />
                <SequencePoint vc="1" uspid="36" ordinal="6" offset="71" sl="38" sc="17" el="38" ec="58" bec="0" bev="0" fileid="5" />
                <SequencePoint vc="5" uspid="37" ordinal="7" offset="77" sl="40" sc="13" el="40" ec="33" bec="2" bev="2" fileid="5" />
                <SequencePoint vc="1" uspid="38" ordinal="8" offset="93" sl="41" sc="17" el="41" ec="59" bec="0" bev="0" fileid="5" />
                <SequencePoint vc="4" uspid="39" ordinal="9" offset="99" sl="42" sc="9" el="42" ec="10" bec="0" bev="0" fileid="5" />
              </SequencePoints>
              <BranchPoints>
                <BranchPoint vc="0" uspid="40" ordinal="0" offset="15" sl="31" path="0" offsetend="17" fileid="5" />
                <BranchPoint vc="6" uspid="41" ordinal="1" offset="15" sl="31" path="1" offsetend="23" fileid="5" />
                <BranchPoint vc="0" uspid="42" ordinal="2" offset="42" sl="34" path="0" offsetend="44" fileid="5" />
                <BranchPoint vc="6" uspid="43" ordinal="3" offset="42" sl="34" path="1" offsetend="50" fileid="5" />
                <BranchPoint vc="1" uspid="44" ordinal="4" offset="69" sl="37" path="0" offsetend="71" fileid="5" />
                <BranchPoint vc="5" uspid="45" ordinal="5" offset="69" sl="37" path="1" offsetend="77" fileid="5" />
                <BranchPoint vc="1" uspid="46" ordinal="6" offset="91" sl="40" path="0" offsetend="93" fileid="5" />
                <BranchPoint vc="4" uspid="47" ordinal="7" offset="91" sl="40" path="1" offsetend="99" fileid="5" />
              </BranchPoints>
              <MethodPoint xsi:type="SequencePoint" vc="6" uspid="30" ordinal="0" offset="0" sl="30" sc="9" el="30" ec="10" bec="0" bev="0" fileid="5" />
            </Method>
            <Method visited="true" cyclomaticComplexity="1" nPathComplexity="0" sequenceCoverage="100" branchCoverage="100" crapScore="1" isConstructor="false" isStatic="false" isGetter="false" isSetter="false">
              <Summary numSequencePoints="3" visitedSequencePoints="3" numBranchPoints="1" visitedBranchPoints="1" sequenceCoverage="100" branchCoverage="100" maxCyclomaticComplexity="1" minCyclomaticComplexity="1" maxCrapScore="1" minCrapScore="1" visitedClasses="0" numClasses="0" visitedMethods="1" numMethods="1" />
              <MetadataToken>100663324</MetadataToken>
              <Name>System.Double BancoTabajara.Domain.Features.Contas.Conta::CalcularSaldo()</Name>
              <FileRef uid="5" />
              <SequencePoints>
                <SequencePoint vc="14" uspid="48" ordinal="0" offset="0" sl="45" sc="9" el="45" ec="10" bec="0" bev="0" fileid="5" />
                <SequencePoint vc="14" uspid="49" ordinal="1" offset="1" sl="46" sc="13" el="46" ec="35" bec="0" bev="0" fileid="5" />
                <SequencePoint vc="14" uspid="50" ordinal="2" offset="17" sl="47" sc="9" el="47" ec="10" bec="0" bev="0" fileid="5" />
              </SequencePoints>
              <BranchPoints />
              <MethodPoint xsi:type="SequencePoint" vc="14" uspid="48" ordinal="0" offset="0" sl="45" sc="9" el="45" ec="10" bec="0" bev="0" fileid="5" />
            </Method>
            <Method visited="true" cyclomaticComplexity="1" nPathComplexity="0" sequenceCoverage="100" branchCoverage="100" crapScore="1" isConstructor="false" isStatic="false" isGetter="false" isSetter="false">
              <Summary numSequencePoints="3" visitedSequencePoints="3" numBranchPoints="1" visitedBranchPoints="1" sequenceCoverage="100" branchCoverage="100" maxCyclomaticComplexity="1" minCyclomaticComplexity="1" maxCrapScore="1" minCrapScore="1" visitedClasses="0" numClasses="0" visitedMethods="1" numMethods="1" />
              <MetadataToken>100663325</MetadataToken>
              <Name>System.Void BancoTabajara.Domain.Features.Contas.Conta::AlterarEstado()</Name>
              <FileRef uid="5" />
              <SequencePoints>
                <SequencePoint vc="1" uspid="51" ordinal="0" offset="0" sl="50" sc="9" el="50" ec="10" bec="0" bev="0" fileid="5" />
                <SequencePoint vc="1" uspid="52" ordinal="1" offset="1" sl="51" sc="13" el="51" ec="32" bec="0" bev="0" fileid="5" />
                <SequencePoint vc="1" uspid="53" ordinal="2" offset="17" sl="52" sc="9" el="52" ec="10" bec="0" bev="0" fileid="5" />
              </SequencePoints>
              <BranchPoints />
              <MethodPoint xsi:type="SequencePoint" vc="1" uspid="51" ordinal="0" offset="0" sl="50" sc="9" el="50" ec="10" bec="0" bev="0" fileid="5" />
            </Method>
            <Method visited="true" cyclomaticComplexity="1" nPathComplexity="0" sequenceCoverage="100" branchCoverage="100" crapScore="1" isConstructor="false" isStatic="false" isGetter="false" isSetter="false">
              <Summary numSequencePoints="6" visitedSequencePoints="6" numBranchPoints="1" visitedBranchPoints="1" sequenceCoverage="100" branchCoverage="100" maxCyclomaticComplexity="1" minCyclomaticComplexity="1" maxCrapScore="1" minCrapScore="1" visitedClasses="0" numClasses="0" visitedMethods="1" numMethods="1" />
              <MetadataToken>100663326</MetadataToken>
              <Name>System.Void BancoTabajara.Domain.Features.Contas.Conta::RealizarDeposito(System.Double)</Name>
              <FileRef uid="5" />
              <SequencePoints>
                <SequencePoint vc="3" uspid="54" ordinal="0" offset="0" sl="55" sc="9" el="55" ec="10" bec="0" bev="0" fileid="5" />
                <SequencePoint vc="3" uspid="55" ordinal="1" offset="1" sl="56" sc="13" el="56" ec="60" bec="0" bev="0" fileid="5" />
                <SequencePoint vc="3" uspid="56" ordinal="2" offset="7" sl="57" sc="13" el="57" ec="28" bec="0" bev="0" fileid="5" />
                <SequencePoint vc="3" uspid="57" ordinal="3" offset="22" sl="58" sc="13" el="58" ec="77" bec="0" bev="0" fileid="5" />
                <SequencePoint vc="3" uspid="58" ordinal="4" offset="31" sl="59" sc="13" el="59" ec="45" bec="0" bev="0" fileid="5" />
                <SequencePoint vc="3" uspid="59" ordinal="5" offset="44" sl="60" sc="9" el="60" ec="10" bec="0" bev="0" fileid="5" />
              </SequencePoints>
              <BranchPoints />
              <MethodPoint xsi:type="SequencePoint" vc="3" uspid="54" ordinal="0" offset="0" sl="55" sc="9" el="55" ec="10" bec="0" bev="0" fileid="5" />
            </Method>
            <Method visited="true" cyclomaticComplexity="2" nPathComplexity="2" sequenceCoverage="100" branchCoverage="100" crapScore="2" isConstructor="false" isStatic="false" isGetter="false" isSetter="false">
              <Summary numSequencePoints="11" visitedSequencePoints="11" numBranchPoints="3" visitedBranchPoints="3" sequenceCoverage="100" branchCoverage="100" maxCyclomaticComplexity="2" minCyclomaticComplexity="2" maxCrapScore="2" minCrapScore="2" visitedClasses="0" numClasses="0" visitedMethods="1" numMethods="1" />
              <MetadataToken>100663327</MetadataToken>
              <Name>System.Void BancoTabajara.Domain.Features.Contas.Conta::RealizarSaque(System.Double)</Name>
              <FileRef uid="5" />
              <SequencePoints>
                <SequencePoint vc="5" uspid="60" ordinal="0" offset="0" sl="63" sc="9" el="63" ec="10" bec="0" bev="0" fileid="5" />
                <SequencePoint vc="5" uspid="61" ordinal="1" offset="1" sl="64" sc="13" el="64" ec="60" bec="0" bev="0" fileid="5" />
                <SequencePoint vc="5" uspid="62" ordinal="2" offset="7" sl="65" sc="13" el="65" ec="33" bec="2" bev="2" fileid="5" />
                <SequencePoint vc="3" uspid="63" ordinal="3" offset="23" sl="66" sc="13" el="66" ec="14" bec="0" bev="0" fileid="5" />
                <SequencePoint vc="3" uspid="64" ordinal="4" offset="24" sl="67" sc="17" el="67" ec="32" bec="0" bev="0" fileid="5" />
                <SequencePoint vc="3" uspid="65" ordinal="5" offset="39" sl="68" sc="17" el="68" ec="80" bec="0" bev="0" fileid="5" />
                <SequencePoint vc="3" uspid="66" ordinal="6" offset="48" sl="69" sc="17" el="69" ec="49" bec="0" bev="0" fileid="5" />
                <SequencePoint vc="3" uspid="67" ordinal="7" offset="61" sl="70" sc="13" el="70" ec="14" bec="0" bev="0" fileid="5" />
                <SequencePoint vc="2" uspid="68" ordinal="8" offset="64" sl="72" sc="13" el="72" ec="14" bec="0" bev="0" fileid="5" />
                <SequencePoint vc="2" uspid="69" ordinal="9" offset="65" sl="73" sc="17" el="73" ec="61" bec="0" bev="0" fileid="5" />
                <SequencePoint vc="3" uspid="70" ordinal="10" offset="71" sl="75" sc="9" el="75" ec="10" bec="0" bev="0" fileid="5" />
              </SequencePoints>
              <BranchPoints>
                <BranchPoint vc="3" uspid="71" ordinal="0" offset="21" sl="65" path="0" offsetend="23" fileid="5" />
                <BranchPoint vc="2" uspid="72" ordinal="1" offset="21" sl="65" path="1" offsetend="64" fileid="5" />
              </BranchPoints>
              <MethodPoint xsi:type="SequencePoint" vc="5" uspid="60" ordinal="0" offset="0" sl="63" sc="9" el="63" ec="10" bec="0" bev="0" fileid="5" />
            </Method>
            <Method visited="true" cyclomaticComplexity="1" nPathComplexity="0" sequenceCoverage="100" branchCoverage="100" crapScore="1" isConstructor="false" isStatic="false" isGetter="false" isSetter="false">
              <Summary numSequencePoints="4" visitedSequencePoints="4" numBranchPoints="1" visitedBranchPoints="1" sequenceCoverage="100" branchCoverage="100" maxCyclomaticComplexity="1" minCyclomaticComplexity="1" maxCrapScore="1" minCrapScore="1" visitedClasses="0" numClasses="0" visitedMethods="1" numMethods="1" />
              <MetadataToken>100663328</MetadataToken>
              <Name>System.Void BancoTabajara.Domain.Features.Contas.Conta::RealizarTransferencia(System.Double,BancoTabajara.Domain.Features.Contas.Conta)</Name>
              <FileRef uid="5" />
              <SequencePoints>
                <SequencePoint vc="3" uspid="73" ordinal="0" offset="0" sl="78" sc="9" el="78" ec="10" bec="0" bev="0" fileid="5" />
                <SequencePoint vc="3" uspid="74" ordinal="1" offset="1" sl="79" sc="13" el="79" ec="34" bec="0" bev="0" fileid="5" />
                <SequencePoint vc="2" uspid="75" ordinal="2" offset="9" sl="80" sc="13" el="80" ec="45" bec="0" bev="0" fileid="5" />
                <SequencePoint vc="2" uspid="76" ordinal="3" offset="17" sl="81" sc="9" el="81" ec="10" bec="0" bev="0" fileid="5" />
              </SequencePoints>
              <BranchPoints />
              <MethodPoint xsi:type="SequencePoint" vc="3" uspid="73" ordinal="0" offset="0" sl="78" sc="9" el="78" ec="10" bec="0" bev="0" fileid="5" />
            </Method>
            <Method visited="true" cyclomaticComplexity="2" nPathComplexity="2" sequenceCoverage="100" branchCoverage="100" crapScore="2" isConstructor="false" isStatic="false" isGetter="false" isSetter="false">
              <Summary numSequencePoints="5" visitedSequencePoints="5" numBranchPoints="3" visitedBranchPoints="3" sequenceCoverage="100" branchCoverage="100" maxCyclomaticComplexity="2" minCyclomaticComplexity="2" maxCrapScore="2" minCrapScore="2" visitedClasses="0" numClasses="0" visitedMethods="1" numMethods="1" />
              <MetadataToken>100663329</MetadataToken>
              <Name>System.Void BancoTabajara.Domain.Features.Contas.Conta::VerificaNumeroConta(System.Int32)</Name>
              <FileRef uid="5" />
              <SequencePoints>
                <SequencePoint vc="2" uspid="77" ordinal="0" offset="0" sl="84" sc="9" el="84" ec="10" bec="0" bev="0" fileid="5" />
                <SequencePoint vc="2" uspid="78" ordinal="1" offset="1" sl="85" sc="13" el="85" ec="45" bec="2" bev="2" fileid="5" />
                <SequencePoint vc="1" uspid="79" ordinal="2" offset="17" sl="86" sc="13" el="86" ec="14" bec="0" bev="0" fileid="5" />
                <SequencePoint vc="1" uspid="80" ordinal="3" offset="18" sl="87" sc="17" el="87" ec="58" bec="0" bev="0" fileid="5" />
                <SequencePoint vc="1" uspid="81" ordinal="4" offset="24" sl="89" sc="9" el="89" ec="10" bec="0" bev="0" fileid="5" />
              </SequencePoints>
              <BranchPoints>
                <BranchPoint vc="1" uspid="82" ordinal="0" offset="15" sl="85" path="0" offsetend="17" fileid="5" />
                <BranchPoint vc="1" uspid="83" ordinal="1" offset="15" sl="85" path="1" offsetend="24" fileid="5" />
              </BranchPoints>
              <MethodPoint xsi:type="SequencePoint" vc="2" uspid="77" ordinal="0" offset="0" sl="84" sc="9" el="84" ec="10" bec="0" bev="0" fileid="5" />
            </Method>
          </Methods>
        </Class>
        <Class>
          <Summary numSequencePoints="10" visitedSequencePoints="10" numBranchPoints="9" visitedBranchPoints="9" sequenceCoverage="100" branchCoverage="100" maxCyclomaticComplexity="5" minCyclomaticComplexity="1" maxCrapScore="5" minCrapScore="2" visitedClasses="1" numClasses="1" visitedMethods="1" numMethods="1" />
          <FullName>BancoTabajara.Domain.Features.Clientes.Cliente</FullName>
          <Methods>
            <Method skippedDueTo="AutoImplementedProperty" visited="false" cyclomaticComplexity="1" nPathComplexity="0" sequenceCoverage="0" branchCoverage="0" crapScore="0" isConstructor="false" isStatic="false" isGetter="true" isSetter="false">
              <MetadataToken>100663341</MetadataToken>
              <Name>System.String BancoTabajara.Domain.Features.Clientes.Cliente::get_Nome()</Name>
              <FileRef uid="12" />
              <SequencePoints />
              <BranchPoints />
            </Method>
            <Method skippedDueTo="AutoImplementedProperty" visited="false" cyclomaticComplexity="1" nPathComplexity="0" sequenceCoverage="0" branchCoverage="0" crapScore="0" isConstructor="false" isStatic="false" isGetter="false" isSetter="true">
              <MetadataToken>100663342</MetadataToken>
              <Name>System.Void BancoTabajara.Domain.Features.Clientes.Cliente::set_Nome(System.String)</Name>
              <FileRef uid="12" />
              <SequencePoints />
              <BranchPoints />
            </Method>
            <Method skippedDueTo="AutoImplementedProperty" visited="false" cyclomaticComplexity="1" nPathComplexity="0" sequenceCoverage="0" branchCoverage="0" crapScore="0" isConstructor="false" isStatic="false" isGetter="true" isSetter="false">
              <MetadataToken>100663343</MetadataToken>
              <Name>System.String BancoTabajara.Domain.Features.Clientes.Cliente::get_CPF()</Name>
              <FileRef uid="12" />
              <SequencePoints />
              <BranchPoints />
            </Method>
            <Method skippedDueTo="AutoImplementedProperty" visited="false" cyclomaticComplexity="1" nPathComplexity="0" sequenceCoverage="0" branchCoverage="0" crapScore="0" isConstructor="false" isStatic="false" isGetter="false" isSetter="true">
              <MetadataToken>100663344</MetadataToken>
              <Name>System.Void BancoTabajara.Domain.Features.Clientes.Cliente::set_CPF(System.String)</Name>
              <FileRef uid="12" />
              <SequencePoints />
              <BranchPoints />
            </Method>
            <Method skippedDueTo="AutoImplementedProperty" visited="false" cyclomaticComplexity="1" nPathComplexity="0" sequenceCoverage="0" branchCoverage="0" crapScore="0" isConstructor="false" isStatic="false" isGetter="true" isSetter="false">
              <MetadataToken>100663345</MetadataToken>
              <Name>System.String BancoTabajara.Domain.Features.Clientes.Cliente::get_RG()</Name>
              <FileRef uid="12" />
              <SequencePoints />
              <BranchPoints />
            </Method>
            <Method skippedDueTo="AutoImplementedProperty" visited="false" cyclomaticComplexity="1" nPathComplexity="0" sequenceCoverage="0" branchCoverage="0" crapScore="0" isConstructor="false" isStatic="false" isGetter="false" isSetter="true">
              <MetadataToken>100663346</MetadataToken>
              <Name>System.Void BancoTabajara.Domain.Features.Clientes.Cliente::set_RG(System.String)</Name>
              <FileRef uid="12" />
              <SequencePoints />
              <BranchPoints />
            </Method>
            <Method skippedDueTo="AutoImplementedProperty" visited="false" cyclomaticComplexity="1" nPathComplexity="0" sequenceCoverage="0" branchCoverage="0" crapScore="0" isConstructor="false" isStatic="false" isGetter="true" isSetter="false">
              <MetadataToken>100663347</MetadataToken>
              <Name>System.DateTime BancoTabajara.Domain.Features.Clientes.Cliente::get_DataNascimento()</Name>
              <FileRef uid="12" />
              <SequencePoints />
              <BranchPoints />
            </Method>
            <Method skippedDueTo="AutoImplementedProperty" visited="false" cyclomaticComplexity="1" nPathComplexity="0" sequenceCoverage="0" branchCoverage="0" crapScore="0" isConstructor="false" isStatic="false" isGetter="false" isSetter="true">
              <MetadataToken>100663348</MetadataToken>
              <Name>System.Void BancoTabajara.Domain.Features.Clientes.Cliente::set_DataNascimento(System.DateTime)</Name>
              <FileRef uid="12" />
              <SequencePoints />
              <BranchPoints />
            </Method>
            <Method visited="true" cyclomaticComplexity="5" nPathComplexity="16" sequenceCoverage="100" branchCoverage="100" crapScore="5" isConstructor="false" isStatic="false" isGetter="false" isSetter="false">
              <Summary numSequencePoints="10" visitedSequencePoints="10" numBranchPoints="9" visitedBranchPoints="9" sequenceCoverage="100" branchCoverage="100" maxCyclomaticComplexity="5" minCyclomaticComplexity="5" maxCrapScore="5" minCrapScore="5" visitedClasses="0" numClasses="0" visitedMethods="1" numMethods="1" />
              <MetadataToken>100663349</MetadataToken>
              <Name>System.Void BancoTabajara.Domain.Features.Clientes.Cliente::Validar()</Name>
              <FileRef uid="12" />
              <SequencePoints>
                <SequencePoint vc="7" uspid="84" ordinal="0" offset="0" sl="19" sc="9" el="19" ec="10" bec="0" bev="0" fileid="12" />
                <SequencePoint vc="7" uspid="85" ordinal="1" offset="1" sl="20" sc="13" el="20" ec="44" bec="2" bev="2" fileid="12" />
                <SequencePoint vc="1" uspid="86" ordinal="2" offset="16" sl="21" sc="17" el="21" ec="55" bec="0" bev="0" fileid="12" />
                <SequencePoint vc="6" uspid="87" ordinal="3" offset="22" sl="22" sc="13" el="22" ec="43" bec="2" bev="2" fileid="12" />
                <SequencePoint vc="1" uspid="88" ordinal="4" offset="37" sl="23" sc="17" el="23" ec="57" bec="0" bev="0" fileid="12" />
                <SequencePoint vc="5" uspid="89" ordinal="5" offset="43" sl="24" sc="13" el="24" ec="42" bec="2" bev="2" fileid="12" />
                <SequencePoint vc="1" uspid="90" ordinal="6" offset="58" sl="25" sc="17" el="25" ec="56" bec="0" bev="0" fileid="12" />
                <SequencePoint vc="4" uspid="91" ordinal="7" offset="64" sl="26" sc="13" el="26" ec="48" bec="2" bev="2" fileid="12" />
                <SequencePoint vc="1" uspid="92" ordinal="8" offset="84" sl="27" sc="17" el="27" ec="68" bec="0" bev="0" fileid="12" />
                <SequencePoint vc="3" uspid="93" ordinal="9" offset="90" sl="28" sc="9" el="28" ec="10" bec="0" bev="0" fileid="12" />
              </SequencePoints>
              <BranchPoints>
                <BranchPoint vc="1" uspid="94" ordinal="0" offset="14" sl="20" path="0" offsetend="16" fileid="12" />
                <BranchPoint vc="6" uspid="95" ordinal="1" offset="14" sl="20" path="1" offsetend="22" fileid="12" />
                <BranchPoint vc="1" uspid="96" ordinal="2" offset="35" sl="22" path="0" offsetend="37" fileid="12" />
                <BranchPoint vc="5" uspid="97" ordinal="3" offset="35" sl="22" path="1" offsetend="43" fileid="12" />
                <BranchPoint vc="1" uspid="98" ordinal="4" offset="56" sl="24" path="0" offsetend="58" fileid="12" />
                <BranchPoint vc="4" uspid="99" ordinal="5" offset="56" sl="24" path="1" offsetend="64" fileid="12" />
                <BranchPoint vc="1" uspid="100" ordinal="6" offset="82" sl="26" path="0" offsetend="84" fileid="12" />
                <BranchPoint vc="3" uspid="101" ordinal="7" offset="82" sl="26" path="1" offsetend="90" fileid="12" />
              </BranchPoints>
              <MethodPoint xsi:type="SequencePoint" vc="7" uspid="84" ordinal="0" offset="0" sl="19" sc="9" el="19" ec="10" bec="0" bev="0" fileid="12" />
            </Method>
            <Method visited="false" cyclomaticComplexity="1" nPathComplexity="0" sequenceCoverage="0" branchCoverage="0" crapScore="2" isConstructor="true" isStatic="false" isGetter="false" isSetter="false">
              <Summary numSequencePoints="0" visitedSequencePoints="0" numBranchPoints="0" visitedBranchPoints="0" sequenceCoverage="0" branchCoverage="0" maxCyclomaticComplexity="1" minCyclomaticComplexity="1" maxCrapScore="2" minCrapScore="2" visitedClasses="0" numClasses="0" visitedMethods="0" numMethods="0" />
              <MetadataToken>100663350</MetadataToken>
              <Name>System.Void BancoTabajara.Domain.Features.Clientes.Cliente::.ctor()</Name>
              <SequencePoints />
              <BranchPoints />
              <MethodPoint vc="0" uspid="102" ordinal="0" offset="0" />
            </Method>
          </Methods>
        </Class>
      </Classes>
    </Module>
    <Module hash="04-A1-23-3C-A1-7A-A9-AB-5B-9B-51-34-6F-D4-19-1D-EB-74-4D-E6">
      <Summary numSequencePoints="81" visitedSequencePoints="81" numBranchPoints="26" visitedBranchPoints="24" sequenceCoverage="100" branchCoverage="92.31" maxCyclomaticComplexity="3" minCyclomaticComplexity="1" maxCrapScore="3" minCrapScore="1" visitedClasses="2" numClasses="2" visitedMethods="16" numMethods="16" />
      <ModulePath>C:\Users\ndduser\Desktop\Academia 2018\Skywalkers\SkyWalkers\ws-banco-tabajara\BancoTabajara\BancoTabajara.Applications.Tests\bin\Debug\BancoTabajara.Applications.dll</ModulePath>
      <ModuleTime>2018-07-27T18:16:14.0130998Z</ModuleTime>
      <ModuleName>BancoTabajara.Applications</ModuleName>
      <Files>
        <File uid="37" fullPath="C:\Users\ndduser\Desktop\Academia 2018\Skywalkers\SkyWalkers\ws-banco-tabajara\BancoTabajara\BancoTabajara.Applications\Features\Contas\ContaService.cs" />
        <File uid="38" fullPath="C:\Users\ndduser\Desktop\Academia 2018\Skywalkers\SkyWalkers\ws-banco-tabajara\BancoTabajara\BancoTabajara.Applications\Features\Clientes\ClienteService.cs" />
      </Files>
      <Classes>
        <Class>
          <Summary numSequencePoints="52" visitedSequencePoints="52" numBranchPoints="18" visitedBranchPoints="16" sequenceCoverage="100" branchCoverage="88.89" maxCyclomaticComplexity="3" minCyclomaticComplexity="1" maxCrapScore="3" minCrapScore="1" visitedClasses="1" numClasses="1" visitedMethods="10" numMethods="10" />
          <FullName>BancoTabajara.Applications.Features.Contas.ContaService</FullName>
          <Methods>
            <Method visited="true" cyclomaticComplexity="1" nPathComplexity="0" sequenceCoverage="100" branchCoverage="100" crapScore="1" isConstructor="true" isStatic="false" isGetter="false" isSetter="false">
              <Summary numSequencePoints="5" visitedSequencePoints="5" numBranchPoints="1" visitedBranchPoints="1" sequenceCoverage="100" branchCoverage="100" maxCyclomaticComplexity="1" minCyclomaticComplexity="1" maxCrapScore="1" minCrapScore="1" visitedClasses="0" numClasses="0" visitedMethods="1" numMethods="1" />
              <MetadataToken>100663297</MetadataToken>
              <Name>System.Void BancoTabajara.Applications.Features.Contas.ContaService::.ctor(BancoTabajara.Domain.Features.Contas.IContaRepository,BancoTabajara.Domain.Features.Clientes.IClienteRepository)</Name>
              <FileRef uid="37" />
              <SequencePoints>
                <SequencePoint vc="19" uspid="103" ordinal="0" offset="0" sl="18" sc="9" el="18" ec="95" bec="0" bev="0" fileid="37" />
                <SequencePoint vc="19" uspid="104" ordinal="1" offset="7" sl="19" sc="9" el="19" ec="10" bec="0" bev="0" fileid="37" />
                <SequencePoint vc="19" uspid="105" ordinal="2" offset="8" sl="20" sc="13" el="20" ec="38" bec="0" bev="0" fileid="37" />
                <SequencePoint vc="19" uspid="106" ordinal="3" offset="15" sl="21" sc="13" el="21" ec="52" bec="0" bev="0" fileid="37" />
                <SequencePoint vc="19" uspid="107" ordinal="4" offset="22" sl="22" sc="9" el="22" ec="10" bec="0" bev="0" fileid="37" />
              </SequencePoints>
              <BranchPoints />
              <MethodPoint xsi:type="SequencePoint" vc="19" uspid="103" ordinal="0" offset="0" sl="18" sc="9" el="18" ec="95" bec="0" bev="0" fileid="37" />
            </Method>
            <Method visited="true" cyclomaticComplexity="2" nPathComplexity="2" sequenceCoverage="100" branchCoverage="66.67" crapScore="2" isConstructor="false" isStatic="false" isGetter="false" isSetter="false">
              <Summary numSequencePoints="6" visitedSequencePoints="6" numBranchPoints="3" visitedBranchPoints="2" sequenceCoverage="100" branchCoverage="66.67" maxCyclomaticComplexity="2" minCyclomaticComplexity="2" maxCrapScore="2" minCrapScore="2" visitedClasses="0" numClasses="0" visitedMethods="1" numMethods="1" />
              <MetadataToken>100663298</MetadataToken>
              <Name>System.Int32 BancoTabajara.Applications.Features.Contas.ContaService::Add(BancoTabajara.Domain.Features.Contas.Conta)</Name>
              <FileRef uid="37" />
              <SequencePoints>
                <SequencePoint vc="1" uspid="108" ordinal="0" offset="0" sl="25" sc="9" el="25" ec="10" bec="0" bev="0" fileid="37" />
                <SequencePoint vc="1" uspid="109" ordinal="1" offset="1" sl="26" sc="13" el="26" ec="29" bec="0" bev="0" fileid="37" />
                <SequencePoint vc="1" uspid="110" ordinal="2" offset="8" sl="27" sc="13" el="27" ec="107" bec="2" bev="1" fileid="37" />
                <SequencePoint vc="1" uspid="111" ordinal="3" offset="47" sl="28" sc="13" el="28" ec="52" bec="0" bev="0" fileid="37" />
                <SequencePoint vc="1" uspid="112" ordinal="4" offset="60" sl="29" sc="13" el="29" ec="33" bec="0" bev="0" fileid="37" />
                <SequencePoint vc="1" uspid="113" ordinal="5" offset="69" sl="30" sc="9" el="30" ec="10" bec="0" bev="0" fileid="37" />
              </SequencePoints>
              <BranchPoints>
                <BranchPoint vc="0" uspid="114" ordinal="0" offset="32" sl="27" path="0" offsetend="34" fileid="37" />
                <BranchPoint vc="1" uspid="115" ordinal="1" offset="32" sl="27" path="1" offsetend="41" fileid="37" />
              </BranchPoints>
              <MethodPoint xsi:type="SequencePoint" vc="1" uspid="108" ordinal="0" offset="0" sl="25" sc="9" el="25" ec="10" bec="0" bev="0" fileid="37" />
            </Method>
            <Method visited="true" cyclomaticComplexity="3" nPathComplexity="4" sequenceCoverage="100" branchCoverage="80" crapScore="3" isConstructor="false" isStatic="false" isGetter="false" isSetter="false">
              <Summary numSequencePoints="13" visitedSequencePoints="13" numBranchPoints="5" visitedBranchPoints="4" sequenceCoverage="100" branchCoverage="80" maxCyclomaticComplexity="3" minCyclomaticComplexity="3" maxCrapScore="3" minCrapScore="3" visitedClasses="0" numClasses="0" visitedMethods="1" numMethods="1" />
              <MetadataToken>100663299</MetadataToken>
              <Name>System.Boolean BancoTabajara.Applications.Features.Contas.ContaService::Update(BancoTabajara.Domain.Features.Contas.Conta)</Name>
              <FileRef uid="37" />
              <SequencePoints>
                <SequencePoint vc="3" uspid="116" ordinal="0" offset="0" sl="32" sc="9" el="32" ec="10" bec="0" bev="0" fileid="37" />
                <SequencePoint vc="3" uspid="117" ordinal="1" offset="1" sl="33" sc="13" el="33" ec="29" bec="0" bev="0" fileid="37" />
                <SequencePoint vc="3" uspid="118" ordinal="2" offset="8" sl="34" sc="13" el="34" ec="90" bec="2" bev="2" fileid="37" />
                <SequencePoint vc="2" uspid="119" ordinal="3" offset="36" sl="35" sc="13" el="35" ec="105" bec="2" bev="1" fileid="37" />
                <SequencePoint vc="2" uspid="120" ordinal="4" offset="69" sl="36" sc="13" el="36" ec="60" bec="0" bev="0" fileid="37" />
                <SequencePoint vc="1" uspid="121" ordinal="5" offset="82" sl="37" sc="13" el="37" ec="53" bec="0" bev="0" fileid="37" />
                <SequencePoint vc="1" uspid="122" ordinal="6" offset="95" sl="38" sc="13" el="38" ec="41" bec="0" bev="0" fileid="37" />
                <SequencePoint vc="1" uspid="123" ordinal="7" offset="108" sl="39" sc="13" el="39" ec="43" bec="0" bev="0" fileid="37" />
                <SequencePoint vc="1" uspid="124" ordinal="8" offset="121" sl="40" sc="13" el="40" ec="45" bec="0" bev="0" fileid="37" />
                <SequencePoint vc="1" uspid="125" ordinal="9" offset="134" sl="41" sc="13" el="41" ec="39" bec="0" bev="0" fileid="37" />
                <SequencePoint vc="1" uspid="126" ordinal="10" offset="142" sl="42" sc="13" el="42" ec="57" bec="0" bev="0" fileid="37" />
                <SequencePoint vc="1" uspid="127" ordinal="11" offset="155" sl="44" sc="13" el="44" ec="48" bec="0" bev="0" fileid="37" />
                <SequencePoint vc="1" uspid="128" ordinal="12" offset="170" sl="45" sc="9" el="45" ec="10" bec="0" bev="0" fileid="37" />
              </SequencePoints>
              <BranchPoints>
                <BranchPoint vc="1" uspid="129" ordinal="0" offset="26" sl="34" path="0" offsetend="28" fileid="37" />
                <BranchPoint vc="2" uspid="130" ordinal="1" offset="26" sl="34" path="1" offsetend="35" fileid="37" />
                <BranchPoint vc="0" uspid="131" ordinal="2" offset="59" sl="35" path="0" offsetend="61" fileid="37" />
                <BranchPoint vc="2" uspid="132" ordinal="3" offset="59" sl="35" path="1" offsetend="68" fileid="37" />
              </BranchPoints>
              <MethodPoint xsi:type="SequencePoint" vc="3" uspid="116" ordinal="0" offset="0" sl="32" sc="9" el="32" ec="10" bec="0" bev="0" fileid="37" />
            </Method>
            <Method visited="true" cyclomaticComplexity="1" nPathComplexity="0" sequenceCoverage="100" branchCoverage="100" crapScore="1" isConstructor="false" isStatic="false" isGetter="false" isSetter="false">
              <Summary numSequencePoints="3" visitedSequencePoints="3" numBranchPoints="1" visitedBranchPoints="1" sequenceCoverage="100" branchCoverage="100" maxCyclomaticComplexity="1" minCyclomaticComplexity="1" maxCrapScore="1" minCrapScore="1" visitedClasses="0" numClasses="0" visitedMethods="1" numMethods="1" />
              <MetadataToken>100663300</MetadataToken>
              <Name>System.Boolean BancoTabajara.Applications.Features.Contas.ContaService::Delete(BancoTabajara.Domain.Features.Contas.Conta)</Name>
              <FileRef uid="37" />
              <SequencePoints>
                <SequencePoint vc="2" uspid="133" ordinal="0" offset="0" sl="48" sc="9" el="48" ec="10" bec="0" bev="0" fileid="37" />
                <SequencePoint vc="2" uspid="134" ordinal="1" offset="1" sl="49" sc="13" el="49" ec="49" bec="0" bev="0" fileid="37" />
                <SequencePoint vc="1" uspid="135" ordinal="2" offset="21" sl="50" sc="9" el="50" ec="10" bec="0" bev="0" fileid="37" />
              </SequencePoints>
              <BranchPoints />
              <MethodPoint xsi:type="SequencePoint" vc="2" uspid="133" ordinal="0" offset="0" sl="48" sc="9" el="48" ec="10" bec="0" bev="0" fileid="37" />
            </Method>
            <Method visited="true" cyclomaticComplexity="1" nPathComplexity="0" sequenceCoverage="100" branchCoverage="100" crapScore="1" isConstructor="false" isStatic="false" isGetter="false" isSetter="false">
              <Summary numSequencePoints="3" visitedSequencePoints="3" numBranchPoints="1" visitedBranchPoints="1" sequenceCoverage="100" branchCoverage="100" maxCyclomaticComplexity="1" minCyclomaticComplexity="1" maxCrapScore="1" minCrapScore="1" visitedClasses="0" numClasses="0" visitedMethods="1" numMethods="1" />
              <MetadataToken>100663301</MetadataToken>
              <Name>System.Linq.IQueryable`1&lt;BancoTabajara.Domain.Features.Contas.Conta&gt; BancoTabajara.Applications.Features.Contas.ContaService::GetAll()</Name>
              <FileRef uid="37" />
              <SequencePoints>
                <SequencePoint vc="2" uspid="136" ordinal="0" offset="0" sl="53" sc="9" el="53" ec="10" bec="0" bev="0" fileid="37" />
                <SequencePoint vc="2" uspid="137" ordinal="1" offset="1" sl="54" sc="13" el="54" ec="41" bec="0" bev="0" fileid="37" />
                <SequencePoint vc="2" uspid="138" ordinal="2" offset="15" sl="55" sc="9" el="55" ec="10" bec="0" bev="0" fileid="37" />
              </SequencePoints>
              <BranchPoints />
              <MethodPoint xsi:type="SequencePoint" vc="2" uspid="136" ordinal="0" offset="0" sl="53" sc="9" el="53" ec="10" bec="0" bev="0" fileid="37" />
            </Method>
            <Method visited="true" cyclomaticComplexity="1" nPathComplexity="0" sequenceCoverage="100" branchCoverage="100" crapScore="1" isConstructor="false" isStatic="false" isGetter="false" isSetter="false">
              <Summary numSequencePoints="3" visitedSequencePoints="3" numBranchPoints="1" visitedBranchPoints="1" sequenceCoverage="100" branchCoverage="100" maxCyclomaticComplexity="1" minCyclomaticComplexity="1" maxCrapScore="1" minCrapScore="1" visitedClasses="0" numClasses="0" visitedMethods="1" numMethods="1" />
              <MetadataToken>100663302</MetadataToken>
              <Name>BancoTabajara.Domain.Features.Contas.Conta BancoTabajara.Applications.Features.Contas.ContaService::GetById(System.Int32)</Name>
              <FileRef uid="37" />
              <SequencePoints>
                <SequencePoint vc="2" uspid="139" ordinal="0" offset="0" sl="58" sc="9" el="58" ec="10" bec="0" bev="0" fileid="37" />
                <SequencePoint vc="2" uspid="140" ordinal="1" offset="1" sl="59" sc="13" el="59" ec="44" bec="0" bev="0" fileid="37" />
                <SequencePoint vc="1" uspid="141" ordinal="2" offset="16" sl="60" sc="9" el="60" ec="10" bec="0" bev="0" fileid="37" />
              </SequencePoints>
              <BranchPoints />
              <MethodPoint xsi:type="SequencePoint" vc="2" uspid="139" ordinal="0" offset="0" sl="58" sc="9" el="58" ec="10" bec="0" bev="0" fileid="37" />
            </Method>
            <Method visited="true" cyclomaticComplexity="1" nPathComplexity="0" sequenceCoverage="100" branchCoverage="100" crapScore="1" isConstructor="false" isStatic="false" isGetter="false" isSetter="false">
              <Summary numSequencePoints="4" visitedSequencePoints="4" numBranchPoints="1" visitedBranchPoints="1" sequenceCoverage="100" branchCoverage="100" maxCyclomaticComplexity="1" minCyclomaticComplexity="1" maxCrapScore="1" minCrapScore="1" visitedClasses="0" numClasses="0" visitedMethods="1" numMethods="1" />
              <MetadataToken>100663303</MetadataToken>
              <Name>System.Boolean BancoTabajara.Applications.Features.Contas.ContaService::AlterarEstado(BancoTabajara.Domain.Features.Contas.Conta)</Name>
              <FileRef uid="37" />
              <SequencePoints>
                <SequencePoint vc="1" uspid="142" ordinal="0" offset="0" sl="63" sc="9" el="63" ec="10" bec="0" bev="0" fileid="37" />
                <SequencePoint vc="1" uspid="143" ordinal="1" offset="1" sl="64" sc="13" el="64" ec="35" bec="0" bev="0" fileid="37" />
                <SequencePoint vc="1" uspid="144" ordinal="2" offset="8" sl="65" sc="13" el="65" ec="46" bec="0" bev="0" fileid="37" />
                <SequencePoint vc="1" uspid="145" ordinal="3" offset="23" sl="66" sc="9" el="66" ec="10" bec="0" bev="0" fileid="37" />
              </SequencePoints>
              <BranchPoints />
              <MethodPoint xsi:type="SequencePoint" vc="1" uspid="142" ordinal="0" offset="0" sl="63" sc="9" el="63" ec="10" bec="0" bev="0" fileid="37" />
            </Method>
            <Method visited="true" cyclomaticComplexity="1" nPathComplexity="0" sequenceCoverage="100" branchCoverage="100" crapScore="1" isConstructor="false" isStatic="false" isGetter="false" isSetter="false">
              <Summary numSequencePoints="4" visitedSequencePoints="4" numBranchPoints="1" visitedBranchPoints="1" sequenceCoverage="100" branchCoverage="100" maxCyclomaticComplexity="1" minCyclomaticComplexity="1" maxCrapScore="1" minCrapScore="1" visitedClasses="0" numClasses="0" visitedMethods="1" numMethods="1" />
              <MetadataToken>100663304</MetadataToken>
              <Name>System.Boolean BancoTabajara.Applications.Features.Contas.ContaService::EfetuarDeposito(BancoTabajara.Domain.Features.Contas.Conta,System.Double)</Name>
              <FileRef uid="37" />
              <SequencePoints>
                <SequencePoint vc="1" uspid="146" ordinal="0" offset="0" sl="69" sc="9" el="69" ec="10" bec="0" bev="0" fileid="37" />
                <SequencePoint vc="1" uspid="147" ordinal="1" offset="1" sl="70" sc="13" el="70" ec="43" bec="0" bev="0" fileid="37" />
                <SequencePoint vc="1" uspid="148" ordinal="2" offset="9" sl="71" sc="13" el="71" ec="46" bec="0" bev="0" fileid="37" />
                <SequencePoint vc="1" uspid="149" ordinal="3" offset="24" sl="72" sc="9" el="72" ec="10" bec="0" bev="0" fileid="37" />
              </SequencePoints>
              <BranchPoints />
              <MethodPoint xsi:type="SequencePoint" vc="1" uspid="146" ordinal="0" offset="0" sl="69" sc="9" el="69" ec="10" bec="0" bev="0" fileid="37" />
            </Method>
            <Method visited="true" cyclomaticComplexity="1" nPathComplexity="0" sequenceCoverage="100" branchCoverage="100" crapScore="1" isConstructor="false" isStatic="false" isGetter="false" isSetter="false">
              <Summary numSequencePoints="4" visitedSequencePoints="4" numBranchPoints="1" visitedBranchPoints="1" sequenceCoverage="100" branchCoverage="100" maxCyclomaticComplexity="1" minCyclomaticComplexity="1" maxCrapScore="1" minCrapScore="1" visitedClasses="0" numClasses="0" visitedMethods="1" numMethods="1" />
              <MetadataToken>100663305</MetadataToken>
              <Name>System.Boolean BancoTabajara.Applications.Features.Contas.ContaService::EfetuarSaque(BancoTabajara.Domain.Features.Contas.Conta,System.Double)</Name>
              <FileRef uid="37" />
              <SequencePoints>
                <SequencePoint vc="2" uspid="150" ordinal="0" offset="0" sl="75" sc="9" el="75" ec="10" bec="0" bev="0" fileid="37" />
                <SequencePoint vc="2" uspid="151" ordinal="1" offset="1" sl="76" sc="13" el="76" ec="40" bec="0" bev="0" fileid="37" />
                <SequencePoint vc="1" uspid="152" ordinal="2" offset="9" sl="77" sc="13" el="77" ec="46" bec="0" bev="0" fileid="37" />
                <SequencePoint vc="1" uspid="153" ordinal="3" offset="24" sl="78" sc="9" el="78" ec="10" bec="0" bev="0" fileid="37" />
              </SequencePoints>
              <BranchPoints />
              <MethodPoint xsi:type="SequencePoint" vc="2" uspid="150" ordinal="0" offset="0" sl="75" sc="9" el="75" ec="10" bec="0" bev="0" fileid="37" />
            </Method>
            <Method visited="true" cyclomaticComplexity="2" nPathComplexity="2" sequenceCoverage="100" branchCoverage="100" crapScore="2" isConstructor="false" isStatic="false" isGetter="false" isSetter="false">
              <Summary numSequencePoints="7" visitedSequencePoints="7" numBranchPoints="3" visitedBranchPoints="3" sequenceCoverage="100" branchCoverage="100" maxCyclomaticComplexity="2" minCyclomaticComplexity="2" maxCrapScore="2" minCrapScore="2" visitedClasses="0" numClasses="0" visitedMethods="1" numMethods="1" />
              <MetadataToken>100663306</MetadataToken>
              <Name>System.Boolean BancoTabajara.Applications.Features.Contas.ContaService::EfetuarTrasferencia(BancoTabajara.Domain.Features.Contas.Conta,BancoTabajara.Domain.Features.Contas.Conta,System.Double)</Name>
              <FileRef uid="37" />
              <SequencePoints>
                <SequencePoint vc="3" uspid="154" ordinal="0" offset="0" sl="81" sc="9" el="81" ec="10" bec="0" bev="0" fileid="37" />
                <SequencePoint vc="3" uspid="155" ordinal="1" offset="1" sl="82" sc="13" el="82" ec="68" bec="0" bev="0" fileid="37" />
                <SequencePoint vc="2" uspid="156" ordinal="2" offset="10" sl="83" sc="13" el="83" ec="61" bec="0" bev="0" fileid="37" />
                <SequencePoint vc="2" uspid="157" ordinal="3" offset="23" sl="84" sc="13" el="84" ec="27" bec="2" bev="2" fileid="37" />
                <SequencePoint vc="1" uspid="158" ordinal="4" offset="28" sl="85" sc="17" el="85" ec="57" bec="0" bev="0" fileid="37" />
                <SequencePoint vc="1" uspid="159" ordinal="5" offset="43" sl="87" sc="17" el="87" ec="34" bec="0" bev="0" fileid="37" />
                <SequencePoint vc="2" uspid="160" ordinal="6" offset="47" sl="88" sc="9" el="88" ec="10" bec="0" bev="0" fileid="37" />
              </SequencePoints>
              <BranchPoints>
                <BranchPoint vc="1" uspid="161" ordinal="0" offset="26" sl="84" path="0" offsetend="28" fileid="37" />
                <BranchPoint vc="1" uspid="162" ordinal="1" offset="26" sl="84" path="1" offsetend="43" fileid="37" />
              </BranchPoints>
              <MethodPoint xsi:type="SequencePoint" vc="3" uspid="154" ordinal="0" offset="0" sl="81" sc="9" el="81" ec="10" bec="0" bev="0" fileid="37" />
            </Method>
          </Methods>
        </Class>
        <Class>
          <Summary numSequencePoints="29" visitedSequencePoints="29" numBranchPoints="8" visitedBranchPoints="8" sequenceCoverage="100" branchCoverage="100" maxCyclomaticComplexity="2" minCyclomaticComplexity="1" maxCrapScore="2" minCrapScore="1" visitedClasses="1" numClasses="1" visitedMethods="6" numMethods="6" />
          <FullName>BancoTabajara.Applications.Features.Clientes.ClienteService</FullName>
          <Methods>
            <Method visited="true" cyclomaticComplexity="1" nPathComplexity="0" sequenceCoverage="100" branchCoverage="100" crapScore="1" isConstructor="true" isStatic="false" isGetter="false" isSetter="false">
              <Summary numSequencePoints="4" visitedSequencePoints="4" numBranchPoints="1" visitedBranchPoints="1" sequenceCoverage="100" branchCoverage="100" maxCyclomaticComplexity="1" minCyclomaticComplexity="1" maxCrapScore="1" minCrapScore="1" visitedClasses="0" numClasses="0" visitedMethods="1" numMethods="1" />
              <MetadataToken>100663316</MetadataToken>
              <Name>System.Void BancoTabajara.Applications.Features.Clientes.ClienteService::.ctor(BancoTabajara.Domain.Features.Clientes.IClienteRepository)</Name>
              <FileRef uid="38" />
              <SequencePoints>
                <SequencePoint vc="12" uspid="163" ordinal="0" offset="0" sl="15" sc="9" el="15" ec="61" bec="0" bev="0" fileid="38" />
                <SequencePoint vc="12" uspid="164" ordinal="1" offset="7" sl="16" sc="9" el="16" ec="10" bec="0" bev="0" fileid="38" />
                <SequencePoint vc="12" uspid="165" ordinal="2" offset="8" sl="17" sc="13" el="17" ec="38" bec="0" bev="0" fileid="38" />
                <SequencePoint vc="12" uspid="166" ordinal="3" offset="15" sl="18" sc="9" el="18" ec="10" bec="0" bev="0" fileid="38" />
              </SequencePoints>
              <BranchPoints />
              <MethodPoint xsi:type="SequencePoint" vc="12" uspid="163" ordinal="0" offset="0" sl="15" sc="9" el="15" ec="61" bec="0" bev="0" fileid="38" />
            </Method>
            <Method visited="true" cyclomaticComplexity="1" nPathComplexity="0" sequenceCoverage="100" branchCoverage="100" crapScore="1" isConstructor="false" isStatic="false" isGetter="false" isSetter="false">
              <Summary numSequencePoints="5" visitedSequencePoints="5" numBranchPoints="1" visitedBranchPoints="1" sequenceCoverage="100" branchCoverage="100" maxCyclomaticComplexity="1" minCyclomaticComplexity="1" maxCrapScore="1" minCrapScore="1" visitedClasses="0" numClasses="0" visitedMethods="1" numMethods="1" />
              <MetadataToken>100663317</MetadataToken>
              <Name>System.Int32 BancoTabajara.Applications.Features.Clientes.ClienteService::Add(BancoTabajara.Domain.Features.Clientes.Cliente)</Name>
              <FileRef uid="38" />
              <SequencePoints>
                <SequencePoint vc="5" uspid="167" ordinal="0" offset="0" sl="21" sc="9" el="21" ec="10" bec="0" bev="0" fileid="38" />
                <SequencePoint vc="5" uspid="168" ordinal="1" offset="1" sl="22" sc="13" el="22" ec="31" bec="0" bev="0" fileid="38" />
                <SequencePoint vc="1" uspid="169" ordinal="2" offset="8" sl="24" sc="13" el="24" ec="56" bec="0" bev="0" fileid="38" />
                <SequencePoint vc="1" uspid="170" ordinal="3" offset="21" sl="25" sc="13" el="25" ec="35" bec="0" bev="0" fileid="38" />
                <SequencePoint vc="1" uspid="171" ordinal="4" offset="30" sl="26" sc="9" el="26" ec="10" bec="0" bev="0" fileid="38" />
              </SequencePoints>
              <BranchPoints />
              <MethodPoint xsi:type="SequencePoint" vc="5" uspid="167" ordinal="0" offset="0" sl="21" sc="9" el="21" ec="10" bec="0" bev="0" fileid="38" />
            </Method>
            <Method visited="true" cyclomaticComplexity="2" nPathComplexity="2" sequenceCoverage="100" branchCoverage="100" crapScore="2" isConstructor="false" isStatic="false" isGetter="false" isSetter="false">
              <Summary numSequencePoints="11" visitedSequencePoints="11" numBranchPoints="3" visitedBranchPoints="3" sequenceCoverage="100" branchCoverage="100" maxCyclomaticComplexity="2" minCyclomaticComplexity="2" maxCrapScore="2" minCrapScore="2" visitedClasses="0" numClasses="0" visitedMethods="1" numMethods="1" />
              <MetadataToken>100663318</MetadataToken>
              <Name>System.Boolean BancoTabajara.Applications.Features.Clientes.ClienteService::Update(BancoTabajara.Domain.Features.Clientes.Cliente)</Name>
              <FileRef uid="38" />
              <SequencePoints>
                <SequencePoint vc="2" uspid="172" ordinal="0" offset="0" sl="28" sc="9" el="28" ec="10" bec="0" bev="0" fileid="38" />
                <SequencePoint vc="2" uspid="173" ordinal="1" offset="1" sl="29" sc="13" el="29" ec="31" bec="0" bev="0" fileid="38" />
                <SequencePoint vc="2" uspid="174" ordinal="2" offset="8" sl="31" sc="13" el="31" ec="61" bec="0" bev="0" fileid="38" />
                <SequencePoint vc="2" uspid="175" ordinal="3" offset="26" sl="32" sc="13" el="32" ec="35" bec="2" bev="2" fileid="38" />
                <SequencePoint vc="1" uspid="176" ordinal="4" offset="37" sl="33" sc="17" el="33" ec="47" bec="0" bev="0" fileid="38" />
                <SequencePoint vc="1" uspid="177" ordinal="5" offset="43" sl="35" sc="13" el="35" ec="43" bec="0" bev="0" fileid="38" />
                <SequencePoint vc="1" uspid="178" ordinal="6" offset="56" sl="36" sc="13" el="36" ec="41" bec="0" bev="0" fileid="38" />
                <SequencePoint vc="1" uspid="179" ordinal="7" offset="69" sl="37" sc="13" el="37" ec="39" bec="0" bev="0" fileid="38" />
                <SequencePoint vc="1" uspid="180" ordinal="8" offset="82" sl="38" sc="13" el="38" ec="63" bec="0" bev="0" fileid="38" />
                <SequencePoint vc="1" uspid="181" ordinal="9" offset="95" sl="40" sc="13" el="40" ec="50" bec="0" bev="0" fileid="38" />
                <SequencePoint vc="1" uspid="182" ordinal="10" offset="110" sl="41" sc="9" el="41" ec="10" bec="0" bev="0" fileid="38" />
              </SequencePoints>
              <BranchPoints>
                <BranchPoint vc="1" uspid="183" ordinal="0" offset="35" sl="32" path="0" offsetend="37" fileid="38" />
                <BranchPoint vc="1" uspid="184" ordinal="1" offset="35" sl="32" path="1" offsetend="43" fileid="38" />
              </BranchPoints>
              <MethodPoint xsi:type="SequencePoint" vc="2" uspid="172" ordinal="0" offset="0" sl="28" sc="9" el="28" ec="10" bec="0" bev="0" fileid="38" />
            </Method>
            <Method visited="true" cyclomaticComplexity="1" nPathComplexity="0" sequenceCoverage="100" branchCoverage="100" crapScore="1" isConstructor="false" isStatic="false" isGetter="false" isSetter="false">
              <Summary numSequencePoints="3" visitedSequencePoints="3" numBranchPoints="1" visitedBranchPoints="1" sequenceCoverage="100" branchCoverage="100" maxCyclomaticComplexity="1" minCyclomaticComplexity="1" maxCrapScore="1" minCrapScore="1" visitedClasses="0" numClasses="0" visitedMethods="1" numMethods="1" />
              <MetadataToken>100663319</MetadataToken>
              <Name>System.Boolean BancoTabajara.Applications.Features.Clientes.ClienteService::Delete(BancoTabajara.Domain.Features.Clientes.Cliente)</Name>
              <FileRef uid="38" />
              <SequencePoints>
                <SequencePoint vc="2" uspid="185" ordinal="0" offset="0" sl="44" sc="9" el="44" ec="10" bec="0" bev="0" fileid="38" />
                <SequencePoint vc="2" uspid="186" ordinal="1" offset="1" sl="45" sc="13" el="45" ec="51" bec="0" bev="0" fileid="38" />
                <SequencePoint vc="1" uspid="187" ordinal="2" offset="21" sl="46" sc="9" el="46" ec="10" bec="0" bev="0" fileid="38" />
              </SequencePoints>
              <BranchPoints />
              <MethodPoint xsi:type="SequencePoint" vc="2" uspid="185" ordinal="0" offset="0" sl="44" sc="9" el="44" ec="10" bec="0" bev="0" fileid="38" />
            </Method>
            <Method visited="true" cyclomaticComplexity="1" nPathComplexity="0" sequenceCoverage="100" branchCoverage="100" crapScore="1" isConstructor="false" isStatic="false" isGetter="false" isSetter="false">
              <Summary numSequencePoints="3" visitedSequencePoints="3" numBranchPoints="1" visitedBranchPoints="1" sequenceCoverage="100" branchCoverage="100" maxCyclomaticComplexity="1" minCyclomaticComplexity="1" maxCrapScore="1" minCrapScore="1" visitedClasses="0" numClasses="0" visitedMethods="1" numMethods="1" />
              <MetadataToken>100663320</MetadataToken>
              <Name>System.Linq.IQueryable`1&lt;BancoTabajara.Domain.Features.Clientes.Cliente&gt; BancoTabajara.Applications.Features.Clientes.ClienteService::GetAll()</Name>
              <FileRef uid="38" />
              <SequencePoints>
                <SequencePoint vc="1" uspid="188" ordinal="0" offset="0" sl="49" sc="9" el="49" ec="10" bec="0" bev="0" fileid="38" />
                <SequencePoint vc="1" uspid="189" ordinal="1" offset="1" sl="50" sc="13" el="50" ec="41" bec="0" bev="0" fileid="38" />
                <SequencePoint vc="1" uspid="190" ordinal="2" offset="15" sl="51" sc="9" el="51" ec="10" bec="0" bev="0" fileid="38" />
              </SequencePoints>
              <BranchPoints />
              <MethodPoint xsi:type="SequencePoint" vc="1" uspid="188" ordinal="0" offset="0" sl="49" sc="9" el="49" ec="10" bec="0" bev="0" fileid="38" />
            </Method>
            <Method visited="true" cyclomaticComplexity="1" nPathComplexity="0" sequenceCoverage="100" branchCoverage="100" crapScore="1" isConstructor="false" isStatic="false" isGetter="false" isSetter="false">
              <Summary numSequencePoints="3" visitedSequencePoints="3" numBranchPoints="1" visitedBranchPoints="1" sequenceCoverage="100" branchCoverage="100" maxCyclomaticComplexity="1" minCyclomaticComplexity="1" maxCrapScore="1" minCrapScore="1" visitedClasses="0" numClasses="0" visitedMethods="1" numMethods="1" />
              <MetadataToken>100663321</MetadataToken>
              <Name>BancoTabajara.Domain.Features.Clientes.Cliente BancoTabajara.Applications.Features.Clientes.ClienteService::GetById(System.Int32)</Name>
              <FileRef uid="38" />
              <SequencePoints>
                <SequencePoint vc="2" uspid="191" ordinal="0" offset="0" sl="54" sc="9" el="54" ec="10" bec="0" bev="0" fileid="38" />
                <SequencePoint vc="2" uspid="192" ordinal="1" offset="1" sl="55" sc="13" el="55" ec="44" bec="0" bev="0" fileid="38" />
                <SequencePoint vc="1" uspid="193" ordinal="2" offset="16" sl="56" sc="9" el="56" ec="10" bec="0" bev="0" fileid="38" />
              </SequencePoints>
              <BranchPoints />
              <MethodPoint xsi:type="SequencePoint" vc="2" uspid="191" ordinal="0" offset="0" sl="54" sc="9" el="54" ec="10" bec="0" bev="0" fileid="38" />
            </Method>
          </Methods>
        </Class>
      </Classes>
    </Module>
    <Module hash="A8-23-83-F7-26-7F-A4-7C-FD-E9-0D-5E-97-D2-02-C0-93-5C-E3-E4">
      <Summary numSequencePoints="0" visitedSequencePoints="0" numBranchPoints="0" visitedBranchPoints="0" sequenceCoverage="0" branchCoverage="0" maxCyclomaticComplexity="0" minCyclomaticComplexity="0" maxCrapScore="0" minCrapScore="0" visitedClasses="0" numClasses="0" visitedMethods="0" numMethods="0" />
      <ModulePath>C:\Users\ndduser\Desktop\Academia 2018\Skywalkers\SkyWalkers\ws-banco-tabajara\BancoTabajara\BancoTabajara.Applications.Tests\bin\Debug\BancoTabajara.Infra.dll</ModulePath>
      <ModuleTime>2018-07-27T18:00:03.2838368Z</ModuleTime>
      <ModuleName>BancoTabajara.Infra</ModuleName>
      <Files />
      <Classes />
    </Module>
  </Modules>
</CoverageSession>