<?xml version="1.0" encoding="utf-8"?>
<CoverageSession xmlns:xsd="http://www.w3.org/2001/XMLSchema" xmlns:xsi="http://www.w3.org/2001/XMLSchema-instance" Version="4.6.0.0">
  <Summary numSequencePoints="67" visitedSequencePoints="67" numBranchPoints="35" visitedBranchPoints="35" sequenceCoverage="100" branchCoverage="100" maxCyclomaticComplexity="5" minCyclomaticComplexity="0" maxCrapScore="5" minCrapScore="0" visitedClasses="3" numClasses="3" visitedMethods="11" numMethods="11" />
  <Modules>
    <Module hash="F2-C0-8A-6C-A5-07-E2-C8-76-31-73-AD-2F-13-2A-A8-8D-BD-D1-45">
      <Summary numSequencePoints="67" visitedSequencePoints="67" numBranchPoints="35" visitedBranchPoints="35" sequenceCoverage="100" branchCoverage="100" maxCyclomaticComplexity="5" minCyclomaticComplexity="0" maxCrapScore="5" minCrapScore="0" visitedClasses="3" numClasses="3" visitedMethods="11" numMethods="11" />
      <ModulePath>C:\Users\ndduser\Desktop\Skywalkers\SkyWalkers\ws-banco-tabajara\BancoTabajara\BancoTabajara.Domain.Tests\bin\Debug\BancoTabajara.Domain.dll</ModulePath>
      <ModuleTime>2018-07-25T19:28:16.1974585Z</ModuleTime>
      <ModuleName>BancoTabajara.Domain</ModuleName>
      <Files>
        <File uid="1" fullPath="C:\Users\ndduser\Desktop\Skywalkers\SkyWalkers\ws-banco-tabajara\BancoTabajara\BancoTabajara.Domain\Features\Movimentacoes\Movimentacao.cs" />
        <File uid="5" fullPath="C:\Users\ndduser\Desktop\Skywalkers\SkyWalkers\ws-banco-tabajara\BancoTabajara\BancoTabajara.Domain\Features\Contas\Conta.cs" />
        <File uid="11" fullPath="C:\Users\ndduser\Desktop\Skywalkers\SkyWalkers\ws-banco-tabajara\BancoTabajara\BancoTabajara.Domain\Features\Clientes\Cliente.cs" />
      </Files>
      <Classes>
        <Class>
          <Summary numSequencePoints="13" visitedSequencePoints="13" numBranchPoints="8" visitedBranchPoints="8" sequenceCoverage="100" branchCoverage="100" maxCyclomaticComplexity="5" minCyclomaticComplexity="1" maxCrapScore="5" minCrapScore="1" visitedClasses="1" numClasses="1" visitedMethods="2" numMethods="2" />
          <FullName>BancoTabajara.Domain.Features.Movimentacoes.Movimentacao</FullName>
          <Methods>
            <Method skippedDueTo="AutoImplementedProperty" visited="false" cyclomaticComplexity="1" nPathComplexity="0" sequenceCoverage="0" branchCoverage="0" crapScore="0" isConstructor="false" isStatic="false" isGetter="true" isSetter="false">
              <MetadataToken>100663297</MetadataToken>
              <Name>System.DateTime BancoTabajara.Domain.Features.Movimentacoes.Movimentacao::get_Data()</Name>
              <FileRef uid="1" />
              <SequencePoints />
              <BranchPoints />
            </Method>
            <Method skippedDueTo="AutoImplementedProperty" visited="false" cyclomaticComplexity="1" nPathComplexity="0" sequenceCoverage="0" branchCoverage="0" crapScore="0" isConstructor="false" isStatic="false" isGetter="false" isSetter="true">
              <MetadataToken>100663298</MetadataToken>
              <Name>System.Void BancoTabajara.Domain.Features.Movimentacoes.Movimentacao::set_Data(System.DateTime)</Name>
              <FileRef uid="1" />
              <SequencePoints />
              <BranchPoints />
            </Method>
            <Method skippedDueTo="AutoImplementedProperty" visited="false" cyclomaticComplexity="1" nPathComplexity="0" sequenceCoverage="0" branchCoverage="0" crapScore="0" isConstructor="false" isStatic="false" isGetter="true" isSetter="false">
              <MetadataToken>100663299</MetadataToken>
              <Name>System.Double BancoTabajara.Domain.Features.Movimentacoes.Movimentacao::get_Valor()</Name>
              <FileRef uid="1" />
              <SequencePoints />
              <BranchPoints />
            </Method>
            <Method skippedDueTo="AutoImplementedProperty" visited="false" cyclomaticComplexity="1" nPathComplexity="0" sequenceCoverage="0" branchCoverage="0" crapScore="0" isConstructor="false" isStatic="false" isGetter="false" isSetter="true">
              <MetadataToken>100663300</MetadataToken>
              <Name>System.Void BancoTabajara.Domain.Features.Movimentacoes.Movimentacao::set_Valor(System.Double)</Name>
              <FileRef uid="1" />
              <SequencePoints />
              <BranchPoints />
            </Method>
            <Method skippedDueTo="AutoImplementedProperty" visited="false" cyclomaticComplexity="1" nPathComplexity="0" sequenceCoverage="0" branchCoverage="0" crapScore="0" isConstructor="false" isStatic="false" isGetter="true" isSetter="false">
              <MetadataToken>100663301</MetadataToken>
              <Name>BancoTabajara.Domain.Features.Movimentacoes.TipoOperacaoEnum BancoTabajara.Domain.Features.Movimentacoes.Movimentacao::get_TipoOperacao()</Name>
              <FileRef uid="1" />
              <SequencePoints />
              <BranchPoints />
            </Method>
            <Method skippedDueTo="AutoImplementedProperty" visited="false" cyclomaticComplexity="1" nPathComplexity="0" sequenceCoverage="0" branchCoverage="0" crapScore="0" isConstructor="false" isStatic="false" isGetter="false" isSetter="true">
              <MetadataToken>100663302</MetadataToken>
              <Name>System.Void BancoTabajara.Domain.Features.Movimentacoes.Movimentacao::set_TipoOperacao(BancoTabajara.Domain.Features.Movimentacoes.TipoOperacaoEnum)</Name>
              <FileRef uid="1" />
              <SequencePoints />
              <BranchPoints />
            </Method>
            <Method skippedDueTo="AutoImplementedProperty" visited="false" cyclomaticComplexity="1" nPathComplexity="0" sequenceCoverage="0" branchCoverage="0" crapScore="0" isConstructor="false" isStatic="false" isGetter="true" isSetter="false">
              <MetadataToken>100663303</MetadataToken>
              <Name>BancoTabajara.Domain.Features.Contas.Conta BancoTabajara.Domain.Features.Movimentacoes.Movimentacao::get_Conta()</Name>
              <FileRef uid="1" />
              <SequencePoints />
              <BranchPoints />
            </Method>
            <Method skippedDueTo="AutoImplementedProperty" visited="false" cyclomaticComplexity="1" nPathComplexity="0" sequenceCoverage="0" branchCoverage="0" crapScore="0" isConstructor="false" isStatic="false" isGetter="false" isSetter="true">
              <MetadataToken>100663304</MetadataToken>
              <Name>System.Void BancoTabajara.Domain.Features.Movimentacoes.Movimentacao::set_Conta(BancoTabajara.Domain.Features.Contas.Conta)</Name>
              <FileRef uid="1" />
              <SequencePoints />
              <BranchPoints />
            </Method>
            <Method visited="true" cyclomaticComplexity="5" nPathComplexity="8" sequenceCoverage="100" branchCoverage="100" crapScore="5" isConstructor="false" isStatic="false" isGetter="false" isSetter="false">
              <Summary numSequencePoints="8" visitedSequencePoints="8" numBranchPoints="7" visitedBranchPoints="7" sequenceCoverage="100" branchCoverage="100" maxCyclomaticComplexity="5" minCyclomaticComplexity="5" maxCrapScore="5" minCrapScore="5" visitedClasses="0" numClasses="0" visitedMethods="1" numMethods="1" />
              <MetadataToken>100663305</MetadataToken>
              <Name>System.Void BancoTabajara.Domain.Features.Movimentacoes.Movimentacao::Validar()</Name>
              <FileRef uid="1" />
              <SequencePoints>
                <SequencePoint vc="4" uspid="1" ordinal="0" offset="0" sl="19" sc="9" el="19" ec="10" bec="0" bev="0" fileid="1" />
                <SequencePoint vc="4" uspid="2" ordinal="1" offset="1" sl="20" sc="13" el="20" ec="28" bec="2" bev="2" fileid="1" />
                <SequencePoint vc="1" uspid="3" ordinal="2" offset="25" sl="21" sc="17" el="21" ec="64" bec="0" bev="0" fileid="1" />
                <SequencePoint vc="3" uspid="4" ordinal="3" offset="31" sl="22" sc="13" el="22" ec="82" bec="2" bev="2" fileid="1" />
                <SequencePoint vc="1" uspid="5" ordinal="4" offset="84" sl="23" sc="17" el="23" ec="71" bec="0" bev="0" fileid="1" />
                <SequencePoint vc="2" uspid="6" ordinal="5" offset="90" sl="24" sc="13" el="24" ec="84" bec="2" bev="2" fileid="1" />
                <SequencePoint vc="1" uspid="7" ordinal="6" offset="131" sl="25" sc="17" el="25" ec="63" bec="0" bev="0" fileid="1" />
                <SequencePoint vc="1" uspid="8" ordinal="7" offset="137" sl="26" sc="9" el="26" ec="10" bec="0" bev="0" fileid="1" />
              </SequencePoints>
              <BranchPoints>
                <BranchPoint vc="1" uspid="9" ordinal="0" offset="23" sl="20" path="0" offsetend="25" fileid="1" />
                <BranchPoint vc="3" uspid="10" ordinal="1" offset="23" sl="20" path="1" offsetend="31" fileid="1" />
                <BranchPoint vc="1" uspid="13" ordinal="4" offset="82" sl="22" path="0" offsetend="84" fileid="1" />
                <BranchPoint vc="2" uspid="14" ordinal="5" offset="82" sl="22" path="1" offsetend="90" fileid="1" />
                <BranchPoint vc="1" uspid="15" ordinal="6" offset="129" sl="24" path="0" offsetend="131" fileid="1" />
                <BranchPoint vc="1" uspid="16" ordinal="7" offset="129" sl="24" path="1" offsetend="137" fileid="1" />
              </BranchPoints>
              <MethodPoint xsi:type="SequencePoint" vc="4" uspid="1" ordinal="0" offset="0" sl="19" sc="9" el="19" ec="10" bec="0" bev="0" fileid="1" />
            </Method>
            <Method visited="true" cyclomaticComplexity="1" nPathComplexity="0" sequenceCoverage="100" branchCoverage="100" crapScore="1" isConstructor="false" isStatic="false" isGetter="false" isSetter="false">
              <Summary numSequencePoints="5" visitedSequencePoints="5" numBranchPoints="1" visitedBranchPoints="1" sequenceCoverage="100" branchCoverage="100" maxCyclomaticComplexity="1" minCyclomaticComplexity="1" maxCrapScore="1" minCrapScore="1" visitedClasses="0" numClasses="0" visitedMethods="1" numMethods="1" />
              <MetadataToken>100663306</MetadataToken>
              <Name>System.Void BancoTabajara.Domain.Features.Movimentacoes.Movimentacao::ObterMovimentacao(BancoTabajara.Domain.Features.Movimentacoes.TipoOperacaoEnum,System.Double)</Name>
              <FileRef uid="1" />
              <SequencePoints>
                <SequencePoint vc="4" uspid="17" ordinal="0" offset="0" sl="29" sc="9" el="29" ec="10" bec="0" bev="0" fileid="1" />
                <SequencePoint vc="4" uspid="18" ordinal="1" offset="1" sl="30" sc="13" el="30" ec="41" bec="0" bev="0" fileid="1" />
                <SequencePoint vc="4" uspid="19" ordinal="2" offset="9" sl="31" sc="13" el="31" ec="27" bec="0" bev="0" fileid="1" />
                <SequencePoint vc="4" uspid="20" ordinal="3" offset="17" sl="32" sc="13" el="32" ec="33" bec="0" bev="0" fileid="1" />
                <SequencePoint vc="4" uspid="21" ordinal="4" offset="29" sl="33" sc="9" el="33" ec="10" bec="0" bev="0" fileid="1" />
              </SequencePoints>
              <BranchPoints />
              <MethodPoint xsi:type="SequencePoint" vc="4" uspid="17" ordinal="0" offset="0" sl="29" sc="9" el="29" ec="10" bec="0" bev="0" fileid="1" />
            </Method>
            <Method visited="false" cyclomaticComplexity="1" nPathComplexity="0" sequenceCoverage="0" branchCoverage="0" crapScore="2" isConstructor="true" isStatic="false" isGetter="false" isSetter="false">
              <Summary numSequencePoints="0" visitedSequencePoints="0" numBranchPoints="0" visitedBranchPoints="0" sequenceCoverage="0" branchCoverage="0" maxCyclomaticComplexity="1" minCyclomaticComplexity="1" maxCrapScore="2" minCrapScore="2" visitedClasses="0" numClasses="0" visitedMethods="0" numMethods="0" />
              <MetadataToken>100663307</MetadataToken>
              <Name>System.Void BancoTabajara.Domain.Features.Movimentacoes.Movimentacao::.ctor()</Name>
              <SequencePoints />
              <BranchPoints />
              <MethodPoint vc="0" uspid="22" ordinal="0" offset="0" />
            </Method>
          </Methods>
        </Class>
        <Class>
          <Summary numSequencePoints="44" visitedSequencePoints="44" numBranchPoints="18" visitedBranchPoints="18" sequenceCoverage="100" branchCoverage="100" maxCyclomaticComplexity="5" minCyclomaticComplexity="1" maxCrapScore="5" minCrapScore="1" visitedClasses="1" numClasses="1" visitedMethods="8" numMethods="8" />
          <FullName>BancoTabajara.Domain.Features.Contas.Conta</FullName>
          <Methods>
            <Method skippedDueTo="AutoImplementedProperty" visited="false" cyclomaticComplexity="1" nPathComplexity="0" sequenceCoverage="0" branchCoverage="0" crapScore="0" isConstructor="false" isStatic="false" isGetter="true" isSetter="false">
              <MetadataToken>100663311</MetadataToken>
              <Name>BancoTabajara.Domain.Features.Clientes.Cliente BancoTabajara.Domain.Features.Contas.Conta::get_Cliente()</Name>
              <FileRef uid="5" />
              <SequencePoints />
              <BranchPoints />
            </Method>
            <Method skippedDueTo="AutoImplementedProperty" visited="false" cyclomaticComplexity="1" nPathComplexity="0" sequenceCoverage="0" branchCoverage="0" crapScore="0" isConstructor="false" isStatic="false" isGetter="false" isSetter="true">
              <MetadataToken>100663312</MetadataToken>
              <Name>System.Void BancoTabajara.Domain.Features.Contas.Conta::set_Cliente(BancoTabajara.Domain.Features.Clientes.Cliente)</Name>
              <FileRef uid="5" />
              <SequencePoints />
              <BranchPoints />
            </Method>
            <Method skippedDueTo="AutoImplementedProperty" visited="false" cyclomaticComplexity="1" nPathComplexity="0" sequenceCoverage="0" branchCoverage="0" crapScore="0" isConstructor="false" isStatic="false" isGetter="true" isSetter="false">
              <MetadataToken>100663313</MetadataToken>
              <Name>System.Int32 BancoTabajara.Domain.Features.Contas.Conta::get_NumeroConta()</Name>
              <FileRef uid="5" />
              <SequencePoints />
              <BranchPoints />
            </Method>
            <Method skippedDueTo="AutoImplementedProperty" visited="false" cyclomaticComplexity="1" nPathComplexity="0" sequenceCoverage="0" branchCoverage="0" crapScore="0" isConstructor="false" isStatic="false" isGetter="false" isSetter="true">
              <MetadataToken>100663314</MetadataToken>
              <Name>System.Void BancoTabajara.Domain.Features.Contas.Conta::set_NumeroConta(System.Int32)</Name>
              <FileRef uid="5" />
              <SequencePoints />
              <BranchPoints />
            </Method>
            <Method skippedDueTo="AutoImplementedProperty" visited="false" cyclomaticComplexity="1" nPathComplexity="0" sequenceCoverage="0" branchCoverage="0" crapScore="0" isConstructor="false" isStatic="false" isGetter="true" isSetter="false">
              <MetadataToken>100663315</MetadataToken>
              <Name>System.Double BancoTabajara.Domain.Features.Contas.Conta::get_Saldo()</Name>
              <FileRef uid="5" />
              <SequencePoints />
              <BranchPoints />
            </Method>
            <Method skippedDueTo="AutoImplementedProperty" visited="false" cyclomaticComplexity="1" nPathComplexity="0" sequenceCoverage="0" branchCoverage="0" crapScore="0" isConstructor="false" isStatic="false" isGetter="false" isSetter="true">
              <MetadataToken>100663316</MetadataToken>
              <Name>System.Void BancoTabajara.Domain.Features.Contas.Conta::set_Saldo(System.Double)</Name>
              <FileRef uid="5" />
              <SequencePoints />
              <BranchPoints />
            </Method>
            <Method skippedDueTo="AutoImplementedProperty" visited="false" cyclomaticComplexity="1" nPathComplexity="0" sequenceCoverage="0" branchCoverage="0" crapScore="0" isConstructor="false" isStatic="false" isGetter="true" isSetter="false">
              <MetadataToken>100663317</MetadataToken>
              <Name>System.Boolean BancoTabajara.Domain.Features.Contas.Conta::get_Ativada()</Name>
              <FileRef uid="5" />
              <SequencePoints />
              <BranchPoints />
            </Method>
            <Method skippedDueTo="AutoImplementedProperty" visited="false" cyclomaticComplexity="1" nPathComplexity="0" sequenceCoverage="0" branchCoverage="0" crapScore="0" isConstructor="false" isStatic="false" isGetter="false" isSetter="true">
              <MetadataToken>100663318</MetadataToken>
              <Name>System.Void BancoTabajara.Domain.Features.Contas.Conta::set_Ativada(System.Boolean)</Name>
              <FileRef uid="5" />
              <SequencePoints />
              <BranchPoints />
            </Method>
            <Method skippedDueTo="AutoImplementedProperty" visited="false" cyclomaticComplexity="1" nPathComplexity="0" sequenceCoverage="0" branchCoverage="0" crapScore="0" isConstructor="false" isStatic="false" isGetter="true" isSetter="false">
              <MetadataToken>100663319</MetadataToken>
              <Name>System.Double BancoTabajara.Domain.Features.Contas.Conta::get_Limite()</Name>
              <FileRef uid="5" />
              <SequencePoints />
              <BranchPoints />
            </Method>
            <Method skippedDueTo="AutoImplementedProperty" visited="false" cyclomaticComplexity="1" nPathComplexity="0" sequenceCoverage="0" branchCoverage="0" crapScore="0" isConstructor="false" isStatic="false" isGetter="false" isSetter="true">
              <MetadataToken>100663320</MetadataToken>
              <Name>System.Void BancoTabajara.Domain.Features.Contas.Conta::set_Limite(System.Double)</Name>
              <FileRef uid="5" />
              <SequencePoints />
              <BranchPoints />
            </Method>
            <Method visited="true" cyclomaticComplexity="1" nPathComplexity="0" sequenceCoverage="100" branchCoverage="100" crapScore="1" isConstructor="false" isStatic="false" isGetter="true" isSetter="false">
              <Summary numSequencePoints="3" visitedSequencePoints="3" numBranchPoints="1" visitedBranchPoints="1" sequenceCoverage="100" branchCoverage="100" maxCyclomaticComplexity="1" minCyclomaticComplexity="1" maxCrapScore="1" minCrapScore="1" visitedClasses="0" numClasses="0" visitedMethods="1" numMethods="1" />
              <MetadataToken>100663321</MetadataToken>
              <Name>System.Double BancoTabajara.Domain.Features.Contas.Conta::get_SaldoTotal()</Name>
              <FileRef uid="5" />
              <SequencePoints>
                <SequencePoint vc="1" uspid="23" ordinal="0" offset="0" sl="20" sc="40" el="20" ec="41" bec="0" bev="0" fileid="5" />
                <SequencePoint vc="1" uspid="24" ordinal="1" offset="1" sl="20" sc="42" el="20" ec="65" bec="0" bev="0" fileid="5" />
                <SequencePoint vc="1" uspid="25" ordinal="2" offset="10" sl="20" sc="66" el="20" ec="67" bec="0" bev="0" fileid="5" />
              </SequencePoints>
              <BranchPoints />
              <MethodPoint xsi:type="SequencePoint" vc="1" uspid="23" ordinal="0" offset="0" sl="20" sc="40" el="20" ec="41" bec="0" bev="0" fileid="5" />
            </Method>
            <Method skippedDueTo="AutoImplementedProperty" visited="false" cyclomaticComplexity="1" nPathComplexity="0" sequenceCoverage="0" branchCoverage="0" crapScore="0" isConstructor="false" isStatic="false" isGetter="true" isSetter="false">
              <MetadataToken>100663322</MetadataToken>
              <Name>System.Collections.Generic.ICollection`1&lt;BancoTabajara.Domain.Features.Movimentacoes.Movimentacao&gt; BancoTabajara.Domain.Features.Contas.Conta::get_Movimentacoes()</Name>
              <FileRef uid="5" />
              <SequencePoints />
              <BranchPoints />
            </Method>
            <Method skippedDueTo="AutoImplementedProperty" visited="false" cyclomaticComplexity="1" nPathComplexity="0" sequenceCoverage="0" branchCoverage="0" crapScore="0" isConstructor="false" isStatic="false" isGetter="false" isSetter="true">
              <MetadataToken>100663323</MetadataToken>
              <Name>System.Void BancoTabajara.Domain.Features.Contas.Conta::set_Movimentacoes(System.Collections.Generic.ICollection`1&lt;BancoTabajara.Domain.Features.Movimentacoes.Movimentacao&gt;)</Name>
              <FileRef uid="5" />
              <SequencePoints />
              <BranchPoints />
            </Method>
            <Method visited="true" cyclomaticComplexity="1" nPathComplexity="0" sequenceCoverage="100" branchCoverage="100" crapScore="1" isConstructor="true" isStatic="false" isGetter="false" isSetter="false">
              <Summary numSequencePoints="4" visitedSequencePoints="4" numBranchPoints="1" visitedBranchPoints="1" sequenceCoverage="100" branchCoverage="100" maxCyclomaticComplexity="1" minCyclomaticComplexity="1" maxCrapScore="1" minCrapScore="1" visitedClasses="0" numClasses="0" visitedMethods="1" numMethods="1" />
              <MetadataToken>100663324</MetadataToken>
              <Name>System.Void BancoTabajara.Domain.Features.Contas.Conta::.ctor()</Name>
              <FileRef uid="5" />
              <SequencePoints>
                <SequencePoint vc="22" uspid="26" ordinal="0" offset="0" sl="23" sc="9" el="23" ec="23" bec="0" bev="0" fileid="5" />
                <SequencePoint vc="22" uspid="27" ordinal="1" offset="7" sl="24" sc="9" el="24" ec="10" bec="0" bev="0" fileid="5" />
                <SequencePoint vc="22" uspid="28" ordinal="2" offset="8" sl="25" sc="13" el="25" ec="60" bec="0" bev="0" fileid="5" />
                <SequencePoint vc="22" uspid="29" ordinal="3" offset="20" sl="26" sc="9" el="26" ec="10" bec="0" bev="0" fileid="5" />
              </SequencePoints>
              <BranchPoints />
              <MethodPoint xsi:type="SequencePoint" vc="22" uspid="26" ordinal="0" offset="0" sl="23" sc="9" el="23" ec="23" bec="0" bev="0" fileid="5" />
            </Method>
            <Method visited="true" cyclomaticComplexity="5" nPathComplexity="16" sequenceCoverage="100" branchCoverage="100" crapScore="5" isConstructor="false" isStatic="false" isGetter="false" isSetter="false">
              <Summary numSequencePoints="10" visitedSequencePoints="10" numBranchPoints="9" visitedBranchPoints="9" sequenceCoverage="100" branchCoverage="100" maxCyclomaticComplexity="5" minCyclomaticComplexity="5" maxCrapScore="5" minCrapScore="5" visitedClasses="0" numClasses="0" visitedMethods="1" numMethods="1" />
              <MetadataToken>100663325</MetadataToken>
              <Name>System.Void BancoTabajara.Domain.Features.Contas.Conta::Validar()</Name>
              <FileRef uid="5" />
              <SequencePoints>
                <SequencePoint vc="5" uspid="30" ordinal="0" offset="0" sl="29" sc="9" el="29" ec="10" bec="0" bev="0" fileid="5" />
                <SequencePoint vc="5" uspid="31" ordinal="1" offset="1" sl="30" sc="13" el="30" ec="34" bec="2" bev="2" fileid="5" />
                <SequencePoint vc="1" uspid="32" ordinal="2" offset="17" sl="31" sc="17" el="31" ec="63" bec="0" bev="0" fileid="5" />
                <SequencePoint vc="4" uspid="33" ordinal="3" offset="23" sl="33" sc="13" el="33" ec="27" bec="2" bev="2" fileid="5" />
                <SequencePoint vc="1" uspid="34" ordinal="4" offset="44" sl="34" sc="17" el="34" ec="61" bec="0" bev="0" fileid="5" />
                <SequencePoint vc="3" uspid="35" ordinal="5" offset="50" sl="36" sc="13" el="36" ec="28" bec="2" bev="2" fileid="5" />
                <SequencePoint vc="1" uspid="36" ordinal="6" offset="71" sl="37" sc="17" el="37" ec="58" bec="0" bev="0" fileid="5" />
                <SequencePoint vc="2" uspid="37" ordinal="7" offset="77" sl="39" sc="13" el="39" ec="33" bec="2" bev="2" fileid="5" />
                <SequencePoint vc="1" uspid="38" ordinal="8" offset="93" sl="40" sc="17" el="40" ec="59" bec="0" bev="0" fileid="5" />
                <SequencePoint vc="1" uspid="39" ordinal="9" offset="99" sl="41" sc="9" el="41" ec="10" bec="0" bev="0" fileid="5" />
              </SequencePoints>
              <BranchPoints>
                <BranchPoint vc="1" uspid="40" ordinal="0" offset="15" sl="30" path="0" offsetend="17" fileid="5" />
                <BranchPoint vc="4" uspid="41" ordinal="1" offset="15" sl="30" path="1" offsetend="23" fileid="5" />
                <BranchPoint vc="1" uspid="42" ordinal="2" offset="42" sl="33" path="0" offsetend="44" fileid="5" />
                <BranchPoint vc="3" uspid="43" ordinal="3" offset="42" sl="33" path="1" offsetend="50" fileid="5" />
                <BranchPoint vc="1" uspid="44" ordinal="4" offset="69" sl="36" path="0" offsetend="71" fileid="5" />
                <BranchPoint vc="2" uspid="45" ordinal="5" offset="69" sl="36" path="1" offsetend="77" fileid="5" />
                <BranchPoint vc="1" uspid="46" ordinal="6" offset="91" sl="39" path="0" offsetend="93" fileid="5" />
                <BranchPoint vc="1" uspid="47" ordinal="7" offset="91" sl="39" path="1" offsetend="99" fileid="5" />
              </BranchPoints>
              <MethodPoint xsi:type="SequencePoint" vc="5" uspid="30" ordinal="0" offset="0" sl="29" sc="9" el="29" ec="10" bec="0" bev="0" fileid="5" />
            </Method>
            <Method visited="true" cyclomaticComplexity="1" nPathComplexity="0" sequenceCoverage="100" branchCoverage="100" crapScore="1" isConstructor="false" isStatic="false" isGetter="false" isSetter="false">
              <Summary numSequencePoints="3" visitedSequencePoints="3" numBranchPoints="1" visitedBranchPoints="1" sequenceCoverage="100" branchCoverage="100" maxCyclomaticComplexity="1" minCyclomaticComplexity="1" maxCrapScore="1" minCrapScore="1" visitedClasses="0" numClasses="0" visitedMethods="1" numMethods="1" />
              <MetadataToken>100663326</MetadataToken>
              <Name>System.Double BancoTabajara.Domain.Features.Contas.Conta::CalcularSaldo()</Name>
              <FileRef uid="5" />
              <SequencePoints>
                <SequencePoint vc="1" uspid="48" ordinal="0" offset="0" sl="44" sc="9" el="44" ec="10" bec="0" bev="0" fileid="5" />
                <SequencePoint vc="1" uspid="49" ordinal="1" offset="1" sl="45" sc="13" el="45" ec="35" bec="0" bev="0" fileid="5" />
                <SequencePoint vc="1" uspid="50" ordinal="2" offset="17" sl="46" sc="9" el="46" ec="10" bec="0" bev="0" fileid="5" />
              </SequencePoints>
              <BranchPoints />
              <MethodPoint xsi:type="SequencePoint" vc="1" uspid="48" ordinal="0" offset="0" sl="44" sc="9" el="44" ec="10" bec="0" bev="0" fileid="5" />
            </Method>
            <Method visited="true" cyclomaticComplexity="1" nPathComplexity="0" sequenceCoverage="100" branchCoverage="100" crapScore="1" isConstructor="false" isStatic="false" isGetter="false" isSetter="false">
              <Summary numSequencePoints="3" visitedSequencePoints="3" numBranchPoints="1" visitedBranchPoints="1" sequenceCoverage="100" branchCoverage="100" maxCyclomaticComplexity="1" minCyclomaticComplexity="1" maxCrapScore="1" minCrapScore="1" visitedClasses="0" numClasses="0" visitedMethods="1" numMethods="1" />
              <MetadataToken>100663327</MetadataToken>
              <Name>System.Void BancoTabajara.Domain.Features.Contas.Conta::AlterarEstado()</Name>
              <FileRef uid="5" />
              <SequencePoints>
                <SequencePoint vc="2" uspid="51" ordinal="0" offset="0" sl="49" sc="9" el="49" ec="10" bec="0" bev="0" fileid="5" />
                <SequencePoint vc="2" uspid="52" ordinal="1" offset="1" sl="50" sc="13" el="50" ec="32" bec="0" bev="0" fileid="5" />
                <SequencePoint vc="2" uspid="53" ordinal="2" offset="17" sl="51" sc="9" el="51" ec="10" bec="0" bev="0" fileid="5" />
              </SequencePoints>
              <BranchPoints />
              <MethodPoint xsi:type="SequencePoint" vc="2" uspid="51" ordinal="0" offset="0" sl="49" sc="9" el="49" ec="10" bec="0" bev="0" fileid="5" />
            </Method>
            <Method visited="true" cyclomaticComplexity="1" nPathComplexity="0" sequenceCoverage="100" branchCoverage="100" crapScore="1" isConstructor="false" isStatic="false" isGetter="false" isSetter="false">
              <Summary numSequencePoints="6" visitedSequencePoints="6" numBranchPoints="1" visitedBranchPoints="1" sequenceCoverage="100" branchCoverage="100" maxCyclomaticComplexity="1" minCyclomaticComplexity="1" maxCrapScore="1" minCrapScore="1" visitedClasses="0" numClasses="0" visitedMethods="1" numMethods="1" />
              <MetadataToken>100663328</MetadataToken>
              <Name>System.Void BancoTabajara.Domain.Features.Contas.Conta::RealizarDeposito(System.Double)</Name>
              <FileRef uid="5" />
              <SequencePoints>
                <SequencePoint vc="2" uspid="54" ordinal="0" offset="0" sl="54" sc="9" el="54" ec="10" bec="0" bev="0" fileid="5" />
                <SequencePoint vc="2" uspid="55" ordinal="1" offset="1" sl="55" sc="13" el="55" ec="60" bec="0" bev="0" fileid="5" />
                <SequencePoint vc="2" uspid="56" ordinal="2" offset="7" sl="56" sc="13" el="56" ec="28" bec="0" bev="0" fileid="5" />
                <SequencePoint vc="2" uspid="57" ordinal="3" offset="22" sl="57" sc="13" el="57" ec="77" bec="0" bev="0" fileid="5" />
                <SequencePoint vc="2" uspid="58" ordinal="4" offset="31" sl="58" sc="13" el="58" ec="45" bec="0" bev="0" fileid="5" />
                <SequencePoint vc="2" uspid="59" ordinal="5" offset="44" sl="59" sc="9" el="59" ec="10" bec="0" bev="0" fileid="5" />
              </SequencePoints>
              <BranchPoints />
              <MethodPoint xsi:type="SequencePoint" vc="2" uspid="54" ordinal="0" offset="0" sl="54" sc="9" el="54" ec="10" bec="0" bev="0" fileid="5" />
            </Method>
            <Method visited="true" cyclomaticComplexity="2" nPathComplexity="2" sequenceCoverage="100" branchCoverage="100" crapScore="2" isConstructor="false" isStatic="false" isGetter="false" isSetter="false">
              <Summary numSequencePoints="11" visitedSequencePoints="11" numBranchPoints="3" visitedBranchPoints="3" sequenceCoverage="100" branchCoverage="100" maxCyclomaticComplexity="2" minCyclomaticComplexity="2" maxCrapScore="2" minCrapScore="2" visitedClasses="0" numClasses="0" visitedMethods="1" numMethods="1" />
              <MetadataToken>100663329</MetadataToken>
              <Name>System.Void BancoTabajara.Domain.Features.Contas.Conta::RealizarSaque(System.Double)</Name>
              <FileRef uid="5" />
              <SequencePoints>
                <SequencePoint vc="4" uspid="60" ordinal="0" offset="0" sl="62" sc="9" el="62" ec="10" bec="0" bev="0" fileid="5" />
                <SequencePoint vc="4" uspid="61" ordinal="1" offset="1" sl="63" sc="13" el="63" ec="60" bec="0" bev="0" fileid="5" />
                <SequencePoint vc="4" uspid="62" ordinal="2" offset="7" sl="64" sc="13" el="64" ec="33" bec="2" bev="2" fileid="5" />
                <SequencePoint vc="2" uspid="63" ordinal="3" offset="23" sl="65" sc="13" el="65" ec="14" bec="0" bev="0" fileid="5" />
                <SequencePoint vc="2" uspid="64" ordinal="4" offset="24" sl="66" sc="17" el="66" ec="32" bec="0" bev="0" fileid="5" />
                <SequencePoint vc="2" uspid="65" ordinal="5" offset="39" sl="67" sc="17" el="67" ec="80" bec="0" bev="0" fileid="5" />
                <SequencePoint vc="2" uspid="66" ordinal="6" offset="48" sl="68" sc="17" el="68" ec="49" bec="0" bev="0" fileid="5" />
                <SequencePoint vc="2" uspid="67" ordinal="7" offset="61" sl="69" sc="13" el="69" ec="14" bec="0" bev="0" fileid="5" />
                <SequencePoint vc="2" uspid="68" ordinal="8" offset="64" sl="71" sc="13" el="71" ec="14" bec="0" bev="0" fileid="5" />
                <SequencePoint vc="2" uspid="69" ordinal="9" offset="65" sl="72" sc="17" el="72" ec="61" bec="0" bev="0" fileid="5" />
                <SequencePoint vc="2" uspid="70" ordinal="10" offset="71" sl="74" sc="9" el="74" ec="10" bec="0" bev="0" fileid="5" />
              </SequencePoints>
              <BranchPoints>
                <BranchPoint vc="2" uspid="71" ordinal="0" offset="21" sl="64" path="0" offsetend="23" fileid="5" />
                <BranchPoint vc="2" uspid="72" ordinal="1" offset="21" sl="64" path="1" offsetend="64" fileid="5" />
              </BranchPoints>
              <MethodPoint xsi:type="SequencePoint" vc="4" uspid="60" ordinal="0" offset="0" sl="62" sc="9" el="62" ec="10" bec="0" bev="0" fileid="5" />
            </Method>
            <Method visited="true" cyclomaticComplexity="1" nPathComplexity="0" sequenceCoverage="100" branchCoverage="100" crapScore="1" isConstructor="false" isStatic="false" isGetter="false" isSetter="false">
              <Summary numSequencePoints="4" visitedSequencePoints="4" numBranchPoints="1" visitedBranchPoints="1" sequenceCoverage="100" branchCoverage="100" maxCyclomaticComplexity="1" minCyclomaticComplexity="1" maxCrapScore="1" minCrapScore="1" visitedClasses="0" numClasses="0" visitedMethods="1" numMethods="1" />
              <MetadataToken>100663330</MetadataToken>
              <Name>System.Void BancoTabajara.Domain.Features.Contas.Conta::RealizarTransferencia(System.Double,BancoTabajara.Domain.Features.Contas.Conta)</Name>
              <FileRef uid="5" />
              <SequencePoints>
                <SequencePoint vc="2" uspid="73" ordinal="0" offset="0" sl="77" sc="9" el="77" ec="10" bec="0" bev="0" fileid="5" />
                <SequencePoint vc="2" uspid="74" ordinal="1" offset="1" sl="78" sc="13" el="78" ec="34" bec="0" bev="0" fileid="5" />
                <SequencePoint vc="1" uspid="75" ordinal="2" offset="9" sl="79" sc="13" el="79" ec="45" bec="0" bev="0" fileid="5" />
                <SequencePoint vc="1" uspid="76" ordinal="3" offset="17" sl="80" sc="9" el="80" ec="10" bec="0" bev="0" fileid="5" />
              </SequencePoints>
              <BranchPoints />
              <MethodPoint xsi:type="SequencePoint" vc="2" uspid="73" ordinal="0" offset="0" sl="77" sc="9" el="77" ec="10" bec="0" bev="0" fileid="5" />
            </Method>
          </Methods>
        </Class>
        <Class>
          <Summary numSequencePoints="10" visitedSequencePoints="10" numBranchPoints="9" visitedBranchPoints="9" sequenceCoverage="100" branchCoverage="100" maxCyclomaticComplexity="5" minCyclomaticComplexity="1" maxCrapScore="5" minCrapScore="2" visitedClasses="1" numClasses="1" visitedMethods="1" numMethods="1" />
          <FullName>BancoTabajara.Domain.Features.Clientes.Cliente</FullName>
          <Methods>
            <Method skippedDueTo="AutoImplementedProperty" visited="false" cyclomaticComplexity="1" nPathComplexity="0" sequenceCoverage="0" branchCoverage="0" crapScore="0" isConstructor="false" isStatic="false" isGetter="true" isSetter="false">
              <MetadataToken>100663341</MetadataToken>
              <Name>System.String BancoTabajara.Domain.Features.Clientes.Cliente::get_Nome()</Name>
              <FileRef uid="11" />
              <SequencePoints />
              <BranchPoints />
            </Method>
            <Method skippedDueTo="AutoImplementedProperty" visited="false" cyclomaticComplexity="1" nPathComplexity="0" sequenceCoverage="0" branchCoverage="0" crapScore="0" isConstructor="false" isStatic="false" isGetter="false" isSetter="true">
              <MetadataToken>100663342</MetadataToken>
              <Name>System.Void BancoTabajara.Domain.Features.Clientes.Cliente::set_Nome(System.String)</Name>
              <FileRef uid="11" />
              <SequencePoints />
              <BranchPoints />
            </Method>
            <Method skippedDueTo="AutoImplementedProperty" visited="false" cyclomaticComplexity="1" nPathComplexity="0" sequenceCoverage="0" branchCoverage="0" crapScore="0" isConstructor="false" isStatic="false" isGetter="true" isSetter="false">
              <MetadataToken>100663343</MetadataToken>
              <Name>System.String BancoTabajara.Domain.Features.Clientes.Cliente::get_CPF()</Name>
              <FileRef uid="11" />
              <SequencePoints />
              <BranchPoints />
            </Method>
            <Method skippedDueTo="AutoImplementedProperty" visited="false" cyclomaticComplexity="1" nPathComplexity="0" sequenceCoverage="0" branchCoverage="0" crapScore="0" isConstructor="false" isStatic="false" isGetter="false" isSetter="true">
              <MetadataToken>100663344</MetadataToken>
              <Name>System.Void BancoTabajara.Domain.Features.Clientes.Cliente::set_CPF(System.String)</Name>
              <FileRef uid="11" />
              <SequencePoints />
              <BranchPoints />
            </Method>
            <Method skippedDueTo="AutoImplementedProperty" visited="false" cyclomaticComplexity="1" nPathComplexity="0" sequenceCoverage="0" branchCoverage="0" crapScore="0" isConstructor="false" isStatic="false" isGetter="true" isSetter="false">
              <MetadataToken>100663345</MetadataToken>
              <Name>System.String BancoTabajara.Domain.Features.Clientes.Cliente::get_RG()</Name>
              <FileRef uid="11" />
              <SequencePoints />
              <BranchPoints />
            </Method>
            <Method skippedDueTo="AutoImplementedProperty" visited="false" cyclomaticComplexity="1" nPathComplexity="0" sequenceCoverage="0" branchCoverage="0" crapScore="0" isConstructor="false" isStatic="false" isGetter="false" isSetter="true">
              <MetadataToken>100663346</MetadataToken>
              <Name>System.Void BancoTabajara.Domain.Features.Clientes.Cliente::set_RG(System.String)</Name>
              <FileRef uid="11" />
              <SequencePoints />
              <BranchPoints />
            </Method>
            <Method skippedDueTo="AutoImplementedProperty" visited="false" cyclomaticComplexity="1" nPathComplexity="0" sequenceCoverage="0" branchCoverage="0" crapScore="0" isConstructor="false" isStatic="false" isGetter="true" isSetter="false">
              <MetadataToken>100663347</MetadataToken>
              <Name>System.DateTime BancoTabajara.Domain.Features.Clientes.Cliente::get_DataNascimento()</Name>
              <FileRef uid="11" />
              <SequencePoints />
              <BranchPoints />
            </Method>
            <Method skippedDueTo="AutoImplementedProperty" visited="false" cyclomaticComplexity="1" nPathComplexity="0" sequenceCoverage="0" branchCoverage="0" crapScore="0" isConstructor="false" isStatic="false" isGetter="false" isSetter="true">
              <MetadataToken>100663348</MetadataToken>
              <Name>System.Void BancoTabajara.Domain.Features.Clientes.Cliente::set_DataNascimento(System.DateTime)</Name>
              <FileRef uid="11" />
              <SequencePoints />
              <BranchPoints />
            </Method>
            <Method visited="true" cyclomaticComplexity="5" nPathComplexity="16" sequenceCoverage="100" branchCoverage="100" crapScore="5" isConstructor="false" isStatic="false" isGetter="false" isSetter="false">
              <Summary numSequencePoints="10" visitedSequencePoints="10" numBranchPoints="9" visitedBranchPoints="9" sequenceCoverage="100" branchCoverage="100" maxCyclomaticComplexity="5" minCyclomaticComplexity="5" maxCrapScore="5" minCrapScore="5" visitedClasses="0" numClasses="0" visitedMethods="1" numMethods="1" />
              <MetadataToken>100663349</MetadataToken>
              <Name>System.Void BancoTabajara.Domain.Features.Clientes.Cliente::Validar()</Name>
              <FileRef uid="11" />
              <SequencePoints>
                <SequencePoint vc="5" uspid="77" ordinal="0" offset="0" sl="18" sc="9" el="18" ec="10" bec="0" bev="0" fileid="11" />
                <SequencePoint vc="5" uspid="78" ordinal="1" offset="1" sl="19" sc="13" el="19" ec="44" bec="2" bev="2" fileid="11" />
                <SequencePoint vc="1" uspid="79" ordinal="2" offset="16" sl="20" sc="17" el="20" ec="55" bec="0" bev="0" fileid="11" />
                <SequencePoint vc="4" uspid="80" ordinal="3" offset="22" sl="21" sc="13" el="21" ec="43" bec="2" bev="2" fileid="11" />
                <SequencePoint vc="1" uspid="81" ordinal="4" offset="37" sl="22" sc="17" el="22" ec="57" bec="0" bev="0" fileid="11" />
                <SequencePoint vc="3" uspid="82" ordinal="5" offset="43" sl="23" sc="13" el="23" ec="42" bec="2" bev="2" fileid="11" />
                <SequencePoint vc="1" uspid="83" ordinal="6" offset="58" sl="24" sc="17" el="24" ec="56" bec="0" bev="0" fileid="11" />
                <SequencePoint vc="2" uspid="84" ordinal="7" offset="64" sl="25" sc="13" el="25" ec="48" bec="2" bev="2" fileid="11" />
                <SequencePoint vc="1" uspid="85" ordinal="8" offset="84" sl="26" sc="17" el="26" ec="68" bec="0" bev="0" fileid="11" />
                <SequencePoint vc="1" uspid="86" ordinal="9" offset="90" sl="27" sc="9" el="27" ec="10" bec="0" bev="0" fileid="11" />
              </SequencePoints>
              <BranchPoints>
                <BranchPoint vc="1" uspid="87" ordinal="0" offset="14" sl="19" path="0" offsetend="16" fileid="11" />
                <BranchPoint vc="4" uspid="88" ordinal="1" offset="14" sl="19" path="1" offsetend="22" fileid="11" />
                <BranchPoint vc="1" uspid="89" ordinal="2" offset="35" sl="21" path="0" offsetend="37" fileid="11" />
                <BranchPoint vc="3" uspid="90" ordinal="3" offset="35" sl="21" path="1" offsetend="43" fileid="11" />
                <BranchPoint vc="1" uspid="91" ordinal="4" offset="56" sl="23" path="0" offsetend="58" fileid="11" />
                <BranchPoint vc="2" uspid="92" ordinal="5" offset="56" sl="23" path="1" offsetend="64" fileid="11" />
                <BranchPoint vc="1" uspid="93" ordinal="6" offset="82" sl="25" path="0" offsetend="84" fileid="11" />
                <BranchPoint vc="1" uspid="94" ordinal="7" offset="82" sl="25" path="1" offsetend="90" fileid="11" />
              </BranchPoints>
              <MethodPoint xsi:type="SequencePoint" vc="5" uspid="77" ordinal="0" offset="0" sl="18" sc="9" el="18" ec="10" bec="0" bev="0" fileid="11" />
            </Method>
            <Method visited="false" cyclomaticComplexity="1" nPathComplexity="0" sequenceCoverage="0" branchCoverage="0" crapScore="2" isConstructor="true" isStatic="false" isGetter="false" isSetter="false">
              <Summary numSequencePoints="0" visitedSequencePoints="0" numBranchPoints="0" visitedBranchPoints="0" sequenceCoverage="0" branchCoverage="0" maxCyclomaticComplexity="1" minCyclomaticComplexity="1" maxCrapScore="2" minCrapScore="2" visitedClasses="0" numClasses="0" visitedMethods="0" numMethods="0" />
              <MetadataToken>100663350</MetadataToken>
              <Name>System.Void BancoTabajara.Domain.Features.Clientes.Cliente::.ctor()</Name>
              <SequencePoints />
              <BranchPoints />
              <MethodPoint vc="0" uspid="95" ordinal="0" offset="0" />
            </Method>
          </Methods>
        </Class>
      </Classes>
    </Module>
    <Module hash="CD-46-C5-3E-C2-1D-34-01-A5-46-05-A6-9F-8C-B3-F3-71-5D-53-5B">
      <Summary numSequencePoints="0" visitedSequencePoints="0" numBranchPoints="0" visitedBranchPoints="0" sequenceCoverage="0" branchCoverage="0" maxCyclomaticComplexity="0" minCyclomaticComplexity="0" maxCrapScore="0" minCrapScore="0" visitedClasses="0" numClasses="0" visitedMethods="0" numMethods="0" />
      <ModulePath>C:\Users\ndduser\Desktop\Skywalkers\SkyWalkers\ws-banco-tabajara\BancoTabajara\BancoTabajara.Domain.Tests\bin\Debug\BancoTabajara.Infra.dll</ModulePath>
      <ModuleTime>2018-07-24T21:08:48.6109467Z</ModuleTime>
      <ModuleName>BancoTabajara.Infra</ModuleName>
      <Files />
      <Classes />
    </Module>
  </Modules>
</CoverageSession>